Microsoft (R) Macro Assembler  Version 4.00                 7/13/20 11:27:57

GIOSCN - Screen Machine Independent Device Driver Code      Page     1-1
                                                            

                                ; [ This translation created 10-Feb-83 by Versi
				on 4.3 ] 
                                 
 0008                           	.RADIX  8		; To be safe 
                                 
 0000                           CSEG	SEGMENT PUBLIC 'CODESG' 
                                	ASSUME  CS:CSEG 
                                 
                             C  INCLUDE	OEM.INC 
                             C  ; [ This translation created 10-Feb-83 by Versi
				on 4.3 ] 
                             C   
                             C  	SUBTTL  Common file to produce 2-segment 8086 
				GW-CPM BASIC 
                             C   
                             C  	.SALL 
                             C   
 000A                        C  	.RADIX	10 
 = 0000                      C  	OEMRAM=0D 
                             C  ;Pascal program HFILE searches for the followin
				g line - DO NOT MODIFY 
                             C  ;** (VERSION SPECIFIC VALUES) *****************
				******************************* 
 = 0019                      C  	NMLINE=25		;Max screen display text lines 
 = 0001                      C  	NBANKS=1		;Number of graphic planes 
 = 0000                      C  	PALSIZ=0		;Size of OEM color palette 
 = 0000                      C  	DBLCHR=0		;Editor support for KANJI chars 
 = 0000                      C  	KANABS=0		;Kana BASIC (Japanese JIS codes) 
 = 0000                      C  	KANJFN=0		;KANJI String Functions KPOS, KLEN .
				. 
 = 0000                      C  	JISKTN=0		;&K, &J constants (KANJI) 
 = 0001                      C  	SUPRSH=1		;1=super shift key feature 
 = 000A                      C  	NMKEYF=10		;number of function keys 
 = 000E                      C  	NMKEYT=14		;number of function key traps 
 = 0001                      C  	FKEYON=1		;yes=display function keys 
 = 0001                      C  	SCROLT=1		;Line 25 allocated for status only 
 = 0001                      C  	PLAYSW=1		;for PLAY statement 
 = 0001                      C  	BEEPSW=1		;for SOUND, BEEP statements 
 = 0003                      C  	NMLPT=3			;number of line printers 
 = 0001                      C  	CONSSW=1		;Device CONS: 
 = 0002                      C  	NMCOMT=2		;number of COMmunications ports 
 = 0001                      C  	NMPENT=1		;number of light pens 
 = 0004                      C  	NMSTRT=4		;number of joysticks 
 = 0000                      C  	GWCASS=0		;Cassette switch (CSAVE,CLOAD,MOTOR)
				 
 = 0001                      C  	IBMLIK=1		;IBM compatibility package 
 = 0001                      C  	IBMTOK=1		;IBM token compatibility 
 = 0001                      C  	DYNCOM=1		;Dynamic communication buffers 
                             C  ;** (END OF VERSION SPECIFIC VALUES) **********
				******************************* 
                             C  ;Pascal program HFILE searches for the previous
				 line - DO NOT MODIFY 
                             C  ; 
 = 0015                      C  	NUMTRP=NMKEYT+NMCOMT+NMPENT+NMSTRT 
Microsoft (R) Macro Assembler  Version 4.00                 7/13/20 11:27:57

GIOSCN - Screen Machine Independent Device Driver Code      Page     1-2
Common file to produce 2-segment 8086 GW-CPM BASIC          

 = 0001                      C  	GW=1			;GW BASIC 
 = 0000                      C  	ESCCTL=0		;Escape Sequence processing in SCROU
				T 
 = 0000                      C  	GWDBUG=0		;DEBUG statement (TEST VERSIONS ONLY
				) 
                             C  				; Support is in BINTRP.MAC and GWSTS.MAC 
 = 0000                      C  	SIXDIG=0		;# of digits of accuracy assumed whe
				n formatting 
                             C  				;single precision numbers for output. 
                             C  				; 0 := 7 digits 
                             C  				; 1 := 6 digits 
 = 0000                      C  	CASSW=0			;CASSETTE SWITCH 
 = 0001                      C  	LABKEY=1		;^T (LABEL) key capability 
 = 0001                      C  	HGHBIT=1		;8-bit characters (ASCII & Graphics)
				 
 = 0001                      C  	QUEUE=1			;Queued painting algorithm (vs. stac
				k) 
 = 0001                      C  	GIO86=1			;BASIC-86 Generalized I/O 
 = 0001                      C  	SCRNIO=1		;Screen editor 
 = 0001                      C  	SCRN86=1		;8086 Screen editor 
 = 0001                      C  	I8086=1			;CROSS ASSEMBLING FOR 8086 
 = 0001                      C  	MULSEG=1		;MULTI-SEGMENT 8086 BASIC 
 = 0000                      C  	SMALL=0			;"SMALL" VERSION OF 8086 BASIC IF SE
				T 
 = 0001                      C  	TRUROM=1 
 = 0000                      C  	SBC86=0			;SBC 86/02 BOARD? 
 = 0001                      C  	SHORTJ=1		;USE INTRA-SEGMENT SHORT JUMPS 
                             C  				;IN 8086 CODE 
 = 0001                      C  	LNGVAR=1		;LONG VARIABLE NAME SUPPORT (EXTENDE
				D ONLY) 
 = 0000                      C  	SHTERR=0		;SHORT (2 CHAR) ERROR MESSAGES 
 = 0000                      C  	SHTINS=0		;INSTR IN NON-FAST LEN2 VERSIONS 
 = 0000                      C  	SHTLHM=0		;LEFT HAND SIDE MID IN NON FAST LEN2
				 VERSIONS 
 = 0000                      C  	SHTCHN=0		;ALLOW CHAIN IN NON-5.0 
 = 0000                      C  	SHTPRO=0		;ALLOW PROTECTED FILES IN NON-FIVDSK
				 
 = 0000                      C  	SHTLIN=0		;ALLOW LINE INPUT IN NON-EXTENDED NO
				N-FAST 
 = 0000                      C  	SHTREN=0		;ALLOW RENUM IN NON-FST VERSIONS 
 = 0001                      C  	INKEYF=1		;ADDS INKEY$ FUNCTION 
 = 0000                      C  	NOIOS=0			;NO I/O STATMENTS (INP,OUT, WAIT) 
 = 0000                      C  	NOPEKS=0		;NO PEEK, POKE 
 = 0000                      C  	NOUSR=0			;NO USR 
 = 0000                      C  	NOCTLA=0		;NO CONTROL-A IN EXTENDED 
 = 0000                      C  	NORUBT=0		;NO RUBOUT 
 = 0000                      C  	NOROMP=0		;NO ROM PROGRAM FEATURE 
 = 0000                      C  	NOATDL=0		;NO AUTO DELETE IN NON-FAST EXTENDED
				 
 = 0000                      C  	NODOT=0			;NO DOT IN LEN2 
 = 0000                      C  	NOEDIT=0		;NO EDIT COMMAND 
 = 0000                      C  	CRONLY=0		;ONLY PUT OUT CR, NOT CRLF TO TERMIN
				AL 
                             C  				;AND FILES 
Microsoft (R) Macro Assembler  Version 4.00                 7/13/20 11:27:57

GIOSCN - Screen Machine Independent Device Driver Code      Page     1-3
Common file to produce 2-segment 8086 GW-CPM BASIC          

 = 0000                      C  	NONULL=0		;NO NULL COMMAND, PUT OUT NULLS IN C
				RDO & OUTCH1 
 = 0000                      C  	NOVARP=0		;NO VARPTR FUNCTION 
 = 0001                      C  	FIVEO=1			;GENERATE VERSION WITH RELEASE 5.0 F
				EATURES 
 = 0001                      C  	FIVMEM=1 
 = 0001                      C  	ANSI=1 
 = 0001                      C  	FIVDSK=1		;5.0 NEW DSK CODE 
 = 0001                      C  	FIVLPT=1		;WIDTH LPRINT AND 255 FEATURE 
 = 0001                      C  	HEXOCT=1		;&H..., HEX$, &O..., OCT$ 
 = 0000                      C  	BINCSW=0		;&B..., BIN$ 
 = 0001                      C  	BLODSW=1		;BLOAD, BSAVE COMMANDS 
 = 0001                      C  	MEMIMG=1		;MEMORY IMAGE FILES 
 = 0001                      C  	GENBIN=1 
                             C   
 = 0000                      C  	TRUANS=0		;TRUE ANSI VERSION (STATIC SCAN, ON 
				ERROR) 
 = 0000                      C  	COMMNT=0		;DONT WANT BIG COMMENT 
 = 0000                      C  	INTEL=0			;INTEL PROPRIETARY 
 = 0000                      C  	INTFSW=0		;INTEL FLOATING POINT 
 = 0000                      C  	INTFHW=0 
 = 0000                      C  	RMX=0			;INTEL RMX VERSION 
 = 0000                      C  	EDIT80=0		;FOR EDIT80 I/O ROUTINES 
 = 0000                      C  	RSHACK=0 
 = 0000                      C  	INTLEC=0 
 = 0002                      C  	LENGTH=2		;  1 MEANS 8K, 2 MEANS 12K 
 = 0000                      C  	BASDEB=0		;WHETHER DBG WILL BE LOADED WITH BAS
				IC 
 = 0001                      C  	RSTLES=1		;WHETHER BASIC WILL USE RST LOCATION
				S 
                             C  				;TO MAKE ITSELF SMALLER & QUICKER 
 = 0001                      C  	REALIO=1		;WHETHER SIMULATE (=0) OR ON MACHINE
				 (=1) 
 = 0001                      C  	GENIO=1			;USE G/P ROUTINES 
 = 0001                      C  	CHSEAT=1		;CHSNS eats chars 
 = 0000                      C  	GENDSK=0		;USE G/P DSK CODE 
 = 0000                      C  	LONGI=0			;WHETHER WE ASK "TERMINAL WIDTH?" 
                             C  				;AND WANT SIN-TAN-COS-ATN? 
 = 0000                      C  	INSTSW=0		;FOR INSTR INSTRUCTION 
 = 0001                      C  	SWAPSW=1		;FOR SWAP STATEMENT 
 = 0000                      C  	MDS=0			;FOR INTEL MDS SYSTEMS 
 = 0000                      C  	SBC=0			;FOR INTEL SINGLE BOARD COMPUTER 
                             C  				;1=SBC 80/10, 2=SBC 80/20 
 = 0001                      C  	PURE=1			;ON FOR PURE CODE 
 = 0000                      C  	KILLER=0		;FOR ROM VERSION THAT WONT RUN IN RA
				M 
 = 0000                      C  	INTROM=0 
 = 0001                      C  	LPTSW=1 
 = 0001                      C  	NCRLPT=1 
 = 0000                      C  	NCRCAS=0 
 = 0000                      C  	ISC=0			;FOR ISC VERSION 
 = 0000                      C  	LPT3=0			;THREE LPT DRIVER VERSION(QUME,OKIA,C
				ENT) 
 = 0000                      C  	TSLPT=0 
Microsoft (R) Macro Assembler  Version 4.00                 7/13/20 11:27:57

GIOSCN - Screen Machine Independent Device Driver Code      Page     1-4
Common file to produce 2-segment 8086 GW-CPM BASIC          

                             C   
 = 0000                      C  	DOS=0			;ON TO GEN ROUTINES FOR DOS 
 = 0001                      C  	DISK=1			;FILE I/O FEATURES 
 = 0000                      C  	TIMSHR=0		;NO TIME-SHARING DISK 
 = 0000                      C  	TSDISK=0		;NO TIME-SHARING DISK FOR US 
 = 0000                      C  	SPCDSK=0		;MAY HAVE MM'S DISK CODE 
 = 0000                      C  	SPCNDS=0 
 = 0001                      C  	FAST=1			;CONSTANT COMPRESSION, RENUM & FRIEND
				S 
 = 0000                      C  	KEYSTA=0 
 = 0000                      C  	ISIS=0			;FOR VERSION TO RUN UNDER INTEL'S ISI
				S II DOS 
 = 0000                      C  	MDSISS=0		;FOR MDS VERSION THAT RUNS UNDER ISI
				S-II 
 = 0001                      C  	CPM=1			;FOR CPM compatible operating systems 
 = 0001                      C  	CPM2=1			;VERSION 2. CPM 
 = 0000                      C  	CPM86=0			;FOR CP/M-86 operating system 
 = 0001                      C  	SCP=1			;MS-DOS operating system 
 = 0000                      C  	CPMCON=0 
 = 0000                      C  	CPMSER=0		;CHECK CPM SERIAL #'S 
 = 0000                      C  	CPMADD=0		;FOR VERSION TO RUN ON ADDS CPM 
 = 0000                      C  	CPMA75=0		;FOR VERSION TO RUN ON ADDS SYSTEM 7
				5 
                             C  				;CP/M 
 = 0000                      C  	CPMRSH=0		;FOR RADIO SHACK CPM/M 
 = 0000                      C  	CPM110=0		;FOR CP/M @1100 HEX (INTERALIA) 
 = 0000                      C  	CPMSBC=0		;FOR VERSION TO RUN ON SBC CP/M AT 4
				100H 
 = 0000                      C  	CPMPER=0		;FOR PERTEC VERSION OF CPM 
 = 0000                      C  	CPMLIF=0		;LIFEBOAT CP/M AT 4200H 
 = 0000                      C  	CPMMDS=0		;MOHAWK DATA SYSTEMS CP/M 
 = 0000                      C  	CPMCON=0 
 = 0000                      C  	Z80=0 
 = 0001                      C  	DISK=1 
 = 0001                      C  	NCRLPT=1 
 = 0001                      C  	RSTLES=1 
 = 0000                      C  	DRVPOS=CPMADD 
 = 0000                      C  	TRNCHR=CPMADD 
 = 0000                      C  	INLADD=CPMADD 
 = 0001                      C  	LISTEN=1		;ON MEANS LISTEN FOR ^C 
 = 0001                      C  	LISTEN=1 
 = 0000                      C  	LEN2=0 
 = 0001                      C  	LEN2=1 
 = 0001                      C  	HEXOCT=1 
 = 0002                      C  	LENGTH=2 
 = 0001                      C  	RSTLES=1 
 = 0001                      C  	FIVLPT=1 
 = 0000                      C  	I8251=0			;THIS SWITCH IS USED FOR ROSEMOUNT V
				ERSION 
 = 0001                      C  	CONTRO=1		;ALLOW ^O 
 = 0001                      C  	LEN3=LEN2 OR CASSW 
                             C   
                             C   
                             C   
Microsoft (R) Macro Assembler  Version 4.00                 7/13/20 11:27:57

GIOSCN - Screen Machine Independent Device Driver Code      Page     1-5
Common file to produce 2-segment 8086 GW-CPM BASIC          

 = 0001                      C  	STRING=1 
 = 0001                      C  	NCRLPT=1 
                             C   
                             C  ; *** OEM Switches which need to be defaulted t
				o 0 
                             C  ; 
 = 0000                      C  	CMPUTN=0 
 = 0000                      C  	DUPONT=0 
 = 0000                      C  	EXIDY=0 
 = 0000                      C  	GESBC=0 
 = 0000                      C  	HEATH=0 
 = 0000                      C  	LOKHED=0 
 = 0000                      C  	MOSTEK=0 
 = 0000                      C  	TEK=0 
 = 0000                      C  	TRSER2=0 
 = 0000                      C  	NASCOM=0 
 = 0000                      C  	NATROM=0 
 = 0000                      C  	NCRBAS=0 
 = 0000                      C  	NCRDEB=0 
 = 0000                      C  	NCRDEB=0 
 = 0000                      C  	NCRELS=0 
 = 0000                      C  	ONTEL=0 
 = 0000                      C  	PCS=0 
 = 0000                      C  	SGSATS=0 
 = 0000                      C  	ALTAIR=0 
 = 0000                      C  	DMC=0 
 = 0000                      C  	PANBAS=0 
 = 0000                      C  	XTNSYS=0 
 = 0000                      C  	NECBAS=0 
                             C  ;**********************************************
				********************* 
                             C  ; Z80 related macros 
                             C  ;**********************************************
				********************* 
 = 0001                      C  	Z80=1			;FOR VERSION THAT RUNS ON BOTH 
                             C  				;8080'S AND ZILOG Z-80'S 
 = 0001                      C  	Z80MAC=1		;USE 8080 MACROS INSTEAD OF Z80 INST
				RUCTIONS 
 = 0000                      C  	Z80=0 
 = 0001                      C  	Z80=1 
                             C  LDIR	MACRO 
                             C  	MOV	WORD PTR A,WORD PTR M 
                             C  	STAX	D 
                             C  	INXF	H 
                             C  	INXF	D 
                             C  	DCXF	B 
                             C  	MOV	WORD PTR A,WORD PTR B 
                             C  	ORA	C 
                             C  	JNZ	_-8D 
                             C  ENDM 
                             C  LDDR	MACRO 
                             C  	MOV	WORD PTR A,WORD PTR M 
                             C  	STAX	D 
                             C  	DCXF	H 
Microsoft (R) Macro Assembler  Version 4.00                 7/13/20 11:27:57

GIOSCN - Screen Machine Independent Device Driver Code      Page     1-6
Common file to produce 2-segment 8086 GW-CPM BASIC          

                             C  	DCXF	D 
                             C  	DCXF	B 
                             C  	MOV	WORD PTR A,WORD PTR B 
                             C  	ORA	C 
                             C  	JNZ	_-8D 
                             C  ENDM 
                             C  DJNZ	MACRO	    DEST 
                             C  	DCR	B 
                             C  	JNZ	DEST 
                             C  ENDM 
                             C  ;**********************************************
				********************* 
                             C  ; Define reset routines. 
                             C  ;**********************************************
				********************* 
                             C  FSIGN	MACRO 
                             C  	CALL	SIGN 
                             C  ENDM 
                             C  PUSHM	MACRO 
                             C  	MOV	WORD PTR C,WORD PTR M 
                             C  	INX	H 
                             C  	MOV	WORD PTR B,WORD PTR M 
                             C  	INX	H 
                             C  	PUSH	WORD PTR B 
                             C  ENDM 
                             C  SYNCHK	MACRO	X 
                             C  	CALL	SYNCHR 
                             C  	DB	OFFSET X 
                             C  ENDM 
                             C  OUTCHR	MACRO 
                             C  	CALL	OUTDO 
                             C  ENDM 
                             C  CHRGET	MACRO 
                             C  	CALL	CHRGTR 
                             C  ENDM 
                             C  COMPAR	MACRO 
                             C  	CALL	DCOMPR 
                             C  ENDM 
                             C  GETYPE	MACRO 
                             C  	CALL	GETYPR 
                             C  ENDM 
                             C  COMPAR	MACRO 
                             C  	DB	73O 
                             C  	DB	332O 
                             C   ENDM 
                             C  ACRLF	MACRO 
                             C  	DB	13D 
                             C  	DB	10D 
                             C  ENDM 
                             C  PUSHR	MACRO 
                             C  	PUSH	WORD PTR D 
                             C  	PUSH	WORD PTR B 
                             C  ENDM 
                             C  POPR	MACRO 
Microsoft (R) Macro Assembler  Version 4.00                 7/13/20 11:27:57

GIOSCN - Screen Machine Independent Device Driver Code      Page     1-7
Common file to produce 2-segment 8086 GW-CPM BASIC          

                             C  	POP	WORD PTR B 
                             C  	POP	WORD PTR D 
                             C  ENDM 
                             C  MOVRI	MACRO	B,C,D,E 
                             C  	DB	1O		; "LXI  B" 
                             C  	DB	OFFSET C 
                             C  	DB	OFFSET B 
                             C  	DB	21O		; "LXI  D" 
                             C  	DB	OFFSET E 
                             C  	DB	OFFSET D 
                             C  ENDM 
                             C  INST	MACRO	X 
                             C  	DB	OX 
                             C  ENDM 
                             C   
                             C   
 = 000F                      C  	CONTO=15		;CHARACTER TO SUPRESS OUTPUT (USUALL
				Y CONTROL-O) 
 = 0000                      C  	DBLTRN=0		;FOR DOUBLE PRECISION TRANSCENDENTAL
				S 
                             C   
 = 000E                      C  	CLMWID=14D		;MAKE COMMA COLUMNS FOURTEEN CHARA
				CTERS 
 = 0080                      C  	DATPSC=128D		;NUMBER OF DATA BYTES IN DISK SEC
				TOR 
 = 0050                      C  	LINLN=80D		;TERMINAL LINE LENGTH 
 = 0084                      C  	LPTLEN=132D 
 = 00FF                      C  	BUFLEN=255		;LONG LINES 
 = 0028                      C  	NAMLEN=40D		;MAXIMUM LENGTH NAME -- 3 TO 127 
                             C   
 = 006E                      C  	NUMLEV=110D		;NUMBER OF STACK LEVELS RESERVED 
                             C  				;BY AN EXPLICIT CALL TO GETSTK 
 = 0004                      C  	STRSIZ=4 
 = 0003                      C  	STRSIZ=3 
 = 0003                      C  	NUMTMP=3		;NUMBER OF STRING TEMPORARIES 
 = 000A                      C  	NUMTMP=10 
                             C   
 0008                        C  	.RADIX	8 
                             C  ; 
                             C  ; Useful macros 
                             C  ; 
                             C   
                             C  ACRLF   MACRO 
                             C          DB      13D 
                             C          DB      10D 
                             C  ENDM 
                             C   
                             C  INS86   MACRO   A,B,C,D 
                             C          DB      A&O 
                             C  IFNB    <B> 
                             C          DB      B&O 
                             C  ENDIF 
                             C  IFNB    <D> 
                             C          DB      C&O 
Microsoft (R) Macro Assembler  Version 4.00                 7/13/20 11:27:57

GIOSCN - Screen Machine Independent Device Driver Code      Page     1-8
Common file to produce 2-segment 8086 GW-CPM BASIC          

                             C          DB      D&O 
                             C  ENDIF 
                             C  IFB     <D> 
                             C   IFNB   <C> 
                             C          DW      C 
                             C    ENDIF 
                             C   ENDIF 
                             C  ENDM 
                             C   
                             C  CALLOS  MACRO 
                             C          CALL    CPMENT 
                             C  ENDM 
                             C   
                             C  POPR    MACRO 
                             C          POP     CX 
                             C          POP     DX 
                             C  ENDM 
                             C   
                             C  ADR     MACRO   X 
                             C          DW      X 
                             C  ENDM 
                             C   
                             C  DC      MACRO   ARG 
                             C          IRPC    ZZ,<ARG> 
                             C              IFDIF       <ZZ>,<">
                             C                  DB      "&ZZ&" 
                             C                  _A="&ZZ&" 
                             C              ENDIF 
                             C          ENDM 
                             C  ENDM 
                             C  ; 
Microsoft (R) Macro Assembler  Version 4.00                 7/13/20 11:27:57

GIOSCN - Screen Machine Independent Device Driver Code      Page     1-9
Common file to produce 2-segment 8086 GW-CPM BASIC          

                             C          PAGE 
                             C   
                                 
                                 
                                	TITLE   GIOSCN - Screen Machine Independent De
				vice Driver Code 
                                 
                                COMMENT	* 
                                 
                                --------- --- ---- -- --------- 
                                COPYRIGHT (C) 1982 BY MICROSOFT 
                                --------- --- ---- -- --------- 
                                 
                                	* 
                             C  	INCLUDE	GIO86U.INC 
                             C  ; [ This translation created 12-Jan-83 by Versi
				on 4.3 ] 
                             C   
                             C  	SUBTTL GIO86U - Device Independent I/O Constan
				ts and Macros 
                             C   
                             C  COMMENT	* 
                             C   
                             C  --------- --- ---- -- --------- 
                             C  COPYRIGHT (C) 1982 BY MICROSOFT 
                             C  --------- --- ---- -- --------- 
                             C   
                             C          Programmer: Tom Corbett,  Microsoft Inc
				. 
                             C   
                             C          * 
                             C   
                             C  ROFFST	MACRO	NAME,SIZE	;define record macro 
                             C  	NAME=_OFFST 
                             C  	_OFFST=_OFFST+SIZE 
                             C  ENDM  
                             C   
                             C   
                             C  ;ASCII character definitions 
                             C  ; 
 = 0003                      C  	ASCCTC=3D		;CTL-C 
 = 0008                      C  	ASCBS=8D		;backspace 
 = 0009                      C  	ASCTAB=9D		;Tab 
 = 000A                      C  	ASCLF=10D		;Line Feed 
 = 000D                      C  	ASCCR=13D		;Carriage Return 
 = 0013                      C  	ASCCTS=19D		;CTL-S 
 = 001A                      C  	ASCCTZ=26D		;Control Z (End-of-file for some d
				evices) 
 = 001B                      C  	ASCESC=27D		;Escape 
 = 0020                      C  	ASCSPC=32D		;Space 
                             C   
                             C  ;Special File ID's (identified by 1st byte of f
				ile) 
                             C  ; 
Microsoft (R) Macro Assembler  Version 4.00                 7/13/20 11:27:57

GIOSCN - Screen Machine Independent Device Driver Code      Page     1-10
GIO86U - Device Independent I/O Constants and Macros        

 = 00FF                      C  	BINFID=255D		;files created by SAVE "fn" 
 = 00FE                      C  	PROFID=254D		;files created by SAVE "fn",P 
 = 00FD                      C  	BSVFID=253D		;files created by BSAVE "fn" 
                             C   
                             C  ;Generalized I/O Function Codes: 
                             C  ; 
 = 0000                      C  	_OFFST=0		;initialize count 
                             C  	ROFFST	G_EOF,2		;test EOF for file opened to t
				his device 
                             C  	ROFFST	G_LOC,2		;LOC 
                             C  	ROFFST	G_LOF,2		;LOF 
                             C  	ROFFST	G_CLS,2		;perform special CLOSE functio
				ns for this device 
                             C  	ROFFST	G_SWD,2		;set device width 
                             C  	ROFFST	G_RND,2		;GET/PUT random record from/to
				 this device 
                             C  	ROFFST	G_OPN,2		;perform special OPEN function
				s for this device 
                             C  	ROFFST	G_SIN,2		;input 1 byte from file opened
				 on this device 
                             C  	ROFFST	G_SOT,2		;output 1 byte to file opened 
				on this device 
                             C  	ROFFST	G_GPS,2		;POS 
                             C  	ROFFST	G_GWD,2		;get device width 
                             C  	ROFFST	G_SCW,2		;set device column width 
                             C  	ROFFST	G_GCW,2		;get device column width 
                             C  	ROFFST	G_BIN,2		;block input from file opened 
				on this device 
                             C  	ROFFST	G_BOT,2		;block output to file opened o
				n this device 
                             C   
                             C   
Microsoft (R) Macro Assembler  Version 4.00                 7/13/20 11:27:57

GIOSCN - Screen Machine Independent Device Driver Code      Page     1-11
GIO86U - Device Independent I/O Constants and Macros        

                             C          PAGE 
                                 
                                	.SALL 
                                 
 = 0000                         CPM86=0				;CPM86 Operating System 
 = 0001                         IBMCSR=IBMLIK			;IBM compatibile cursor control
				 interface 
                                 
                                ;Definition of scroll types 
                                ; Choice of scroll type is by switch SCROLT. 
                                ; Switches defined here are used to implement a
				 specific SCROLT type. 
                                ; If other scroll types are needed then additio
				nal SCROLT types should be 
                                ;   defined here. 
 = 0001                         	INVLIN=SCROLT		;Invisible (function key) Line 
 = 0000                         	FKFSRL=(SCROLT-1) AND 1	;Clear fkeys/full scro
				ll/rewrite fkeys 
                                 
                             C  	INCLUDE	MSDOSU.INC	;Operating System Constants
				 
                             C  ; [ This translation created 12-Jan-83 by Versi
				on 4.3 ] 
                             C   
                             C  	SUBTTL    MSDOSU - MS-DOS Constants and Data-S
				tructure Definitions 
                             C   
                             C  COMMENT	* 
                             C   
                             C  --------- --- ---- -- --------- 
                             C  COPYRIGHT (C) 1982 BY MICROSOFT 
                             C  --------- --- ---- -- --------- 
                             C   
                             C  	Programmer: Tom Corbett,  Microsoft Inc. 
                             C   
                             C  	* 
                             C   
                             C  CALLOS	MACRO	FUNC 
                             C  IFNB	<FUNC>   
                             C  	MOV	AH,LOW OFFSET FUNC 
                             C  ENDIF  
                             C  	INT	33D		;MSDOS system call 
                             C  ENDM  
                             C   
                             C  ROFFST	MACRO	NAME,SIZE	;define record macro 
                             C  	NAME=_OFFST 
                             C  	_OFFST=_OFFST+SIZE 
                             C  ENDM  
                             C   
                             C   
                             C  ; MSDOS System Call codes 
                             C  ; 
 = 0005                      C  	C_PRTO=5D		;Printer output 
 = 0006                      C  	C_DCIO=6D		;Direct console I/O 
Microsoft (R) Macro Assembler  Version 4.00                 7/13/20 11:27:57

GIOSCN - Screen Machine Independent Device Driver Code      Page     1-12
MSDOSU - MS-DOS Constants and Data-Structure Definitions    

 = 000D                      C  	C_REST=13D		;INITIALIZE BDOS 
 = 000E                      C  	C_SDRV=14D		;SET CURRENTLY SELECTED DRIVE 
 = 000F                      C  	C_OPEN=15D 
 = 0010                      C  	C_CLOS=16D 
 = 0011                      C  	C_SEAR=17D		;SEARCH FOR FILE 
 = 0013                      C  	C_DELE=19D 
 = 0014                      C  	C_READ=20D 
 = 0016                      C  	C_MAKE=22D 
 = 0017                      C  	C_RENA=23D 
 = 0019                      C  	C_GDRV=25D		;GET CURRENTLY SELECTED DRIVE 
 = 001A                      C  	C_BUFF=26D		;SET DMA ADDRESS 
 = 0021                      C  	C_RNDR=33D		;Random read 
 = 0022                      C  	C_RNDW=34D		;Random write 
 = 0027                      C  	C_RBR=39D		;Random Block Read 
 = 0029                      C  	C_PARS=41D		;Parse Filename 
                             C   
 = 000B                      C  	FNAML=11D		;number of bytes in Filename with e
				xtension 
 = 0080                      C  	DATPSC=128D		;bytes per sector 
 = 0026                      C  	FCBSIZ=38D		;File Control Block size 
                             C   
                             C  ;MS-DOS FILE-DATA-BLOCK Record Definition 
                             C  ; 
 = 0000                      C  	_OFFST=0		;initialize count 
                             C  	ROFFST	F_NUL1,1	;not used by basic interpreter
				 
                             C  	ROFFST	F_NUM,1		;file number 0..255 
                             C  	ROFFST	F_NUL2,2	;not used by basic interpreter
				 
                             C  	ROFFST	F_NEXT,2	;thread for linked list, [MEMS
				IZ]=end 
                             C  	ROFFST	F_MODE,1	;file mode: 
 = 0001                      C  	MD_SQI=1D		;sequential input 
 = 0002                      C  	MD_SQO=2D		;sequential output 
 = 0004                      C  	MD_RND=4D		;random 
 = 0008                      C  	MD_APP=8D		;append 
                             C  	ROFFST	F_FCB,FCBSIZ	;File Control Block: used 
				to communicate with OS 
                             C  	ROFFST	F_CLOC,2	;for seq files: num sectors re
				ad/written   (LOCOFS) 
                             C  				;for rnd files: last record number + 1 
                             C  	ROFFST	F_ORCT,1	;"Original Byte Count"        
				             (ORNOFS) 
                             C  				;for seq input: #bytes in sector when read 
                             C  				;for seq output: #bytes in output sector 
                             C  				;for random files: bytes per sector 
                             C  	ROFFST	F_BREM,1	;number of bytes till end-of-b
				uffer        (NMLOFS) 
                             C  	ROFFST	F_CODE,1	;file encoding: 
 = 0000                      C  	FC_ASC=0		;Ascii SAVE, Data files 
 = 0001                      C  	FC_BIN=1		;binary file (BSAVE, binary SAVE) 
                             C  	ROFFST	F_BAKC,1	;holds next sequential input w
				hen F.FLBS.FL.BKC is true 
                             C  	ROFFST	F_NUL3,1	;not used by basic interpreter
Microsoft (R) Macro Assembler  Version 4.00                 7/13/20 11:27:57

GIOSCN - Screen Machine Independent Device Driver Code      Page     1-13
MSDOSU - MS-DOS Constants and Data-Structure Definitions    

				 
                             C  	ROFFST	F_DEV,1		;Device number                
				             (FL.DSK) 
                             C  	ROFFST	F_WID,1		;File width 
                             C  	ROFFST	F_NUL4,1	;not used by basic interpreter
				 
                             C  	ROFFST	F_FLGS,1	;flags 
 = 0080                      C  	FL_BKC=200O		;when true, F.BAKC contains next 
				sequential input 
                             C  	ROFFST	F_POS,1		;Current column position      
				             (FL.OPS) 
                             C  	ROFFST	FDBSIZ,0	;size of device independent pa
				rt of FDB 
                             C  				;device dependant FDB entries start here 
                             C   
                             C  	ROFFST	DATOFS,DATPSC	;Operating System interfa
				ce buffer 
                             C  	ROFFST	FD_SIZ,2	;variable record length for ra
				ndom files 
                             C  	ROFFST	FD_PHY,2	;current physical record numbe
				r 
                             C  	ROFFST	FD_LOG,2	;current logical record number
				 
                             C  	ROFFST	F_NUL5,1	;Future use 
                             C  	ROFFST	FD_OPS,2	;current output position for s
				equential I/O 
                             C  	ROFFST	FD_DAT,0	;field buffer of random file 
                             C   
                             C  ; OFFSETS INTO MSDOS FCB 
                             C  ; 
 = 0007                      C  	FCB_DV=F_FCB+0D		;DRIVE (0=default, 1=A:, 2=B:
				, ...) 
 = 0008                      C  	FCB_FN=F_FCB+1D		;FILE NAME 
 = 0010                      C  	FCB_FT=F_FCB+9D		;EXTENSION 
 = 0013                      C  	FCB_EX=F_FCB+12D	;FILE EXTENT (identifies bloc
				k of 128 logical records) 
 = 0015                      C  	FCB_RC=F_FCB+14D	;RECORD SIZE 
 = 0017                      C  	FCB_FS=F_FCB+16D	;FILE SIZE IN BYTES 
 = 001B                      C  	FCB_DT=F_FCB+20D	;Date of last write to file 
 = 001D                      C  	FCB_DT=F_FCB+22D	;Time of last write to file 
 = 0027                      C  	FCB_NR=F_FCB+32D	;NEXT RECORD NUMBER 
 = 0028                      C  	FCB_RN=F_FCB+33D	;CP/M 2.x Random Record Numbe
				r 
                             C   
Microsoft (R) Macro Assembler  Version 4.00                 7/13/20 11:27:57

GIOSCN - Screen Machine Independent Device Driver Code      Page     1-14
MSDOSU - MS-DOS Constants and Data-Structure Definitions    

                             C          PAGE 
                                 
                                 
                                	PUBLIC	SCNDSP,SCNINI,SCNTRM 
                                	EXTRN	DERBFM:NEAR,INIFDB:NEAR 
                                	EXTRN	DEVBIN:NEAR,DEVBOT:NEAR 
 0000                           DSEG	SEGMENT PUBLIC 'DATASG' 
                                	ASSUME DS:DSEG 
                                	EXTRN	TWOBYT:WORD 
 0000                           DSEG	ENDS 
                                 
                                ;Screen Dispatch Table 
                                ; 
 0000                           SCNDSP: 
 0000  0000 E                   	DW	(DERBFM)	;test EOF for file opened to this 
				device 
 0002  0000 E                   	DW	(DERBFM)	;LOC 
 0004  0000 E                   	DW	(DERBFM)	;LOF 
 0006  002C R                   	DW	(SCNCLS)	;perform special CLOSE functions f
				or this device 
 0008  002D R                   	DW	(SCNSWD)	;set device width 
 000A  0000 E                   	DW	(DERBFM)	;GET/PUT random record from/to thi
				s device 
 000C  0045 R                   	DW	(SCNOPN)	;perform special OPEN functions fo
				r this device 
 000E  0000 E                   	DW	(DERBFM)	;input 1 byte from file opened on 
				this device 
 0010  0065 R                   	DW	(SCNSOT)	;output 1 byte to file opened on t
				his device 
 0012  00F6 R                   	DW	(SCNGPS)	;POS 
 0014  0109 R                   	DW	(SCNGWD)	;get device width 
 0016  0115 R                   	DW	(SCNSCW)	;set device comma width 
 0018  0116 R                   	DW	(SCNGCW)	;get device comma width 
 001A  0000 E                   	DW	(DEVBIN)	;block input from file opened on t
				his device 
 001C  0000 E                   	DW	(DEVBOT)	;block output to file opened on th
				is device 
                                	PUBLIC	SCNSWD,SCNSOT,SCNGPS,SCNGWD,SCNSCW,SCNG
				CW 
Microsoft (R) Macro Assembler  Version 4.00                 7/13/20 11:27:57

GIOSCN - Screen Machine Independent Device Driver Code      Page     1-15
MSDOSU - MS-DOS Constants and Data-Structure Definitions    

                                	PAGE 
                                	SUBTTL CRT Primitive I/O Routines 
                                 
                                ;SCNINI is called to initialize Screen when BAS
				IC comes up 
                                ; 
 0000                           DSEG	SEGMENT PUBLIC 'DATASG' 
                                	EXTRN	WDTFLG:WORD 
 0000                           DSEG	ENDS 
 001E                           SCNINI: 
 001E  A0 0000 E                	MOV	AL,BYTE PTR LINLEN	; Get CRT logical line 
				length 
 0021  A2 0000 E                	MOV	BYTE PTR WDTFLG,AL	; Default width of devi
				ce SCRN: 
 0024  C3                       	RET 
                                 
                                ;SCNTRM is called to Clean-up Screen when BASIC
				 terminates 
                                ; 
                                	EXTRN	TKEYOF:NEAR 
 0025  E8 0000 E                SCNTRM:	CALL	TKEYOF		;Turn off KEY display 
                                	EXTRN	SCNPOS:NEAR 
 0028  E8 0000 E                	CALL	SCNPOS		;[DX]=current cursor location 
 002B  C3                       	RET 
                                 
                                ;SCNCLS - perform any device dependent close fu
				nctions. 
                                ; Entry - SI points to File-Data-Block. 
                                ; Exit  - All registers preserved. 
                                ;         This routine is called before BASIC r
				eleases the 
                                ;         file-data-block associated with this 
				file. 
                                ; 
 002C  C3                       SCNCLS:	RET 
                                 
                                ;SCNSWD - set device width 
                                ; Entry - [DX] = new device width 
                                ; Exit  - All registers preserved 
                                ; 
 002D                           SCNSWD: 
                                	EXTRN	SWIDTH:NEAR 
 0000                           DSEG	SEGMENT PUBLIC 'DATASG' 
                                	EXTRN	LINCNT:WORD,WDTFLG:WORD 
 0000                           DSEG	ENDS 
 002D  88 16 0000 E             	MOV	BYTE PTR WDTFLG,DL	;Set/Reset infinite len
				gth flag 
 0031  80 FA FF                 	CMP	DL,LOW 255D 
 0034  75 01                    	JNZ	SCNWD1		;BRIF not infinite length 
 0036  C3                       	RET 
 0037  51                       SCNWD1:	PUSH	CX 
 0038  50                       	PUSH	AX 
 0039  8A C2                    	MOV	AL,DL		;pass Width in AL 
 003B  8A 0E 0000 E             	MOV	CL,BYTE PTR LINCNT	;pass Height in CL 
Microsoft (R) Macro Assembler  Version 4.00                 7/13/20 11:27:57

GIOSCN - Screen Machine Independent Device Driver Code      Page     1-16
CRT Primitive I/O Routines                                  

 003F  E8 0000 E                	CALL	SWIDTH		;Let screen editor set width 
 0042  58                       	POP	AX 
 0043  59                       	POP	CX 
 0044  C3                       	RET 
                                 
                                ;SCNOPN - perform any device dependent open fun
				ctions. 
                                ; Entry - [AL]=  device id 
                                ;                0 if default device, 
                                ;                1..n for Disk A:, B:, ... 
                                ;                -1..-n for non-disk devices 
                                ;         [BX] = file number (0..n) 
                                ;         [CX] = random record size if [FILMOD]
				 = random 
                                ;                (if [CX] = 0, use default reco
				rd size) 
                                ;         [DI] = device offset (2=SCND, 4=SCRN,
				 etc.) 
                                ;         [FILMOD] = file mode 
                                ;                    MD.SQI = 1 ;sequential inp
				ut 
                                ;                    MD.SQO = 2 ;sequential out
				put 
                                ;                    MD.RND = 3 ;random 
                                ;                    MD.APP = 4 ;append 
                                ;         [FILNAM] = filename 
                                ;         [FILEXT] = 1..3 byte filename extensi
				on 
                                ; Exit  - [SI] points to new FDB 
                                ;         FDB is linked into FDB chain with all
				 standard 
                                ;         fields initialized. 
                                ;         All other registers are preserved. 
                                ; 
 0045                           SCNOPN: 
 0045  E8 00F6 R                	CALL	SCNGPS		;[AH]=current column position 
 0048  8A F4                    	MOV	DH,AH		;[DH]=current column position 
 004A  B4 02                    	MOV	AH,LOW OFFSET MD_SQO	;allow open for outpu
				t only 
 004C  8A 16 0000 E             	MOV	DL,BYTE PTR WDTFLG	;initial file logical w
				idth 
 0050  E9 0000 E                	JMP	INIFDB 
                                 
                                	PUBLIC	CALTTY,$CATTY 
                                 
                                ;CALTTY IS A SPECIAL ROUTINE TO OUTPUT ERROR ME
				SSAGE TO TTY, REGARDLESS 
                                ;   OF CURRENT FILE I/O. 
                                ; Entry - [AL] = byte to be output 
                                ; Exit  - All registers preserved 
                                ; 
                                	EXTRN	OUTDO:NEAR 
 0000                           DSEG	SEGMENT PUBLIC 'DATASG' 
                                	EXTRN	PTRFIL:WORD 
Microsoft (R) Macro Assembler  Version 4.00                 7/13/20 11:27:57

GIOSCN - Screen Machine Independent Device Driver Code      Page     1-17
CRT Primitive I/O Routines                                  

 0000                           DSEG	ENDS 
 0053                           $CATTY: 
 0053  FF 36 0000 E             CALTTY:	PUSH	WORD PTR PTRFIL 
 0057  C7 06 0000 E 0000        	MOV	WORD PTR PTRFIL,0	;Make sure we go to the 
				"TTY" 
 005D  E8 0000 E                	CALL	OUTDO 
 0060  8F 06 0000 E             	POP	WORD PTR PTRFIL 
 0064  C3                       	RET 
                                 
                                ;SCNSOT - Sequential Output. 
                                ; Entry - SI points to File-Data-Block. 
                                ;         [AL] = byte to be output. 
                                ; Exit  - SI, DI can be changed. 
                                ;         All other registers preserved 
                                ;         This routine expands tabs if appropri
				ate. 
                                ;         It need not force a carriage return w
				hen width 
                                ;         exceeded as this is handled at a lowe
				r level. 
                                ; 
 0065                           SCNSOT: 
                                	EXTRN	SCNOUT:NEAR 
 0065  9C                       	PUSHF 
 0066  50                       	PUSH	AX 
                                 
                                ;If last char SCNSOT was called with was the 1s
				t byte of a 2-byte char, 
                                ; SCNSOT saved it in TWOBYT so they be both out
				put as one 16-bit character. 
                                ; 
 0067  8A 26 0000 E             	MOV	AH,BYTE PTR TWOBYT	;If two byte, put first
				 in [AH] 
 006B  0A E4                    	OR	AH,AH 
 006D  74 07                    	JZ	SCNSO1		;BRIF not second of two bytes 
 006F  C6 06 0000 E 00          	MOV	BYTE PTR TWOBYT,LOW 0	;Clear TWOBYT flag 
 0074  EB 14                    	JMP	SHORT SCNSO3	;Output both bytes at once 
 0076                           SCNSO1: 
 0000                           DSEG	SEGMENT PUBLIC 'DATASG' 
                                	EXTRN	F_EDIT:WORD 
 0000                           DSEG	ENDS 
 0076  F6 06 0000 E FF          	TEST	BYTE PTR F_EDIT,LOW 377O 
 007B  74 04                    	JZ	SCNS1A		;BRIF not in editor, don't collect 
				FF codes 
 007D  3C FF                    	CMP	AL,LOW 255D 
 007F  74 02                    	JZ	SCNS1B		;BRIF is first of two bytes 
 0081                           SCNS1A: 
 0081  EB 05                    	JMP	SHORT SCNSO2	;branch if not 1st of 2-bytes
				 
 0083                           SCNS1B: 
 0083  A2 0000 E                	MOV	BYTE PTR TWOBYT,AL	;save char for next tim
				e 
 0086  EB 05                    	JMP	SHORT SCNSOX	;Set two byte flag and return
				 
Microsoft (R) Macro Assembler  Version 4.00                 7/13/20 11:27:57

GIOSCN - Screen Machine Independent Device Driver Code      Page     1-18
CRT Primitive I/O Routines                                  

 0088                           SCNSO2: 
 0088  32 E4                    	XOR	AH,AH		;clear high-byte (not 2-byte char) 
 008A  E8 0090 R                SCNSO3:	CALL	SCNOL1 
 008D  58                       SCNSOX:	POP	AX 
 008E  9D                       	POPF 
 008F  C3                       	RET 
                                 
                                ;SCNSOT level 1 
                                ; Outputs AX, destroys AX 
                                ; 
 0090                           SCNOL1: 
 0000                           DSEG	SEGMENT PUBLIC 'DATASG' 
                                	EXTRN	LSTCHR:WORD 
 0000                           DSEG	ENDS 
                                ;For IBM Compatibility, the following filter pe
				rforms the following translations 
                                ;    x x x CR x x x    === x x x CR LF x x x 
                                ;    x x x CR LF x x x === x x x CR LF x x x 
                                ; 
                                ;    If (Char = CR) then 
                                ;       output CR : output LF 
                                ;    else if (char <> LF) or (LSTCHR <> CR) the
				n 
                                ;       output char 
                                ;    else 
                                ;       {eat the LF which follows a CR} 
                                ;    LSTCHR = CHR 
                                ; 
 0090  80 3E 0000 E 0D          	CMP	BYTE PTR LSTCHR,LOW OFFSET ASCCR 
 0095  A2 0000 E                	MOV	BYTE PTR LSTCHR,AL	;save this char for com
				parison with next 
 0098  75 04                    	JNE	NTCRLF		;branch if not LF after CR 
 009A  3C 0A                    	CMP	AL,LOW OFFSET ASCLF 
 009C  74 0F                    	JE	RET22		;eat LF if it follows CR 
 009E                           NTCRLF: 
 009E  50                       	PUSH	AX 
 009F  E8 00AE R                	CALL	SCNOL2		;output this char 
 00A2  58                       	POP	AX 
 00A3  3C 0D                    	CMP	AL,LOW OFFSET ASCCR 
 00A5  75 06                    	JNE	RET22		;if not CR, just output char 
 00A7  B8 000A                  	MOV	AX,OFFSET ASCLF	;else map CR to CR LF 
 00AA  E8 00AE R                	CALL	SCNOL2 
 00AD  C3                       RET22:	RET 
                                 
                                ;SCNSOT level 2 
                                ; Output [AX], destroys AX 
                                ; 
 00AE                           SCNOL2: 
 00AE  0B F6                    	OR	SI,SI 
 00B0  74 1F                    	JZ	SCNSO8		;BRIF is not file I/O 
 00B2  3C 0D                    	CMP	AL,LOW OFFSET ASCCR 
 00B4  74 1B                    	JZ	SCNSO8		;BRIF CR, don't do wrap 
 00B6  50                       	PUSH	AX		;save char to be output 
 00B7  A0 0000 E                	MOV	AL,BYTE PTR CSRX 
Microsoft (R) Macro Assembler  Version 4.00                 7/13/20 11:27:57

GIOSCN - Screen Machine Independent Device Driver Code      Page     1-19
CRT Primitive I/O Routines                                  

 00BA  0A E4                    	OR	AH,AH		;see if 2-byte char 
 00BC  74 02                    	JZ	SCNSO4		;BRIF not DBLCHR 
 00BE  FE C0                    	INC	AL		;Need two char posns for DBLCHR 
 00C0                           SCNSO4: 
 00C0  3A 44 35                 	CMP	AL,BYTE PTR F_WID[SI]	;Compare posn with f
				ile width 
 00C3  77 0F                    	JA	SCNSCR		;Beyond max, force CR 
 00C5  3A 06 0000 E             	CMP	AL,BYTE PTR LINLEN 
 00C9  76 05                    	JBE	SCNSO7		;Within line, go ahead and output 
 00CB  FE C8                    	DEC	AL 
 00CD  A2 0000 E                	MOV	BYTE PTR CSRX,AL	;Make sure there's room b
				efore end of line 
 00D0  58                       SCNSO7:	POP	AX		;restore char to be output 
 00D1                           SCNSO8: 
 00D1  E9 0000 E                	JMP	SCNOUT		;Output the char in [AX] and retur
				n 
                                 
                                 
 00D4  3A 06 0000 E             SCNSCR:	CMP	AL,BYTE PTR LINLEN 
 00D8  74 F6                    	JZ	SCNSO7		;BRIF file width .EQ. device width,
				 use wrap code 
 00DA  B8 000D                  	MOV	AX,OFFSET ASCCR 
 00DD  E8 0000 E                	CALL	SCNOUT		;Force new line 
 00E0  B8 000A                  	MOV	AX,OFFSET ASCLF 
 00E3  E8 0000 E                	CALL	SCNOUT 
 00E6  EB E8                    	JMP	SHORT SCNSO7	;Output the character 
                                 
                                 
                                ;POS(X) function 
                                ; 
                                	PUBLIC	POS 
                                	EXTRN	SNGFLT:NEAR 
 0000                           DSEG	SEGMENT PUBLIC 'DATASG' 
                                	EXTRN	LINLEN:WORD 
 0000                           DSEG	ENDS 
 00E8  A0 0000 E                POS:	MOV	AL,BYTE PTR CSRX	;[AL]=current 1 relat
				ive position 
 00EB  3A 06 0000 E             	CMP	AL,BYTE PTR LINLEN 
 00EF  76 02                    	JBE	POS0		;BRIF not beyond end of line 
 00F1  B0 01                    	MOV	AL,LOW 1	;Else next char will go in first 
				column 
 00F3  E9 0000 E                POS0:	JMP	SNGFLT		;return result to user 
                                 
                                ;SCNGPS - return current file position. 
                                ; Entry - SI points to File-Data-Block. 
                                ; Exit  - [AH] = current file column. (0-relati
				ve) 
                                ;         All other registers preserved 
                                ; 
 0000                           DSEG	SEGMENT PUBLIC 'DATASG' 
                                	EXTRN	CSRX:WORD 
 0000                           DSEG	ENDS 
 00F6  8A 26 0000 E             SCNGPS:	MOV	AH,BYTE PTR CSRX 
 00FA  9C                       	PUSHF 
Microsoft (R) Macro Assembler  Version 4.00                 7/13/20 11:27:57

GIOSCN - Screen Machine Independent Device Driver Code      Page     1-20
CRT Primitive I/O Routines                                  

 00FB  3A 26 0000 E             	CMP	AH,BYTE PTR LINLEN 
 00FF  76 04                    	JBE	SCNGP1		;BRIF not beyond edge of screen 
 0101  8A 26 0000 E             	MOV	AH,BYTE PTR LINLEN	;Force posn within scre
				en 
 0105  9D                       SCNGP1:	POPF 
 0106  FE CC                    	DEC	AH		;Make it 0 relative 
 0108  C3                       	RET 
                                 
                                ;SCNGWD - get device width 
                                ; Exit  - [AH] = device width as set by xxxSWD 
                                ;         All other registers preserved 
                                ; 
 0109                           SCNGWD: 
 0000                           DSEG	SEGMENT PUBLIC 'DATASG' 
                                	EXTRN	LINLEN:WORD 
 0000                           DSEG	ENDS 
 0109  8A 26 0000 E             	MOV	AH,BYTE PTR LINLEN 
 010D  0B F6                    	OR	SI,SI 
 010F  74 03                    	JZ	SCNGWX		;BRIF not file I/O, use device widt
				h 
 0111  8A 64 35                 	MOV	AH,BYTE PTR F_WID[SI]	;Is file I/O, use FD
				B width 
 0114  C3                       SCNGWX:	RET 
                                 
                                ;SCNSCW - set device comma width 
                                ; Entry - [BX] = new device comma width 
                                ; Exit  - SI, DI can be changed. 
                                ;         All other registers preserved 
                                ; 
 0115  C3                       SCNSCW:	RET 
                                 
                                ;SCNGCW - get device comma width 
                                ; Exit  - [BX] = device comma width as set by x
				xxSCW 
                                ;         All other registers preserved 
                                ; 
 0116  C3                       SCNGCW:	RET 
                                 
 0117                           CSEG	ENDS 
                                	END 

Microsoft (R) Macro Assembler  Version 4.00                 7/13/20 11:27:57

GIOSCN - Screen Machine Independent Device Driver Code      Symbols-1
                                                             

Macros:

		N a m e			Lines

ACRLF  . . . . . . . . . . . . .  	   2
ADR  . . . . . . . . . . . . . .  	   1
CALLOS . . . . . . . . . . . . .  	   4
CHRGET . . . . . . . . . . . . .  	   1
COMPAR . . . . . . . . . . . . .  	   2
DC . . . . . . . . . . . . . . .  	   6
DJNZ . . . . . . . . . . . . . .  	   2
FSIGN  . . . . . . . . . . . . .  	   1
GETYPE . . . . . . . . . . . . .  	   1
INS86  . . . . . . . . . . . . .  	  13
INST . . . . . . . . . . . . . .  	   1
LDDR . . . . . . . . . . . . . .  	   8
LDIR . . . . . . . . . . . . . .  	   8
MOVRI  . . . . . . . . . . . . .  	   6
OUTCHR . . . . . . . . . . . . .  	   1
POPR . . . . . . . . . . . . . .  	   2
PUSHM  . . . . . . . . . . . . .  	   5
PUSHR  . . . . . . . . . . . . .  	   2
ROFFST . . . . . . . . . . . . .  	   2
SYNCHK . . . . . . . . . . . . .  	   2

Segments and Groups:

                N a m e         	Size	Align	Combine Class

CSEG . . . . . . . . . . . . . .  	0117	PARA	PUBLIC	'CODESG'
DSEG . . . . . . . . . . . . . .  	0000	PARA	PUBLIC	'DATASG'

Symbols:            

                N a m e         	Type	Value	Attr         

ALTAIR . . . . . . . . . . . . .  	Number	0000	
ANSI . . . . . . . . . . . . . .  	Number	0001	
ASCBS  . . . . . . . . . . . . .  	Number	0008	
ASCCR  . . . . . . . . . . . . .  	Number	000D	
ASCCTC . . . . . . . . . . . . .  	Number	0003	
ASCCTS . . . . . . . . . . . . .  	Number	0013	
ASCCTZ . . . . . . . . . . . . .  	Number	001A	
ASCESC . . . . . . . . . . . . .  	Number	001B	
ASCLF  . . . . . . . . . . . . .  	Number	000A	
ASCSPC . . . . . . . . . . . . .  	Number	0020	
ASCTAB . . . . . . . . . . . . .  	Number	0009	

BASDEB . . . . . . . . . . . . .  	Number	0000	
BEEPSW . . . . . . . . . . . . .  	Number	0001	
BINCSW . . . . . . . . . . . . .  	Number	0000	
BINFID . . . . . . . . . . . . .  	Number	00FF	
BLODSW . . . . . . . . . . . . .  	Number	0001	
BSVFID . . . . . . . . . . . . .  	Number	00FD	
Microsoft (R) Macro Assembler  Version 4.00                 7/13/20 11:27:57

GIOSCN - Screen Machine Independent Device Driver Code      Symbols-2
                                                             

BUFLEN . . . . . . . . . . . . .  	Number	00FF	

CALTTY . . . . . . . . . . . . .  	L NEAR	0053	CSEG	Global
CASSW  . . . . . . . . . . . . .  	Number	0000	
CHSEAT . . . . . . . . . . . . .  	Number	0001	
CLMWID . . . . . . . . . . . . .  	Number	000E	
CMPUTN . . . . . . . . . . . . .  	Number	0000	
COMMNT . . . . . . . . . . . . .  	Number	0000	
CONSSW . . . . . . . . . . . . .  	Number	0001	
CONTO  . . . . . . . . . . . . .  	Number	000F	
CONTRO . . . . . . . . . . . . .  	Number	0001	
CPM  . . . . . . . . . . . . . .  	Number	0001	
CPM110 . . . . . . . . . . . . .  	Number	0000	
CPM2 . . . . . . . . . . . . . .  	Number	0001	
CPM86  . . . . . . . . . . . . .  	Number	0000	
CPMA75 . . . . . . . . . . . . .  	Number	0000	
CPMADD . . . . . . . . . . . . .  	Number	0000	
CPMCON . . . . . . . . . . . . .  	Number	0000	
CPMLIF . . . . . . . . . . . . .  	Number	0000	
CPMMDS . . . . . . . . . . . . .  	Number	0000	
CPMPER . . . . . . . . . . . . .  	Number	0000	
CPMRSH . . . . . . . . . . . . .  	Number	0000	
CPMSBC . . . . . . . . . . . . .  	Number	0000	
CPMSER . . . . . . . . . . . . .  	Number	0000	
CRONLY . . . . . . . . . . . . .  	Number	0000	
CSRX . . . . . . . . . . . . . .  	V WORD 	0000	DSEG	External
C_BUFF . . . . . . . . . . . . .  	Number	001A	
C_CLOS . . . . . . . . . . . . .  	Number	0010	
C_DCIO . . . . . . . . . . . . .  	Number	0006	
C_DELE . . . . . . . . . . . . .  	Number	0013	
C_GDRV . . . . . . . . . . . . .  	Number	0019	
C_MAKE . . . . . . . . . . . . .  	Number	0016	
C_OPEN . . . . . . . . . . . . .  	Number	000F	
C_PARS . . . . . . . . . . . . .  	Number	0029	
C_PRTO . . . . . . . . . . . . .  	Number	0005	
C_RBR  . . . . . . . . . . . . .  	Number	0027	
C_READ . . . . . . . . . . . . .  	Number	0014	
C_RENA . . . . . . . . . . . . .  	Number	0017	
C_REST . . . . . . . . . . . . .  	Number	000D	
C_RNDR . . . . . . . . . . . . .  	Number	0021	
C_RNDW . . . . . . . . . . . . .  	Number	0022	
C_SDRV . . . . . . . . . . . . .  	Number	000E	
C_SEAR . . . . . . . . . . . . .  	Number	0011	

DATOFS . . . . . . . . . . . . .  	Number	0039	
DATPSC . . . . . . . . . . . . .  	Number	0080	
DBLCHR . . . . . . . . . . . . .  	Number	0000	
DBLTRN . . . . . . . . . . . . .  	Number	0000	
DEBUG  . . . . . . . . . . . . .  	Text  		
DERBFM . . . . . . . . . . . . .  	L NEAR	0000	CSEG	External
DEVBIN . . . . . . . . . . . . .  	L NEAR	0000	CSEG	External
DEVBOT . . . . . . . . . . . . .  	L NEAR	0000	CSEG	External
DISK . . . . . . . . . . . . . .  	Number	0001	
DMC  . . . . . . . . . . . . . .  	Number	0000	
Microsoft (R) Macro Assembler  Version 4.00                 7/13/20 11:27:57

GIOSCN - Screen Machine Independent Device Driver Code      Symbols-3
                                                             

DOS  . . . . . . . . . . . . . .  	Number	0000	
DRVPOS . . . . . . . . . . . . .  	Number	0000	
DUPONT . . . . . . . . . . . . .  	Number	0000	
DYNCOM . . . . . . . . . . . . .  	Number	0001	

EDIT80 . . . . . . . . . . . . .  	Number	0000	
ESCCTL . . . . . . . . . . . . .  	Number	0000	
EXIDY  . . . . . . . . . . . . .  	Number	0000	

FAST . . . . . . . . . . . . . .  	Number	0001	
FCBSIZ . . . . . . . . . . . . .  	Number	0026	
FCB_DT . . . . . . . . . . . . .  	Number	001D	
FCB_DV . . . . . . . . . . . . .  	Number	0007	
FCB_EX . . . . . . . . . . . . .  	Number	0013	
FCB_FN . . . . . . . . . . . . .  	Number	0008	
FCB_FS . . . . . . . . . . . . .  	Number	0017	
FCB_FT . . . . . . . . . . . . .  	Number	0010	
FCB_NR . . . . . . . . . . . . .  	Number	0027	
FCB_RC . . . . . . . . . . . . .  	Number	0015	
FCB_RN . . . . . . . . . . . . .  	Number	0028	
FC_ASC . . . . . . . . . . . . .  	Number	0000	
FC_BIN . . . . . . . . . . . . .  	Number	0001	
FDBSIZ . . . . . . . . . . . . .  	Number	0039	
FD_DAT . . . . . . . . . . . . .  	Number	00C2	
FD_LOG . . . . . . . . . . . . .  	Number	00BD	
FD_OPS . . . . . . . . . . . . .  	Number	00C0	
FD_PHY . . . . . . . . . . . . .  	Number	00BB	
FD_SIZ . . . . . . . . . . . . .  	Number	00B9	
FIVDSK . . . . . . . . . . . . .  	Number	0001	
FIVEO  . . . . . . . . . . . . .  	Number	0001	
FIVLPT . . . . . . . . . . . . .  	Number	0001	
FIVMEM . . . . . . . . . . . . .  	Number	0001	
FKEYON . . . . . . . . . . . . .  	Number	0001	
FKFSRL . . . . . . . . . . . . .  	Number	0000	
FL_BKC . . . . . . . . . . . . .  	Number	0080	
FNAML  . . . . . . . . . . . . .  	Number	000B	
F_BAKC . . . . . . . . . . . . .  	Number	0032	
F_BREM . . . . . . . . . . . . .  	Number	0030	
F_CLOC . . . . . . . . . . . . .  	Number	002D	
F_CODE . . . . . . . . . . . . .  	Number	0031	
F_DEV  . . . . . . . . . . . . .  	Number	0034	
F_EDIT . . . . . . . . . . . . .  	V WORD 	0000	DSEG	External
F_FCB  . . . . . . . . . . . . .  	Number	0007	
F_FLGS . . . . . . . . . . . . .  	Number	0037	
F_MODE . . . . . . . . . . . . .  	Number	0006	
F_NEXT . . . . . . . . . . . . .  	Number	0004	
F_NUL1 . . . . . . . . . . . . .  	Number	0000	
F_NUL2 . . . . . . . . . . . . .  	Number	0002	
F_NUL3 . . . . . . . . . . . . .  	Number	0033	
F_NUL4 . . . . . . . . . . . . .  	Number	0036	
F_NUL5 . . . . . . . . . . . . .  	Number	00BF	
F_NUM  . . . . . . . . . . . . .  	Number	0001	
F_ORCT . . . . . . . . . . . . .  	Number	002F	
F_POS  . . . . . . . . . . . . .  	Number	0038	
Microsoft (R) Macro Assembler  Version 4.00                 7/13/20 11:27:57

GIOSCN - Screen Machine Independent Device Driver Code      Symbols-4
                                                             

F_WID  . . . . . . . . . . . . .  	Number	0035	

GENBIN . . . . . . . . . . . . .  	Number	0001	
GENDSK . . . . . . . . . . . . .  	Number	0000	
GENIO  . . . . . . . . . . . . .  	Number	0001	
GESBC  . . . . . . . . . . . . .  	Number	0000	
GIO86  . . . . . . . . . . . . .  	Number	0001	
GW . . . . . . . . . . . . . . .  	Number	0001	
GWCASS . . . . . . . . . . . . .  	Number	0000	
GWDBUG . . . . . . . . . . . . .  	Number	0000	
G_BIN  . . . . . . . . . . . . .  	Number	001A	
G_BOT  . . . . . . . . . . . . .  	Number	001C	
G_CLS  . . . . . . . . . . . . .  	Number	0006	
G_EOF  . . . . . . . . . . . . .  	Number	0000	
G_GCW  . . . . . . . . . . . . .  	Number	0018	
G_GPS  . . . . . . . . . . . . .  	Number	0012	
G_GWD  . . . . . . . . . . . . .  	Number	0014	
G_LOC  . . . . . . . . . . . . .  	Number	0002	
G_LOF  . . . . . . . . . . . . .  	Number	0004	
G_OPN  . . . . . . . . . . . . .  	Number	000C	
G_RND  . . . . . . . . . . . . .  	Number	000A	
G_SCW  . . . . . . . . . . . . .  	Number	0016	
G_SIN  . . . . . . . . . . . . .  	Number	000E	
G_SOT  . . . . . . . . . . . . .  	Number	0010	
G_SWD  . . . . . . . . . . . . .  	Number	0008	

HEATH  . . . . . . . . . . . . .  	Number	0000	
HEXOCT . . . . . . . . . . . . .  	Number	0001	
HGHBIT . . . . . . . . . . . . .  	Number	0001	

I8086  . . . . . . . . . . . . .  	Number	0001	
I8251  . . . . . . . . . . . . .  	Number	0000	
IBMCSR . . . . . . . . . . . . .  	Number	0001	
IBMLIK . . . . . . . . . . . . .  	Number	0001	
IBMTOK . . . . . . . . . . . . .  	Number	0001	
INIFDB . . . . . . . . . . . . .  	L NEAR	0000	CSEG	External
INKEYF . . . . . . . . . . . . .  	Number	0001	
INLADD . . . . . . . . . . . . .  	Number	0000	
INSTSW . . . . . . . . . . . . .  	Number	0000	
INTEL  . . . . . . . . . . . . .  	Number	0000	
INTFHW . . . . . . . . . . . . .  	Number	0000	
INTFSW . . . . . . . . . . . . .  	Number	0000	
INTLEC . . . . . . . . . . . . .  	Number	0000	
INTROM . . . . . . . . . . . . .  	Number	0000	
INVLIN . . . . . . . . . . . . .  	Number	0001	
ISC  . . . . . . . . . . . . . .  	Number	0000	
ISIS . . . . . . . . . . . . . .  	Number	0000	

JISKTN . . . . . . . . . . . . .  	Number	0000	

KANABS . . . . . . . . . . . . .  	Number	0000	
KANJFN . . . . . . . . . . . . .  	Number	0000	
KEYSTA . . . . . . . . . . . . .  	Number	0000	
KILLER . . . . . . . . . . . . .  	Number	0000	
Microsoft (R) Macro Assembler  Version 4.00                 7/13/20 11:27:57

GIOSCN - Screen Machine Independent Device Driver Code      Symbols-5
                                                             


LABKEY . . . . . . . . . . . . .  	Number	0001	
LEN2 . . . . . . . . . . . . . .  	Number	0001	
LEN3 . . . . . . . . . . . . . .  	Number	0001	
LENGTH . . . . . . . . . . . . .  	Number	0002	
LINCNT . . . . . . . . . . . . .  	V WORD 	0000	DSEG	External
LINLEN . . . . . . . . . . . . .  	V WORD 	0000	DSEG	External
LINLN  . . . . . . . . . . . . .  	Number	0050	
LISTEN . . . . . . . . . . . . .  	Number	0001	
LNGVAR . . . . . . . . . . . . .  	Number	0001	
LOKHED . . . . . . . . . . . . .  	Number	0000	
LONGI  . . . . . . . . . . . . .  	Number	0000	
LPT3 . . . . . . . . . . . . . .  	Number	0000	
LPTLEN . . . . . . . . . . . . .  	Number	0084	
LPTSW  . . . . . . . . . . . . .  	Number	0001	
LSTCHR . . . . . . . . . . . . .  	V WORD 	0000	DSEG	External

MDS  . . . . . . . . . . . . . .  	Number	0000	
MDSISS . . . . . . . . . . . . .  	Number	0000	
MD_APP . . . . . . . . . . . . .  	Number	0008	
MD_RND . . . . . . . . . . . . .  	Number	0004	
MD_SQI . . . . . . . . . . . . .  	Number	0001	
MD_SQO . . . . . . . . . . . . .  	Number	0002	
MEMIMG . . . . . . . . . . . . .  	Number	0001	
MOSTEK . . . . . . . . . . . . .  	Number	0000	
MULSEG . . . . . . . . . . . . .  	Number	0001	

NAMLEN . . . . . . . . . . . . .  	Number	0028	
NASCOM . . . . . . . . . . . . .  	Number	0000	
NATROM . . . . . . . . . . . . .  	Number	0000	
NBANKS . . . . . . . . . . . . .  	Number	0001	
NCRBAS . . . . . . . . . . . . .  	Number	0000	
NCRCAS . . . . . . . . . . . . .  	Number	0000	
NCRDEB . . . . . . . . . . . . .  	Number	0000	
NCRELS . . . . . . . . . . . . .  	Number	0000	
NCRLPT . . . . . . . . . . . . .  	Number	0001	
NECBAS . . . . . . . . . . . . .  	Number	0000	
NMCOMT . . . . . . . . . . . . .  	Number	0002	
NMKEYF . . . . . . . . . . . . .  	Number	000A	
NMKEYT . . . . . . . . . . . . .  	Number	000E	
NMLINE . . . . . . . . . . . . .  	Number	0019	
NMLPT  . . . . . . . . . . . . .  	Number	0003	
NMPENT . . . . . . . . . . . . .  	Number	0001	
NMSTRT . . . . . . . . . . . . .  	Number	0004	
NOATDL . . . . . . . . . . . . .  	Number	0000	
NOCTLA . . . . . . . . . . . . .  	Number	0000	
NODOT  . . . . . . . . . . . . .  	Number	0000	
NOEDIT . . . . . . . . . . . . .  	Number	0000	
NOIOS  . . . . . . . . . . . . .  	Number	0000	
NONULL . . . . . . . . . . . . .  	Number	0000	
NOPEKS . . . . . . . . . . . . .  	Number	0000	
NOROMP . . . . . . . . . . . . .  	Number	0000	
NORUBT . . . . . . . . . . . . .  	Number	0000	
NOUSR  . . . . . . . . . . . . .  	Number	0000	
Microsoft (R) Macro Assembler  Version 4.00                 7/13/20 11:27:57

GIOSCN - Screen Machine Independent Device Driver Code      Symbols-6
                                                             

NOVARP . . . . . . . . . . . . .  	Number	0000	
NTCRLF . . . . . . . . . . . . .  	L NEAR	009E	CSEG
NUMLEV . . . . . . . . . . . . .  	Number	006E	
NUMTMP . . . . . . . . . . . . .  	Number	000A	
NUMTRP . . . . . . . . . . . . .  	Number	0015	

OEMRAM . . . . . . . . . . . . .  	Number	0000	
ONTEL  . . . . . . . . . . . . .  	Number	0000	
OUTDO  . . . . . . . . . . . . .  	L NEAR	0000	CSEG	External

PALSIZ . . . . . . . . . . . . .  	Number	0000	
PANBAS . . . . . . . . . . . . .  	Number	0000	
PCS  . . . . . . . . . . . . . .  	Number	0000	
PLAYSW . . . . . . . . . . . . .  	Number	0001	
POS  . . . . . . . . . . . . . .  	L NEAR	00E8	CSEG	Global
POS0 . . . . . . . . . . . . . .  	L NEAR	00F3	CSEG
PROFID . . . . . . . . . . . . .  	Number	00FE	
PTRFIL . . . . . . . . . . . . .  	V WORD 	0000	DSEG	External
PURE . . . . . . . . . . . . . .  	Number	0001	

QUEUE  . . . . . . . . . . . . .  	Number	0001	

REALIO . . . . . . . . . . . . .  	Number	0001	
RET22  . . . . . . . . . . . . .  	L NEAR	00AD	CSEG
RMX  . . . . . . . . . . . . . .  	Number	0000	
RSHACK . . . . . . . . . . . . .  	Number	0000	
RSTLES . . . . . . . . . . . . .  	Number	0001	

SBC  . . . . . . . . . . . . . .  	Number	0000	
SBC86  . . . . . . . . . . . . .  	Number	0000	
SCNCLS . . . . . . . . . . . . .  	L NEAR	002C	CSEG
SCNDSP . . . . . . . . . . . . .  	L NEAR	0000	CSEG	Global
SCNGCW . . . . . . . . . . . . .  	L NEAR	0116	CSEG	Global
SCNGP1 . . . . . . . . . . . . .  	L NEAR	0105	CSEG
SCNGPS . . . . . . . . . . . . .  	L NEAR	00F6	CSEG	Global
SCNGWD . . . . . . . . . . . . .  	L NEAR	0109	CSEG	Global
SCNGWX . . . . . . . . . . . . .  	L NEAR	0114	CSEG
SCNINI . . . . . . . . . . . . .  	L NEAR	001E	CSEG	Global
SCNOL1 . . . . . . . . . . . . .  	L NEAR	0090	CSEG
SCNOL2 . . . . . . . . . . . . .  	L NEAR	00AE	CSEG
SCNOPN . . . . . . . . . . . . .  	L NEAR	0045	CSEG
SCNOUT . . . . . . . . . . . . .  	L NEAR	0000	CSEG	External
SCNPOS . . . . . . . . . . . . .  	L NEAR	0000	CSEG	External
SCNS1A . . . . . . . . . . . . .  	L NEAR	0081	CSEG
SCNS1B . . . . . . . . . . . . .  	L NEAR	0083	CSEG
SCNSCR . . . . . . . . . . . . .  	L NEAR	00D4	CSEG
SCNSCW . . . . . . . . . . . . .  	L NEAR	0115	CSEG	Global
SCNSO1 . . . . . . . . . . . . .  	L NEAR	0076	CSEG
SCNSO2 . . . . . . . . . . . . .  	L NEAR	0088	CSEG
SCNSO3 . . . . . . . . . . . . .  	L NEAR	008A	CSEG
SCNSO4 . . . . . . . . . . . . .  	L NEAR	00C0	CSEG
SCNSO7 . . . . . . . . . . . . .  	L NEAR	00D0	CSEG
SCNSO8 . . . . . . . . . . . . .  	L NEAR	00D1	CSEG
SCNSOT . . . . . . . . . . . . .  	L NEAR	0065	CSEG	Global
Microsoft (R) Macro Assembler  Version 4.00                 7/13/20 11:27:57

GIOSCN - Screen Machine Independent Device Driver Code      Symbols-7
                                                             

SCNSOX . . . . . . . . . . . . .  	L NEAR	008D	CSEG
SCNSWD . . . . . . . . . . . . .  	L NEAR	002D	CSEG	Global
SCNTRM . . . . . . . . . . . . .  	L NEAR	0025	CSEG	Global
SCNWD1 . . . . . . . . . . . . .  	L NEAR	0037	CSEG
SCP  . . . . . . . . . . . . . .  	Number	0001	
SCRN86 . . . . . . . . . . . . .  	Number	0001	
SCRNIO . . . . . . . . . . . . .  	Number	0001	
SCROLT . . . . . . . . . . . . .  	Number	0001	
SGSATS . . . . . . . . . . . . .  	Number	0000	
SHORTJ . . . . . . . . . . . . .  	Number	0001	
SHTCHN . . . . . . . . . . . . .  	Number	0000	
SHTERR . . . . . . . . . . . . .  	Number	0000	
SHTINS . . . . . . . . . . . . .  	Number	0000	
SHTLHM . . . . . . . . . . . . .  	Number	0000	
SHTLIN . . . . . . . . . . . . .  	Number	0000	
SHTPRO . . . . . . . . . . . . .  	Number	0000	
SHTREN . . . . . . . . . . . . .  	Number	0000	
SIXDIG . . . . . . . . . . . . .  	Number	0000	
SMALL  . . . . . . . . . . . . .  	Number	0000	
SNGFLT . . . . . . . . . . . . .  	L NEAR	0000	CSEG	External
SPCDSK . . . . . . . . . . . . .  	Number	0000	
SPCNDS . . . . . . . . . . . . .  	Number	0000	
STRING . . . . . . . . . . . . .  	Number	0001	
STRSIZ . . . . . . . . . . . . .  	Number	0003	
SUPRSH . . . . . . . . . . . . .  	Number	0001	
SWAPSW . . . . . . . . . . . . .  	Number	0001	
SWIDTH . . . . . . . . . . . . .  	L NEAR	0000	CSEG	External

TEK  . . . . . . . . . . . . . .  	Number	0000	
TIMSHR . . . . . . . . . . . . .  	Number	0000	
TKEYOF . . . . . . . . . . . . .  	L NEAR	0000	CSEG	External
TRNCHR . . . . . . . . . . . . .  	Number	0000	
TRSER2 . . . . . . . . . . . . .  	Number	0000	
TRUANS . . . . . . . . . . . . .  	Number	0000	
TRUROM . . . . . . . . . . . . .  	Number	0001	
TSDISK . . . . . . . . . . . . .  	Number	0000	
TSLPT  . . . . . . . . . . . . .  	Number	0000	
TWOBYT . . . . . . . . . . . . .  	V WORD 	0000	DSEG	External

WDTFLG . . . . . . . . . . . . .  	V WORD 	0000	DSEG	External

XTNSYS . . . . . . . . . . . . .  	Number	0000	

Z80  . . . . . . . . . . . . . .  	Number	0001	
Z80MAC . . . . . . . . . . . . .  	Number	0001	

$CATTY . . . . . . . . . . . . .  	L NEAR	0053	CSEG	Global
_OFFST . . . . . . . . . . . . .  	Number	00C2	


    851 Source  Lines
    934 Total   Lines
    358 Symbols

  39286 Bytes symbol space free

      0 Warning Errors
      0 Severe  Errors
