Microsoft (R) Macro Assembler  Version 4.00                 2/7/21 10:46:47
 
NEXT86 CODE                                                 Page     1-1
                                                            

                                ; [ This translation created 10-Feb-83 by Versi
				on 4.3 ] 
                                 
 0008                           	.RADIX  8		; To be safe 
                                 
 0000                           CSEG	SEGMENT PUBLIC 'CODESG' 
                                	ASSUME  CS:CSEG 
                                 
                             C  INCLUDE	OEM.INC 
                             C  ; [ This translation created 10-Feb-83 by Versi
				on 4.3 ] 
                             C   
                             C  	PAGE	,132D 
                             C  	SUBTTL  Common file to produce 2-segment 8086 GW-CPM BASIC 
                             C   
                             C  	.SALL 
                             C   
 000A                        C  	.RADIX	10 
 = 0000                      C  	OEMRAM=0D 
                             C  ;Pascal program HFILE searches for the following line - DO NOT MODIFY 
                             C  ;** (VERSION SPECIFIC VALUES) ************************************************ 
 = 0019                      C  	NMLINE=25		;Max screen display text lines 
 = 0001                      C  	NBANKS=1		;Number of graphic planes 
 = 0000                      C  	PALSIZ=0		;Size of OEM color palette 
 = 0000                      C  	DBLCHR=0		;Editor support for KANJI chars 
 = 0000                      C  	KANABS=0		;Kana BASIC (Japanese JIS codes) 
 = 0000                      C  	KANJFN=0		;KANJI String Functions KPOS, KLEN .. 
 = 0000                      C  	JISKTN=0		;&K, &J constants (KANJI) 
 = 0001                      C  	SUPRSH=1		;1=super shift key feature 
 = 000A                      C  	NMKEYF=10		;number of function keys 
 = 000E                      C  	NMKEYT=14		;number of function key traps 
 = 0001                      C  	FKEYON=1		;yes=display function keys 
 = 0001                      C  	SCROLT=1		;Line 25 allocated for status only 
 = 0001                      C  	PLAYSW=1		;for PLAY statement 
 = 0001                      C  	BEEPSW=1		;for SOUND, BEEP statements 
 = 0003                      C  	NMLPT=3			;number of line printers 
 = 0001                      C  	CONSSW=1		;Device CONS: 
 = 0002                      C  	NMCOMT=2		;number of COMmunications ports 
 = 0001                      C  	NMPENT=1		;number of light pens 
 = 0004                      C  	NMSTRT=4		;number of joysticks 
 = 0000                      C  	GWCASS=0		;Cassette switch (CSAVE,CLOAD,MOTOR) 
 = 0001                      C  	IBMLIK=1		;IBM compatibility package 
 = 0001                      C  	IBMTOK=1		;IBM token compatibility 
 = 0001                      C  	DYNCOM=1		;Dynamic communication buffers 
                             C  ;** (END OF VERSION SPECIFIC VALUES) ***************************************** 
                             C  ;Pascal program HFILE searches for the previous line - DO NOT MODIFY 
                             C  ; 
 = 0015                      C  	NUMTRP=NMKEYT+NMCOMT+NMPENT+NMSTRT 
 = 0001                      C  	GW=1			;GW BASIC 
 = 0000                      C  	ESCCTL=0		;Escape Sequence processing in SCROUT 
 = 0000                      C  	GWDBUG=0		;DEBUG statement (TEST VERSIONS ONLY) 
                             C  				; Support is in BINTRP.MAC and GWSTS.MAC 
 = 0000                      C  	SIXDIG=0		;# of digits of accuracy assumed when formatting 
                             C  				;single precision numbers for output. 
Microsoft (R) Macro Assembler  Version 4.00                 2/7/21 10:46:47
 
NEXT86 CODE                                                 Page     1-2
Common file to produce 2-segment 8086 GW-CPM BASIC          

                             C  				; 0 := 7 digits 
                             C  				; 1 := 6 digits 
 = 0000                      C  	CASSW=0			;CASSETTE SWITCH 
 = 0001                      C  	LABKEY=1		;^T (LABEL) key capability 
 = 0001                      C  	HGHBIT=1		;8-bit characters (ASCII & Graphics) 
 = 0001                      C  	QUEUE=1			;Queued painting algorithm (vs. stack) 
 = 0001                      C  	GIO86=1			;BASIC-86 Generalized I/O 
 = 0001                      C  	SCRNIO=1		;Screen editor 
 = 0001                      C  	SCRN86=1		;8086 Screen editor 
 = 0001                      C  	I8086=1			;CROSS ASSEMBLING FOR 8086 
 = 0001                      C  	MULSEG=1		;MULTI-SEGMENT 8086 BASIC 
 = 0000                      C  	SMALL=0			;"SMALL" VERSION OF 8086 BASIC IF SET 
 = 0001                      C  	TRUROM=1 
 = 0000                      C  	SBC86=0			;SBC 86/02 BOARD? 
 = 0001                      C  	SHORTJ=1		;USE INTRA-SEGMENT SHORT JUMPS 
                             C  				;IN 8086 CODE 
 = 0001                      C  	LNGVAR=1		;LONG VARIABLE NAME SUPPORT (EXTENDED ONLY) 
 = 0000                      C  	SHTERR=0		;SHORT (2 CHAR) ERROR MESSAGES 
 = 0000                      C  	SHTINS=0		;INSTR IN NON-FAST LEN2 VERSIONS 
 = 0000                      C  	SHTLHM=0		;LEFT HAND SIDE MID IN NON FAST LEN2 VERSIONS 
 = 0000                      C  	SHTCHN=0		;ALLOW CHAIN IN NON-5.0 
 = 0000                      C  	SHTPRO=0		;ALLOW PROTECTED FILES IN NON-FIVDSK 
 = 0000                      C  	SHTLIN=0		;ALLOW LINE INPUT IN NON-EXTENDED NON-FAST 
 = 0000                      C  	SHTREN=0		;ALLOW RENUM IN NON-FST VERSIONS 
 = 0001                      C  	INKEYF=1		;ADDS INKEY$ FUNCTION 
 = 0000                      C  	NOIOS=0			;NO I/O STATMENTS (INP,OUT, WAIT) 
 = 0000                      C  	NOPEKS=0		;NO PEEK, POKE 
 = 0000                      C  	NOUSR=0			;NO USR 
 = 0000                      C  	NOCTLA=0		;NO CONTROL-A IN EXTENDED 
 = 0000                      C  	NORUBT=0		;NO RUBOUT 
 = 0000                      C  	NOROMP=0		;NO ROM PROGRAM FEATURE 
 = 0000                      C  	NOATDL=0		;NO AUTO DELETE IN NON-FAST EXTENDED 
 = 0000                      C  	NODOT=0			;NO DOT IN LEN2 
 = 0000                      C  	NOEDIT=0		;NO EDIT COMMAND 
 = 0000                      C  	CRONLY=0		;ONLY PUT OUT CR, NOT CRLF TO TERMINAL 
                             C  				;AND FILES 
 = 0000                      C  	NONULL=0		;NO NULL COMMAND, PUT OUT NULLS IN CRDO & OUTCH1 
 = 0000                      C  	NOVARP=0		;NO VARPTR FUNCTION 
 = 0001                      C  	FIVEO=1			;GENERATE VERSION WITH RELEASE 5.0 FEATURES 
 = 0001                      C  	FIVMEM=1 
 = 0001                      C  	ANSI=1 
 = 0001                      C  	FIVDSK=1		;5.0 NEW DSK CODE 
 = 0001                      C  	FIVLPT=1		;WIDTH LPRINT AND 255 FEATURE 
 = 0001                      C  	HEXOCT=1		;&H..., HEX$, &O..., OCT$ 
 = 0000                      C  	BINCSW=0		;&B..., BIN$ 
 = 0001                      C  	BLODSW=1		;BLOAD, BSAVE COMMANDS 
 = 0001                      C  	MEMIMG=1		;MEMORY IMAGE FILES 
 = 0001                      C  	GENBIN=1 
                             C   
 = 0000                      C  	TRUANS=0		;TRUE ANSI VERSION (STATIC SCAN, ON ERROR) 
 = 0000                      C  	COMMNT=0		;DONT WANT BIG COMMENT 
 = 0000                      C  	INTEL=0			;INTEL PROPRIETARY 
 = 0000                      C  	INTFSW=0		;INTEL FLOATING POINT 
 = 0000                      C  	INTFHW=0 
Microsoft (R) Macro Assembler  Version 4.00                 2/7/21 10:46:47
 
NEXT86 CODE                                                 Page     1-3
Common file to produce 2-segment 8086 GW-CPM BASIC          

 = 0000                      C  	RMX=0			;INTEL RMX VERSION 
 = 0000                      C  	EDIT80=0		;FOR EDIT80 I/O ROUTINES 
 = 0000                      C  	RSHACK=0 
 = 0000                      C  	INTLEC=0 
 = 0002                      C  	LENGTH=2		;  1 MEANS 8K, 2 MEANS 12K 
 = 0000                      C  	BASDEB=0		;WHETHER DBG WILL BE LOADED WITH BASIC 
 = 0001                      C  	RSTLES=1		;WHETHER BASIC WILL USE RST LOCATIONS 
                             C  				;TO MAKE ITSELF SMALLER & QUICKER 
 = 0001                      C  	REALIO=1		;WHETHER SIMULATE (=0) OR ON MACHINE (=1) 
 = 0001                      C  	GENIO=1			;USE G/P ROUTINES 
 = 0001                      C  	CHSEAT=1		;CHSNS eats chars 
 = 0000                      C  	GENDSK=0		;USE G/P DSK CODE 
 = 0000                      C  	LONGI=0			;WHETHER WE ASK "TERMINAL WIDTH?" 
                             C  				;AND WANT SIN-TAN-COS-ATN? 
 = 0000                      C  	INSTSW=0		;FOR INSTR INSTRUCTION 
 = 0001                      C  	SWAPSW=1		;FOR SWAP STATEMENT 
 = 0000                      C  	MDS=0			;FOR INTEL MDS SYSTEMS 
 = 0000                      C  	SBC=0			;FOR INTEL SINGLE BOARD COMPUTER 
                             C  				;1=SBC 80/10, 2=SBC 80/20 
 = 0001                      C  	PURE=1			;ON FOR PURE CODE 
 = 0000                      C  	KILLER=0		;FOR ROM VERSION THAT WONT RUN IN RAM 
 = 0000                      C  	INTROM=0 
 = 0001                      C  	LPTSW=1 
 = 0001                      C  	NCRLPT=1 
 = 0000                      C  	NCRCAS=0 
 = 0000                      C  	ISC=0			;FOR ISC VERSION 
 = 0000                      C  	LPT3=0			;THREE LPT DRIVER VERSION(QUME,OKIA,CENT) 
 = 0000                      C  	TSLPT=0 
                             C   
 = 0000                      C  	DOS=0			;ON TO GEN ROUTINES FOR DOS 
 = 0001                      C  	DISK=1			;FILE I/O FEATURES 
 = 0000                      C  	TIMSHR=0		;NO TIME-SHARING DISK 
 = 0000                      C  	TSDISK=0		;NO TIME-SHARING DISK FOR US 
 = 0000                      C  	SPCDSK=0		;MAY HAVE MM'S DISK CODE 
 = 0000                      C  	SPCNDS=0 
 = 0001                      C  	FAST=1			;CONSTANT COMPRESSION, RENUM & FRIENDS 
 = 0000                      C  	KEYSTA=0 
 = 0000                      C  	ISIS=0			;FOR VERSION TO RUN UNDER INTEL'S ISIS II DOS 
 = 0000                      C  	MDSISS=0		;FOR MDS VERSION THAT RUNS UNDER ISIS-II 
 = 0001                      C  	CPM=1			;FOR CPM compatible operating systems 
 = 0001                      C  	CPM2=1			;VERSION 2. CPM 
 = 0000                      C  	CPM86=0			;FOR CP/M-86 operating system 
 = 0001                      C  	SCP=1			;MS-DOS operating system 
 = 0000                      C  	CPMCON=0 
 = 0000                      C  	CPMSER=0		;CHECK CPM SERIAL #'S 
 = 0000                      C  	CPMADD=0		;FOR VERSION TO RUN ON ADDS CPM 
 = 0000                      C  	CPMA75=0		;FOR VERSION TO RUN ON ADDS SYSTEM 75 
                             C  				;CP/M 
 = 0000                      C  	CPMRSH=0		;FOR RADIO SHACK CPM/M 
 = 0000                      C  	CPM110=0		;FOR CP/M @1100 HEX (INTERALIA) 
 = 0000                      C  	CPMSBC=0		;FOR VERSION TO RUN ON SBC CP/M AT 4100H 
 = 0000                      C  	CPMPER=0		;FOR PERTEC VERSION OF CPM 
 = 0000                      C  	CPMLIF=0		;LIFEBOAT CP/M AT 4200H 
 = 0000                      C  	CPMMDS=0		;MOHAWK DATA SYSTEMS CP/M 
Microsoft (R) Macro Assembler  Version 4.00                 2/7/21 10:46:47
 
NEXT86 CODE                                                 Page     1-4
Common file to produce 2-segment 8086 GW-CPM BASIC          

 = 0000                      C  	CPMCON=0 
 = 0000                      C  	Z80=0 
 = 0001                      C  	DISK=1 
 = 0001                      C  	NCRLPT=1 
 = 0001                      C  	RSTLES=1 
 = 0000                      C  	DRVPOS=CPMADD 
 = 0000                      C  	TRNCHR=CPMADD 
 = 0000                      C  	INLADD=CPMADD 
 = 0001                      C  	LISTEN=1		;ON MEANS LISTEN FOR ^C 
 = 0001                      C  	LISTEN=1 
 = 0000                      C  	LEN2=0 
 = 0001                      C  	LEN2=1 
 = 0001                      C  	HEXOCT=1 
 = 0002                      C  	LENGTH=2 
 = 0001                      C  	RSTLES=1 
 = 0001                      C  	FIVLPT=1 
 = 0000                      C  	I8251=0			;THIS SWITCH IS USED FOR ROSEMOUNT VERSION 
 = 0001                      C  	CONTRO=1		;ALLOW ^O 
 = 0001                      C  	LEN3=LEN2 OR CASSW 
                             C   
                             C   
                             C   
 = 0001                      C  	STRING=1 
 = 0001                      C  	NCRLPT=1 
                             C   
                             C  ; *** OEM Switches which need to be defaulted to 0 
                             C  ; 
 = 0000                      C  	CMPUTN=0 
 = 0000                      C  	DUPONT=0 
 = 0000                      C  	EXIDY=0 
 = 0000                      C  	GESBC=0 
 = 0000                      C  	HEATH=0 
 = 0000                      C  	LOKHED=0 
 = 0000                      C  	MOSTEK=0 
 = 0000                      C  	TEK=0 
 = 0000                      C  	TRSER2=0 
 = 0000                      C  	NASCOM=0 
 = 0000                      C  	NATROM=0 
 = 0000                      C  	NCRBAS=0 
 = 0000                      C  	NCRDEB=0 
 = 0000                      C  	NCRDEB=0 
 = 0000                      C  	NCRELS=0 
 = 0000                      C  	ONTEL=0 
 = 0000                      C  	PCS=0 
 = 0000                      C  	SGSATS=0 
 = 0000                      C  	ALTAIR=0 
 = 0000                      C  	DMC=0 
 = 0000                      C  	PANBAS=0 
 = 0000                      C  	XTNSYS=0 
 = 0000                      C  	NECBAS=0 
                             C  ;******************************************************************* 
                             C  ; Z80 related macros 
                             C  ;******************************************************************* 
 = 0001                      C  	Z80=1			;FOR VERSION THAT RUNS ON BOTH 
Microsoft (R) Macro Assembler  Version 4.00                 2/7/21 10:46:47
 
NEXT86 CODE                                                 Page     1-5
Common file to produce 2-segment 8086 GW-CPM BASIC          

                             C  				;8080'S AND ZILOG Z-80'S 
 = 0001                      C  	Z80MAC=1		;USE 8080 MACROS INSTEAD OF Z80 INSTRUCTIONS 
 = 0000                      C  	Z80=0 
 = 0001                      C  	Z80=1 
                             C  LDIR	MACRO 
                             C  	MOV	WORD PTR A,WORD PTR M 
                             C  	STAX	D 
                             C  	INXF	H 
                             C  	INXF	D 
                             C  	DCXF	B 
                             C  	MOV	WORD PTR A,WORD PTR B 
                             C  	ORA	C 
                             C  	JNZ	_-8D 
                             C  ENDM 
                             C  LDDR	MACRO 
                             C  	MOV	WORD PTR A,WORD PTR M 
                             C  	STAX	D 
                             C  	DCXF	H 
                             C  	DCXF	D 
                             C  	DCXF	B 
                             C  	MOV	WORD PTR A,WORD PTR B 
                             C  	ORA	C 
                             C  	JNZ	_-8D 
                             C  ENDM 
                             C  DJNZ	MACRO	    DEST 
                             C  	DCR	B 
                             C  	JNZ	DEST 
                             C  ENDM 
                             C  ;******************************************************************* 
                             C  ; Define reset routines. 
                             C  ;******************************************************************* 
                             C  FSIGN	MACRO 
                             C  	CALL	SIGN 
                             C  ENDM 
                             C  PUSHM	MACRO 
                             C  	MOV	WORD PTR C,WORD PTR M 
                             C  	INX	H 
                             C  	MOV	WORD PTR B,WORD PTR M 
                             C  	INX	H 
                             C  	PUSH	WORD PTR B 
                             C  ENDM 
                             C  SYNCHK	MACRO	X 
                             C  	CALL	SYNCHR 
                             C  	DB	OFFSET X 
                             C  ENDM 
                             C  OUTCHR	MACRO 
                             C  	CALL	OUTDO 
                             C  ENDM 
                             C  CHRGET	MACRO 
                             C  	CALL	CHRGTR 
                             C  ENDM 
                             C  COMPAR	MACRO 
                             C  	CALL	DCOMPR 
                             C  ENDM 
Microsoft (R) Macro Assembler  Version 4.00                 2/7/21 10:46:47
 
NEXT86 CODE                                                 Page     1-6
Common file to produce 2-segment 8086 GW-CPM BASIC          

                             C  GETYPE	MACRO 
                             C  	CALL	GETYPR 
                             C  ENDM 
                             C  COMPAR	MACRO 
                             C  	DB	73O 
                             C  	DB	332O 
                             C   ENDM 
                             C  ACRLF	MACRO 
                             C  	DB	13D 
                             C  	DB	10D 
                             C  ENDM 
                             C  PUSHR	MACRO 
                             C  	PUSH	WORD PTR D 
                             C  	PUSH	WORD PTR B 
                             C  ENDM 
                             C  POPR	MACRO 
                             C  	POP	WORD PTR B 
                             C  	POP	WORD PTR D 
                             C  ENDM 
                             C  MOVRI	MACRO	B,C,D,E 
                             C  	DB	1O		; "LXI  B" 
                             C  	DB	OFFSET C 
                             C  	DB	OFFSET B 
                             C  	DB	21O		; "LXI  D" 
                             C  	DB	OFFSET E 
                             C  	DB	OFFSET D 
                             C  ENDM 
                             C  INST	MACRO	X 
                             C  	DB	OX 
                             C  ENDM 
                             C   
                             C   
 = 000F                      C  	CONTO=15		;CHARACTER TO SUPRESS OUTPUT (USUALLY CONTROL-O) 
 = 0000                      C  	DBLTRN=0		;FOR DOUBLE PRECISION TRANSCENDENTALS 
                             C   
 = 000E                      C  	CLMWID=14D		;MAKE COMMA COLUMNS FOURTEEN CHARACTERS 
 = 0080                      C  	DATPSC=128D		;NUMBER OF DATA BYTES IN DISK SECTOR 
 = 0050                      C  	LINLN=80D		;TERMINAL LINE LENGTH 
 = 0084                      C  	LPTLEN=132D 
 = 00FF                      C  	BUFLEN=255		;LONG LINES 
 = 0028                      C  	NAMLEN=40D		;MAXIMUM LENGTH NAME -- 3 TO 127 
                             C   
 = 006E                      C  	NUMLEV=110D		;NUMBER OF STACK LEVELS RESERVED 
                             C  				;BY AN EXPLICIT CALL TO GETSTK 
 = 0004                      C  	STRSIZ=4 
 = 0003                      C  	STRSIZ=3 
 = 0003                      C  	NUMTMP=3		;NUMBER OF STRING TEMPORARIES 
 = 000A                      C  	NUMTMP=10 
                             C   
 0008                        C  	.RADIX	8 
                             C  ; 
                             C  ; Useful macros 
                             C  ; 
                             C   
Microsoft (R) Macro Assembler  Version 4.00                 2/7/21 10:46:47
 
NEXT86 CODE                                                 Page     1-7
Common file to produce 2-segment 8086 GW-CPM BASIC          

                             C  ACRLF   MACRO 
                             C          DB      13D 
                             C          DB      10D 
                             C  ENDM 
                             C   
                             C  INS86   MACRO   A,B,C,D 
                             C          DB      A&O 
                             C  IFNB    <B> 
                             C          DB      B&O 
                             C  ENDIF 
                             C  IFNB    <D> 
                             C          DB      C&O 
                             C          DB      D&O 
                             C  ENDIF 
                             C  IFB     <D> 
                             C   IFNB   <C> 
                             C          DW      C 
                             C    ENDIF 
                             C   ENDIF 
                             C  ENDM 
                             C   
                             C  CALLOS  MACRO 
                             C          CALL    CPMENT 
                             C  ENDM 
                             C   
                             C  POPR    MACRO 
                             C          POP     CX 
                             C          POP     DX 
                             C  ENDM 
                             C   
                             C  ADR     MACRO   X 
                             C          DW      X 
                             C  ENDM 
                             C   
                             C  DC      MACRO   ARG 
                             C          IRPC    ZZ,<ARG> 
                             C              IFDIF       <ZZ>,<">
                             C                  DB      "&ZZ&" 
                             C                  _A="&ZZ&" 
                             C              ENDIF 
                             C          ENDM 
                             C  ENDM 
                             C  ; 
Microsoft (R) Macro Assembler  Version 4.00                 2/7/21 10:46:47
 
NEXT86 CODE                                                 Page     1-8
Common file to produce 2-segment 8086 GW-CPM BASIC          

                             C          PAGE 
                             C   
                             C  DBGBRK	MACRO 
                             C  	DB	0CDh,06h,0CCh 
                             C  	ENDM 
                                 
                                 
                                	TITLE NEXT86 CODE 
                                	.SALL 
 0008                           	.RADIX	8 
                                ;**************************************************************** 
                                ; 
                                ; A "FOR" ENTRY ON THE STACK HAS THE FOLLOWING FORMAT: 
                                ; 
                                ; LOW ADDRESS 
                                ;       TOKEN ($FOR IN HIGH BYTE)  1 BYTES 
                                ;       A POINTER TO THE LOOP VARIABLE  2 BYTES 
                                ;       UNDER ANSI & LENGTH=2, TWO BYTES GIVING TEXT POINTER OF 
                                ;       MATCHING "NEXT" 
                                ;       A BYTE REFLECTING THE SIGN OF THE INCREMENT 1 BYTE 
                                ;       UNDER LENGTH=2, A BYTE MINUS FOR INTEGER AND 
                                ;       POSITIVE FOR FLOATING "FOR'S" 
                                ;       THE STEP 4 BYTES 
                                ;       THE UPPER VALUE 4 BYTES 
                                ;       THE LINE # OF THE "FOR" STATEMENT 2 BYTES 
                                ;       A TEXT POINTER INTO THE "FOR" STATEMENT 2 BYTES 
                                ; HIGH ADDRESS 
                                ; 
                                ; TOTAL 16-19 BYTES 
                                ; 
                                ;***************************************************************** 
                                 
                                	EXTRN	CHRGTR:NEAR,DCOMPR:NEAR,FADDS:NEAR,FCOMP:NEAR,FNDFOR:NEAR 
                                	EXTRN	IADD:NEAR 
                                	EXTRN	ICMPA:NEAR,MOVFM:NEAR,MOVMF:NEAR,MOVRM:NEAR,NEWSTT:NEAR 
                                	EXTRN	NFERR:NEAR,NXTCON:NEAR,OVERR:NEAR 
                                	EXTRN	PTRGET:NEAR 
                                	PUBLIC	NEXT 
                                	PUBLIC	NEXTS 
 0000                           DSEG	SEGMENT PUBLIC 'DATASG' 
                                	ASSUME DS:DSEG 
                                	EXTRN	NXTFLG:WORD,FVALSV:WORD,NXTTXT:WORD 
 0000                           DSEG	ENDS 
 0000                           DSEG	SEGMENT PUBLIC 'DATASG' 
                                	EXTRN	FACLO:WORD,SAVSTK:WORD,TEMP:WORD,VALTYP:WORD,CURLIN:WORD 
 0000                           DSEG	ENDS 
                                 
 0000  E9 0000 E                NF1:	JMP	NFERR 
 0003                           NEXT: 
 0003  9F                       	LAHF			;FLAGS TO AH 
 0004  86 E0                    	XCHG	AH,AL 
 0006  50                       	PUSH	AX 
 0007  B0 01                    	MOV	AL,LOW 1 
 0009  EB 02                    	JMP	SHORT NEXTS1 
Microsoft (R) Macro Assembler  Version 4.00                 2/7/21 10:46:47
 
NEXT86 CODE                                                 Page     1-9
Common file to produce 2-segment 8086 GW-CPM BASIC          

 000B  32 C0                    NEXTS:	XOR	AL,AL		;FLAG THAT "FOR IS USING "NEXT 
 000D  A2 0000 E                NEXTS1:	MOV	BYTE PTR NXTFLG,AL 
 0010  58                       	POP	AX 
 0011  86 C4                    	XCHG	AL,AH 
 0013  9E                       	SAHF 
 0014  BA 0000                  	MOV	DX,0 
 0017                           NEXTC: 
 0017  89 1E 0000 E             	MOV	WORD PTR NXTTXT,BX	;SAVE STARTING TEXT POINTER 
 001B  74 03                    	JZ	NEXTC1 
 001D  E8 0000 E                	CALL	PTRGET 
 0020  89 1E 0000 E             NEXTC1:	MOV	WORD PTR TEMP,BX	;SAVE PTR TO LOOP VARIABLE 
 0024  E8 0000 E                	CALL	FNDFOR		;TRY TO FING A "FOR ENTRY 
 0027  75 D7                    	JNZ	NF1		;NEXT W/O FOR ERROR 
 0029  8B E3                    	MOV	SP,BX		;SETUP STACK BY  CHOPPING HERE 
 002B  8B 36 0000 E             	MOV	SI,WORD PTR NXTTXT 
 002F  39 37                    	CMP	WORD PTR 0[BX],SI	;COMPARE TEXT POINTERS AT THE START 
 0031  75 CD                    	JNZ	NF1		;OF THIS "NEXT WITH THIS NEXT 
 0033  52                       	PUSH	DX		;PUSH STEP ONTO THE STACK 
 0034  8A 67 02                 	MOV	AH,BYTE PTR 2[BX]	; 
 0037  50                       	PUSH	AX 
 0038  52                       	PUSH	DX		;PTR. TO LOOP VAR. ON STACK 
 0039  83 C3 04                 	ADD	BX,4 
 003C  F6 47 FF 80              	TEST	BYTE PTR -1[BX],LOW 200O	;SEE IF INTEGER FOR 
 0040  78 40                    	JS	INTNXT		;IF INTEGER HANDLE SEPARATELY 
 0042  B9 0002                  	MOV	CX,2		; 
 0045  FC                       	CLD			;DF=0 SO MOVW WILL INCREMENT 
 0046  8B F3                    	MOV	SI,BX 
 0048  BF 0000 E                	MOV	DI,OFFSET FACLO 
 004B  F3/ A5                    REP	MOVSW			;GET LOOP VARIABLE 
 004D  5B                       	POP	BX		;PTR TO FOR ENTRY 
 004E  56                       	PUSH	SI		; 
 004F  53                       	PUSH	BX 
 0050  F6 06 0000 E FF          	TEST	BYTE PTR NXTFLG,LOW 377O 
 0055  75 0F                    	JNZ	NXTDO 
 0057  BE 0000 E                	MOV	SI,OFFSET FVALSV	;FETCH INITIAL VALUE 
 005A  83 EF 04                 	SUB	DI,4		;POINT DI BACK TO FACLO 
 005D  B9 0002                  	MOV	CX,2		;TWO WORD MOVE 
 0060  F3/ A5                    REP	MOVSW 
 0062  32 C0                    	XOR	AL,AL		;CONTINUE "NEXT" WITH INITIAL VALUE 
 0064  74 03                    	JZ	NXTDOA		; 
 0066  E8 0000 E                NXTDO:	CALL	FADDS 
 0069  5F                       NXTDOA:	POP	DI		;POP PTR TO LOOP VARIABLE 
 006A  BE 0000 E                	MOV	SI,OFFSET FACLO	;WILL MOVE FAC TO THERE 
 006D  B9 0002                  	MOV	CX,2 
 0070  FC                       	CLD 
 0071  F3/ A5                    REP	MOVSW 
 0073  5E                       	POP	SI		;GET ENTRY PTR. 
 0074  8B 14                    	MOV	DX,WORD PTR 0[SI] 
 0076  8B 4C 02                 	MOV	CX,WORD PTR 2[SI] 
 0079  83 C6 04                 	ADD	SI,4 
 007C  56                       	PUSH	SI		;SAVE ENTRY PTR. 
 007D  E8 0000 E                	CALL	FCOMP		;COMPARE THE NOS. RETURNING 
                                				;377 IF FAC LESS THAN REGS,0 IF = 
                                				;AND 1 IF GREATER 
Microsoft (R) Macro Assembler  Version 4.00                 2/7/21 10:46:47
 
NEXT86 CODE                                                 Page     1-10
Common file to produce 2-segment 8086 GW-CPM BASIC          

 0080  EB 27                    	JMP	SHORT FINNXT	;SKIP INTEGER CODE 
 0082  83 C3 04                 INTNXT:	ADD	BX,4		;SKIP 4 DUMMY BYTES 
 0085  8B 0F                    	MOV	CX,WORD PTR 0[BX]	;FETCH STEP TO CX 
 0087  43                       	INC	BX 
 0088  43                       	INC	BX 
 0089  5E                       	POP	SI		;PTR TO LOOP VARIABLE 
 008A  8B 14                    	MOV	DX,WORD PTR 0[SI] 
 008C  F6 06 0000 E FF          	TEST	BYTE PTR NXTFLG,LOW 377O	;SEE IF "FOR IS USING "NEXT CODE 
 0091  75 06                    	JNZ	INXTDO		;NO , JUST CONTINUE 
 0093  8B 16 0000 E             	MOV	DX,WORD PTR FVALSV	;GET THE INITIAL VALUE 
 0097  EB 04                    	JMP	SHORT IFORIN	;CONTINUE FIRST ITERATION CHECK 
 0099  03 D1                    INXTDO:	ADD	DX,CX 
 009B  70 3C                    	JO	OV1 
 009D                           IFORIN: 
 009D  89 14                    	MOV	WORD PTR 0[SI],DX 
 009F  52                       	PUSH	DX		;SAVE THE VALUE OF THE LOOP VAR. 
 00A0  8B 17                    	MOV	DX,WORD PTR 0[BX]	; 
 00A2  43                       	INC	BX 
 00A3  43                       	INC	BX 
 00A4  58                       	POP	AX 
 00A5  53                       	PUSH	BX 
 00A6  E8 0000 E                	CALL	ICMPA		;COMPARE (AX) WITH (DX) 
 00A9                           FINNXT: 
 00A9  5B                       	POP	BX		;POP "FOR ENTRY PTR 
 00AA  59                       	POP	CX		;GET SGN OF INCREMENT 
 00AB  2A C5                    	SUB	AL,CH		;SUBTRACT THE INCREMENTS SIGN FROM 
                                				;THAT OF (CURRENT VAL-FINAL VAL) 
 00AD  E8 0000 E                	CALL	MOVRM		;GET LINE # OF "FOR INTO DX AND 
                                				;TEXT PTR OF "FOR INTO CX 
 00B0  74 0B                    	JZ	LOOPDN		;JUMP IF DONE 
 00B2  89 16 0000 E             	MOV	WORD PTR CURLIN,DX	;STORE LINE NO. 
 00B6  8B D1                    	MOV	DX,CX		;SETUP THE TEXT PTR 
 00B8  87 D3                    	XCHG	DX,BX 
 00BA  E9 0000 E                	JMP	NXTCON 
 00BD  8B E3                    LOOPDN:	MOV	SP,BX		;ELIMINATE FOR ENTRY & SAVE UPDATED 
 00BF  89 1E 0000 E             	MOV	WORD PTR SAVSTK,BX	;STACK 
 00C3  8B 1E 0000 E             	MOV	BX,WORD PTR TEMP	;RESTORE TEXT PTR 
 00C7  80 3F 2C                 	CMP	BYTE PTR 0[BX],LOW 54O	;COMMA? 
 00CA  75 10                    	JNZ	NS1		;"NEXT 
 00CC  C6 06 0000 E FF          LOOPD1:	MOV	BYTE PTR NXTFLG,LOW 377O	;Set NXTFLG non-zero since NEXT couldn't 
                                				;have been called by FOR in this case 
 00D1  E8 0000 E                	CALL	CHRGTR		;Skip comma 
 00D4  8B D4                    	MOV	DX,SP		;[DX]=[SP] which will never match 
                                				;any VARPTR (see FNDFOR) 
 00D6  E8 0017 R                	CALL	NEXTC		;Process Next NEXT 
 00D9  E9 0000 E                OV1:	JMP	OVERR 
 00DC  E9 0000 E                NS1:	JMP	NEWSTT 
 00DF                           CSEG	ENDS 
                                	END 

Microsoft (R) Macro Assembler  Version 4.00                 2/7/21 10:46:47
 
NEXT86 CODE                                                 Symbols-1
                                                             

Macros:

		N a m e			Lines

ACRLF  . . . . . . . . . . . . .  	   2
ADR  . . . . . . . . . . . . . .  	   1
CALLOS . . . . . . . . . . . . .  	   1
CHRGET . . . . . . . . . . . . .  	   1
COMPAR . . . . . . . . . . . . .  	   2
DBGBRK . . . . . . . . . . . . .  	   1
DC . . . . . . . . . . . . . . .  	   6
DJNZ . . . . . . . . . . . . . .  	   2
FSIGN  . . . . . . . . . . . . .  	   1
GETYPE . . . . . . . . . . . . .  	   1
INS86  . . . . . . . . . . . . .  	  13
INST . . . . . . . . . . . . . .  	   1
LDDR . . . . . . . . . . . . . .  	   8
LDIR . . . . . . . . . . . . . .  	   8
MOVRI  . . . . . . . . . . . . .  	   6
OUTCHR . . . . . . . . . . . . .  	   1
POPR . . . . . . . . . . . . . .  	   2
PUSHM  . . . . . . . . . . . . .  	   5
PUSHR  . . . . . . . . . . . . .  	   2
SYNCHK . . . . . . . . . . . . .  	   2

Segments and Groups:

                N a m e         	Size	Align	Combine Class

CSEG . . . . . . . . . . . . . .  	00DF	PARA	PUBLIC	'CODESG'
DSEG . . . . . . . . . . . . . .  	0000	PARA	PUBLIC	'DATASG'

Symbols:            

                N a m e         	Type	Value	Attr         

ALTAIR . . . . . . . . . . . . .  	Number	0000	
ANSI . . . . . . . . . . . . . .  	Number	0001	

BASDEB . . . . . . . . . . . . .  	Number	0000	
BEEPSW . . . . . . . . . . . . .  	Number	0001	
BINCSW . . . . . . . . . . . . .  	Number	0000	
BLODSW . . . . . . . . . . . . .  	Number	0001	
BUFLEN . . . . . . . . . . . . .  	Number	00FF	

CASSW  . . . . . . . . . . . . .  	Number	0000	
CHRGTR . . . . . . . . . . . . .  	L NEAR	0000	CSEG	External
CHSEAT . . . . . . . . . . . . .  	Number	0001	
CLMWID . . . . . . . . . . . . .  	Number	000E	
CMPUTN . . . . . . . . . . . . .  	Number	0000	
COMMNT . . . . . . . . . . . . .  	Number	0000	
CONSSW . . . . . . . . . . . . .  	Number	0001	
CONTO  . . . . . . . . . . . . .  	Number	000F	
CONTRO . . . . . . . . . . . . .  	Number	0001	
Microsoft (R) Macro Assembler  Version 4.00                 2/7/21 10:46:47
 
NEXT86 CODE                                                 Symbols-2
                                                             

CPM  . . . . . . . . . . . . . .  	Number	0001	
CPM110 . . . . . . . . . . . . .  	Number	0000	
CPM2 . . . . . . . . . . . . . .  	Number	0001	
CPM86  . . . . . . . . . . . . .  	Number	0000	
CPMA75 . . . . . . . . . . . . .  	Number	0000	
CPMADD . . . . . . . . . . . . .  	Number	0000	
CPMCON . . . . . . . . . . . . .  	Number	0000	
CPMLIF . . . . . . . . . . . . .  	Number	0000	
CPMMDS . . . . . . . . . . . . .  	Number	0000	
CPMPER . . . . . . . . . . . . .  	Number	0000	
CPMRSH . . . . . . . . . . . . .  	Number	0000	
CPMSBC . . . . . . . . . . . . .  	Number	0000	
CPMSER . . . . . . . . . . . . .  	Number	0000	
CRONLY . . . . . . . . . . . . .  	Number	0000	
CURLIN . . . . . . . . . . . . .  	V WORD 	0000	DSEG	External

DATPSC . . . . . . . . . . . . .  	Number	0080	
DBLCHR . . . . . . . . . . . . .  	Number	0000	
DBLTRN . . . . . . . . . . . . .  	Number	0000	
DCOMPR . . . . . . . . . . . . .  	L NEAR	0000	CSEG	External
DEBUG  . . . . . . . . . . . . .  	Text  		
DISK . . . . . . . . . . . . . .  	Number	0001	
DMC  . . . . . . . . . . . . . .  	Number	0000	
DOS  . . . . . . . . . . . . . .  	Number	0000	
DRVPOS . . . . . . . . . . . . .  	Number	0000	
DUPONT . . . . . . . . . . . . .  	Number	0000	
DYNCOM . . . . . . . . . . . . .  	Number	0001	

EDIT80 . . . . . . . . . . . . .  	Number	0000	
ESCCTL . . . . . . . . . . . . .  	Number	0000	
EXIDY  . . . . . . . . . . . . .  	Number	0000	

FACLO  . . . . . . . . . . . . .  	V WORD 	0000	DSEG	External
FADDS  . . . . . . . . . . . . .  	L NEAR	0000	CSEG	External
FAST . . . . . . . . . . . . . .  	Number	0001	
FCOMP  . . . . . . . . . . . . .  	L NEAR	0000	CSEG	External
FINNXT . . . . . . . . . . . . .  	L NEAR	00A9	CSEG
FIVDSK . . . . . . . . . . . . .  	Number	0001	
FIVEO  . . . . . . . . . . . . .  	Number	0001	
FIVLPT . . . . . . . . . . . . .  	Number	0001	
FIVMEM . . . . . . . . . . . . .  	Number	0001	
FKEYON . . . . . . . . . . . . .  	Number	0001	
FNDFOR . . . . . . . . . . . . .  	L NEAR	0000	CSEG	External
FVALSV . . . . . . . . . . . . .  	V WORD 	0000	DSEG	External

GENBIN . . . . . . . . . . . . .  	Number	0001	
GENDSK . . . . . . . . . . . . .  	Number	0000	
GENIO  . . . . . . . . . . . . .  	Number	0001	
GESBC  . . . . . . . . . . . . .  	Number	0000	
GIO86  . . . . . . . . . . . . .  	Number	0001	
GW . . . . . . . . . . . . . . .  	Number	0001	
GWCASS . . . . . . . . . . . . .  	Number	0000	
GWDBUG . . . . . . . . . . . . .  	Number	0000	

Microsoft (R) Macro Assembler  Version 4.00                 2/7/21 10:46:47
 
NEXT86 CODE                                                 Symbols-3
                                                             

HEATH  . . . . . . . . . . . . .  	Number	0000	
HEXOCT . . . . . . . . . . . . .  	Number	0001	
HGHBIT . . . . . . . . . . . . .  	Number	0001	

I8086  . . . . . . . . . . . . .  	Number	0001	
I8251  . . . . . . . . . . . . .  	Number	0000	
IADD . . . . . . . . . . . . . .  	L NEAR	0000	CSEG	External
IBMLIK . . . . . . . . . . . . .  	Number	0001	
IBMTOK . . . . . . . . . . . . .  	Number	0001	
ICMPA  . . . . . . . . . . . . .  	L NEAR	0000	CSEG	External
IFORIN . . . . . . . . . . . . .  	L NEAR	009D	CSEG
INKEYF . . . . . . . . . . . . .  	Number	0001	
INLADD . . . . . . . . . . . . .  	Number	0000	
INSTSW . . . . . . . . . . . . .  	Number	0000	
INTEL  . . . . . . . . . . . . .  	Number	0000	
INTFHW . . . . . . . . . . . . .  	Number	0000	
INTFSW . . . . . . . . . . . . .  	Number	0000	
INTLEC . . . . . . . . . . . . .  	Number	0000	
INTNXT . . . . . . . . . . . . .  	L NEAR	0082	CSEG
INTROM . . . . . . . . . . . . .  	Number	0000	
INXTDO . . . . . . . . . . . . .  	L NEAR	0099	CSEG
ISC  . . . . . . . . . . . . . .  	Number	0000	
ISIS . . . . . . . . . . . . . .  	Number	0000	

JISKTN . . . . . . . . . . . . .  	Number	0000	

KANABS . . . . . . . . . . . . .  	Number	0000	
KANJFN . . . . . . . . . . . . .  	Number	0000	
KEYSTA . . . . . . . . . . . . .  	Number	0000	
KILLER . . . . . . . . . . . . .  	Number	0000	

LABKEY . . . . . . . . . . . . .  	Number	0001	
LEN2 . . . . . . . . . . . . . .  	Number	0001	
LEN3 . . . . . . . . . . . . . .  	Number	0001	
LENGTH . . . . . . . . . . . . .  	Number	0002	
LINLN  . . . . . . . . . . . . .  	Number	0050	
LISTEN . . . . . . . . . . . . .  	Number	0001	
LNGVAR . . . . . . . . . . . . .  	Number	0001	
LOKHED . . . . . . . . . . . . .  	Number	0000	
LONGI  . . . . . . . . . . . . .  	Number	0000	
LOOPD1 . . . . . . . . . . . . .  	L NEAR	00CC	CSEG
LOOPDN . . . . . . . . . . . . .  	L NEAR	00BD	CSEG
LPT3 . . . . . . . . . . . . . .  	Number	0000	
LPTLEN . . . . . . . . . . . . .  	Number	0084	
LPTSW  . . . . . . . . . . . . .  	Number	0001	

MDS  . . . . . . . . . . . . . .  	Number	0000	
MDSISS . . . . . . . . . . . . .  	Number	0000	
MEMIMG . . . . . . . . . . . . .  	Number	0001	
MOSTEK . . . . . . . . . . . . .  	Number	0000	
MOVFM  . . . . . . . . . . . . .  	L NEAR	0000	CSEG	External
MOVMF  . . . . . . . . . . . . .  	L NEAR	0000	CSEG	External
MOVRM  . . . . . . . . . . . . .  	L NEAR	0000	CSEG	External
MULSEG . . . . . . . . . . . . .  	Number	0001	
Microsoft (R) Macro Assembler  Version 4.00                 2/7/21 10:46:47
 
NEXT86 CODE                                                 Symbols-4
                                                             


NAMLEN . . . . . . . . . . . . .  	Number	0028	
NASCOM . . . . . . . . . . . . .  	Number	0000	
NATROM . . . . . . . . . . . . .  	Number	0000	
NBANKS . . . . . . . . . . . . .  	Number	0001	
NCRBAS . . . . . . . . . . . . .  	Number	0000	
NCRCAS . . . . . . . . . . . . .  	Number	0000	
NCRDEB . . . . . . . . . . . . .  	Number	0000	
NCRELS . . . . . . . . . . . . .  	Number	0000	
NCRLPT . . . . . . . . . . . . .  	Number	0001	
NECBAS . . . . . . . . . . . . .  	Number	0000	
NEWSTT . . . . . . . . . . . . .  	L NEAR	0000	CSEG	External
NEXT . . . . . . . . . . . . . .  	L NEAR	0003	CSEG	Global
NEXTC  . . . . . . . . . . . . .  	L NEAR	0017	CSEG
NEXTC1 . . . . . . . . . . . . .  	L NEAR	0020	CSEG
NEXTS  . . . . . . . . . . . . .  	L NEAR	000B	CSEG	Global
NEXTS1 . . . . . . . . . . . . .  	L NEAR	000D	CSEG
NF1  . . . . . . . . . . . . . .  	L NEAR	0000	CSEG
NFERR  . . . . . . . . . . . . .  	L NEAR	0000	CSEG	External
NMCOMT . . . . . . . . . . . . .  	Number	0002	
NMKEYF . . . . . . . . . . . . .  	Number	000A	
NMKEYT . . . . . . . . . . . . .  	Number	000E	
NMLINE . . . . . . . . . . . . .  	Number	0019	
NMLPT  . . . . . . . . . . . . .  	Number	0003	
NMPENT . . . . . . . . . . . . .  	Number	0001	
NMSTRT . . . . . . . . . . . . .  	Number	0004	
NOATDL . . . . . . . . . . . . .  	Number	0000	
NOCTLA . . . . . . . . . . . . .  	Number	0000	
NODOT  . . . . . . . . . . . . .  	Number	0000	
NOEDIT . . . . . . . . . . . . .  	Number	0000	
NOIOS  . . . . . . . . . . . . .  	Number	0000	
NONULL . . . . . . . . . . . . .  	Number	0000	
NOPEKS . . . . . . . . . . . . .  	Number	0000	
NOROMP . . . . . . . . . . . . .  	Number	0000	
NORUBT . . . . . . . . . . . . .  	Number	0000	
NOUSR  . . . . . . . . . . . . .  	Number	0000	
NOVARP . . . . . . . . . . . . .  	Number	0000	
NS1  . . . . . . . . . . . . . .  	L NEAR	00DC	CSEG
NUMLEV . . . . . . . . . . . . .  	Number	006E	
NUMTMP . . . . . . . . . . . . .  	Number	000A	
NUMTRP . . . . . . . . . . . . .  	Number	0015	
NXTCON . . . . . . . . . . . . .  	L NEAR	0000	CSEG	External
NXTDO  . . . . . . . . . . . . .  	L NEAR	0066	CSEG
NXTDOA . . . . . . . . . . . . .  	L NEAR	0069	CSEG
NXTFLG . . . . . . . . . . . . .  	V WORD 	0000	DSEG	External
NXTTXT . . . . . . . . . . . . .  	V WORD 	0000	DSEG	External

OEMRAM . . . . . . . . . . . . .  	Number	0000	
ONTEL  . . . . . . . . . . . . .  	Number	0000	
OV1  . . . . . . . . . . . . . .  	L NEAR	00D9	CSEG
OVERR  . . . . . . . . . . . . .  	L NEAR	0000	CSEG	External

PALSIZ . . . . . . . . . . . . .  	Number	0000	
PANBAS . . . . . . . . . . . . .  	Number	0000	
Microsoft (R) Macro Assembler  Version 4.00                 2/7/21 10:46:47
 
NEXT86 CODE                                                 Symbols-5
                                                             

PCS  . . . . . . . . . . . . . .  	Number	0000	
PLAYSW . . . . . . . . . . . . .  	Number	0001	
PTRGET . . . . . . . . . . . . .  	L NEAR	0000	CSEG	External
PURE . . . . . . . . . . . . . .  	Number	0001	

QUEUE  . . . . . . . . . . . . .  	Number	0001	

REALIO . . . . . . . . . . . . .  	Number	0001	
RMX  . . . . . . . . . . . . . .  	Number	0000	
RSHACK . . . . . . . . . . . . .  	Number	0000	
RSTLES . . . . . . . . . . . . .  	Number	0001	

SAVSTK . . . . . . . . . . . . .  	V WORD 	0000	DSEG	External
SBC  . . . . . . . . . . . . . .  	Number	0000	
SBC86  . . . . . . . . . . . . .  	Number	0000	
SCP  . . . . . . . . . . . . . .  	Number	0001	
SCRN86 . . . . . . . . . . . . .  	Number	0001	
SCRNIO . . . . . . . . . . . . .  	Number	0001	
SCROLT . . . . . . . . . . . . .  	Number	0001	
SGSATS . . . . . . . . . . . . .  	Number	0000	
SHORTJ . . . . . . . . . . . . .  	Number	0001	
SHTCHN . . . . . . . . . . . . .  	Number	0000	
SHTERR . . . . . . . . . . . . .  	Number	0000	
SHTINS . . . . . . . . . . . . .  	Number	0000	
SHTLHM . . . . . . . . . . . . .  	Number	0000	
SHTLIN . . . . . . . . . . . . .  	Number	0000	
SHTPRO . . . . . . . . . . . . .  	Number	0000	
SHTREN . . . . . . . . . . . . .  	Number	0000	
SIXDIG . . . . . . . . . . . . .  	Number	0000	
SMALL  . . . . . . . . . . . . .  	Number	0000	
SPCDSK . . . . . . . . . . . . .  	Number	0000	
SPCNDS . . . . . . . . . . . . .  	Number	0000	
STRING . . . . . . . . . . . . .  	Number	0001	
STRSIZ . . . . . . . . . . . . .  	Number	0003	
SUPRSH . . . . . . . . . . . . .  	Number	0001	
SWAPSW . . . . . . . . . . . . .  	Number	0001	

TEK  . . . . . . . . . . . . . .  	Number	0000	
TEMP . . . . . . . . . . . . . .  	V WORD 	0000	DSEG	External
TIMSHR . . . . . . . . . . . . .  	Number	0000	
TRNCHR . . . . . . . . . . . . .  	Number	0000	
TRSER2 . . . . . . . . . . . . .  	Number	0000	
TRUANS . . . . . . . . . . . . .  	Number	0000	
TRUROM . . . . . . . . . . . . .  	Number	0001	
TSDISK . . . . . . . . . . . . .  	Number	0000	
TSLPT  . . . . . . . . . . . . .  	Number	0000	

VALTYP . . . . . . . . . . . . .  	V WORD 	0000	DSEG	External

XTNSYS . . . . . . . . . . . . .  	Number	0000	

Z80  . . . . . . . . . . . . . .  	Number	0001	
Z80MAC . . . . . . . . . . . . .  	Number	0001	

Microsoft (R) Macro Assembler  Version 4.00                 2/7/21 10:46:47
 
NEXT86 CODE                                                 Symbols-6
                                                             


    521 Source  Lines
    522 Total   Lines
    256 Symbols

  42278 Bytes symbol space free

      0 Warning Errors
      0 Severe  Errors
