Microsoft (R) Macro Assembler  Version 4.00                 7/13/20 11:38:31

GWRAM - GW BASIC OEM Independent RAM Declarations           Page     1-1
                                                            

                                ; [ This translation created 10-Feb-83 by Versi
				on 4.3 ] 
                                 
 0008                           	.RADIX  8		; To be safe 
                                 
 0000                           CSEG	SEGMENT PUBLIC 'CODESG' 
                                	ASSUME  CS:CSEG 
                                 
                             C  INCLUDE	OEM.INC 
                             C  ; [ This translation created 10-Feb-83 by Versi
				on 4.3 ] 
                             C   
                             C  	SUBTTL  Common file to produce 2-segment 8086 
				GW-CPM BASIC 
                             C   
                             C  	.SALL 
                             C   
 000A                        C  	.RADIX	10 
 = 0000                      C  	OEMRAM=0D 
                             C  ;Pascal program HFILE searches for the followin
				g line - DO NOT MODIFY 
                             C  ;** (VERSION SPECIFIC VALUES) *****************
				******************************* 
 = 0019                      C  	NMLINE=25		;Max screen display text lines 
 = 0001                      C  	NBANKS=1		;Number of graphic planes 
 = 0000                      C  	PALSIZ=0		;Size of OEM color palette 
 = 0000                      C  	DBLCHR=0		;Editor support for KANJI chars 
 = 0000                      C  	KANABS=0		;Kana BASIC (Japanese JIS codes) 
 = 0000                      C  	KANJFN=0		;KANJI String Functions KPOS, KLEN .
				. 
 = 0000                      C  	JISKTN=0		;&K, &J constants (KANJI) 
 = 0001                      C  	SUPRSH=1		;1=super shift key feature 
 = 000A                      C  	NMKEYF=10		;number of function keys 
 = 000E                      C  	NMKEYT=14		;number of function key traps 
 = 0001                      C  	FKEYON=1		;yes=display function keys 
 = 0001                      C  	SCROLT=1		;Line 25 allocated for status only 
 = 0001                      C  	PLAYSW=1		;for PLAY statement 
 = 0001                      C  	BEEPSW=1		;for SOUND, BEEP statements 
 = 0003                      C  	NMLPT=3			;number of line printers 
 = 0001                      C  	CONSSW=1		;Device CONS: 
 = 0002                      C  	NMCOMT=2		;number of COMmunications ports 
 = 0001                      C  	NMPENT=1		;number of light pens 
 = 0004                      C  	NMSTRT=4		;number of joysticks 
 = 0000                      C  	GWCASS=0		;Cassette switch (CSAVE,CLOAD,MOTOR)
				 
 = 0001                      C  	IBMLIK=1		;IBM compatibility package 
 = 0001                      C  	IBMTOK=1		;IBM token compatibility 
 = 0001                      C  	DYNCOM=1		;Dynamic communication buffers 
                             C  ;** (END OF VERSION SPECIFIC VALUES) **********
				******************************* 
                             C  ;Pascal program HFILE searches for the previous
				 line - DO NOT MODIFY 
                             C  ; 
 = 0015                      C  	NUMTRP=NMKEYT+NMCOMT+NMPENT+NMSTRT 
Microsoft (R) Macro Assembler  Version 4.00                 7/13/20 11:38:31

GWRAM - GW BASIC OEM Independent RAM Declarations           Page     1-2
Common file to produce 2-segment 8086 GW-CPM BASIC          

 = 0001                      C  	GW=1			;GW BASIC 
 = 0000                      C  	ESCCTL=0		;Escape Sequence processing in SCROU
				T 
 = 0000                      C  	GWDBUG=0		;DEBUG statement (TEST VERSIONS ONLY
				) 
                             C  				; Support is in BINTRP.MAC and GWSTS.MAC 
 = 0000                      C  	SIXDIG=0		;# of digits of accuracy assumed whe
				n formatting 
                             C  				;single precision numbers for output. 
                             C  				; 0 := 7 digits 
                             C  				; 1 := 6 digits 
 = 0000                      C  	CASSW=0			;CASSETTE SWITCH 
 = 0001                      C  	LABKEY=1		;^T (LABEL) key capability 
 = 0001                      C  	HGHBIT=1		;8-bit characters (ASCII & Graphics)
				 
 = 0001                      C  	QUEUE=1			;Queued painting algorithm (vs. stac
				k) 
 = 0001                      C  	GIO86=1			;BASIC-86 Generalized I/O 
 = 0001                      C  	SCRNIO=1		;Screen editor 
 = 0001                      C  	SCRN86=1		;8086 Screen editor 
 = 0001                      C  	I8086=1			;CROSS ASSEMBLING FOR 8086 
 = 0001                      C  	MULSEG=1		;MULTI-SEGMENT 8086 BASIC 
 = 0000                      C  	SMALL=0			;"SMALL" VERSION OF 8086 BASIC IF SE
				T 
 = 0001                      C  	TRUROM=1 
 = 0000                      C  	SBC86=0			;SBC 86/02 BOARD? 
 = 0001                      C  	SHORTJ=1		;USE INTRA-SEGMENT SHORT JUMPS 
                             C  				;IN 8086 CODE 
 = 0001                      C  	LNGVAR=1		;LONG VARIABLE NAME SUPPORT (EXTENDE
				D ONLY) 
 = 0000                      C  	SHTERR=0		;SHORT (2 CHAR) ERROR MESSAGES 
 = 0000                      C  	SHTINS=0		;INSTR IN NON-FAST LEN2 VERSIONS 
 = 0000                      C  	SHTLHM=0		;LEFT HAND SIDE MID IN NON FAST LEN2
				 VERSIONS 
 = 0000                      C  	SHTCHN=0		;ALLOW CHAIN IN NON-5.0 
 = 0000                      C  	SHTPRO=0		;ALLOW PROTECTED FILES IN NON-FIVDSK
				 
 = 0000                      C  	SHTLIN=0		;ALLOW LINE INPUT IN NON-EXTENDED NO
				N-FAST 
 = 0000                      C  	SHTREN=0		;ALLOW RENUM IN NON-FST VERSIONS 
 = 0001                      C  	INKEYF=1		;ADDS INKEY$ FUNCTION 
 = 0000                      C  	NOIOS=0			;NO I/O STATMENTS (INP,OUT, WAIT) 
 = 0000                      C  	NOPEKS=0		;NO PEEK, POKE 
 = 0000                      C  	NOUSR=0			;NO USR 
 = 0000                      C  	NOCTLA=0		;NO CONTROL-A IN EXTENDED 
 = 0000                      C  	NORUBT=0		;NO RUBOUT 
 = 0000                      C  	NOROMP=0		;NO ROM PROGRAM FEATURE 
 = 0000                      C  	NOATDL=0		;NO AUTO DELETE IN NON-FAST EXTENDED
				 
 = 0000                      C  	NODOT=0			;NO DOT IN LEN2 
 = 0000                      C  	NOEDIT=0		;NO EDIT COMMAND 
 = 0000                      C  	CRONLY=0		;ONLY PUT OUT CR, NOT CRLF TO TERMIN
				AL 
                             C  				;AND FILES 
Microsoft (R) Macro Assembler  Version 4.00                 7/13/20 11:38:31

GWRAM - GW BASIC OEM Independent RAM Declarations           Page     1-3
Common file to produce 2-segment 8086 GW-CPM BASIC          

 = 0000                      C  	NONULL=0		;NO NULL COMMAND, PUT OUT NULLS IN C
				RDO & OUTCH1 
 = 0000                      C  	NOVARP=0		;NO VARPTR FUNCTION 
 = 0001                      C  	FIVEO=1			;GENERATE VERSION WITH RELEASE 5.0 F
				EATURES 
 = 0001                      C  	FIVMEM=1 
 = 0001                      C  	ANSI=1 
 = 0001                      C  	FIVDSK=1		;5.0 NEW DSK CODE 
 = 0001                      C  	FIVLPT=1		;WIDTH LPRINT AND 255 FEATURE 
 = 0001                      C  	HEXOCT=1		;&H..., HEX$, &O..., OCT$ 
 = 0000                      C  	BINCSW=0		;&B..., BIN$ 
 = 0001                      C  	BLODSW=1		;BLOAD, BSAVE COMMANDS 
 = 0001                      C  	MEMIMG=1		;MEMORY IMAGE FILES 
 = 0001                      C  	GENBIN=1 
                             C   
 = 0000                      C  	TRUANS=0		;TRUE ANSI VERSION (STATIC SCAN, ON 
				ERROR) 
 = 0000                      C  	COMMNT=0		;DONT WANT BIG COMMENT 
 = 0000                      C  	INTEL=0			;INTEL PROPRIETARY 
 = 0000                      C  	INTFSW=0		;INTEL FLOATING POINT 
 = 0000                      C  	INTFHW=0 
 = 0000                      C  	RMX=0			;INTEL RMX VERSION 
 = 0000                      C  	EDIT80=0		;FOR EDIT80 I/O ROUTINES 
 = 0000                      C  	RSHACK=0 
 = 0000                      C  	INTLEC=0 
 = 0002                      C  	LENGTH=2		;  1 MEANS 8K, 2 MEANS 12K 
 = 0000                      C  	BASDEB=0		;WHETHER DBG WILL BE LOADED WITH BAS
				IC 
 = 0001                      C  	RSTLES=1		;WHETHER BASIC WILL USE RST LOCATION
				S 
                             C  				;TO MAKE ITSELF SMALLER & QUICKER 
 = 0001                      C  	REALIO=1		;WHETHER SIMULATE (=0) OR ON MACHINE
				 (=1) 
 = 0001                      C  	GENIO=1			;USE G/P ROUTINES 
 = 0001                      C  	CHSEAT=1		;CHSNS eats chars 
 = 0000                      C  	GENDSK=0		;USE G/P DSK CODE 
 = 0000                      C  	LONGI=0			;WHETHER WE ASK "TERMINAL WIDTH?" 
                             C  				;AND WANT SIN-TAN-COS-ATN? 
 = 0000                      C  	INSTSW=0		;FOR INSTR INSTRUCTION 
 = 0001                      C  	SWAPSW=1		;FOR SWAP STATEMENT 
 = 0000                      C  	MDS=0			;FOR INTEL MDS SYSTEMS 
 = 0000                      C  	SBC=0			;FOR INTEL SINGLE BOARD COMPUTER 
                             C  				;1=SBC 80/10, 2=SBC 80/20 
 = 0001                      C  	PURE=1			;ON FOR PURE CODE 
 = 0000                      C  	KILLER=0		;FOR ROM VERSION THAT WONT RUN IN RA
				M 
 = 0000                      C  	INTROM=0 
 = 0001                      C  	LPTSW=1 
 = 0001                      C  	NCRLPT=1 
 = 0000                      C  	NCRCAS=0 
 = 0000                      C  	ISC=0			;FOR ISC VERSION 
 = 0000                      C  	LPT3=0			;THREE LPT DRIVER VERSION(QUME,OKIA,C
				ENT) 
 = 0000                      C  	TSLPT=0 
Microsoft (R) Macro Assembler  Version 4.00                 7/13/20 11:38:31

GWRAM - GW BASIC OEM Independent RAM Declarations           Page     1-4
Common file to produce 2-segment 8086 GW-CPM BASIC          

                             C   
 = 0000                      C  	DOS=0			;ON TO GEN ROUTINES FOR DOS 
 = 0001                      C  	DISK=1			;FILE I/O FEATURES 
 = 0000                      C  	TIMSHR=0		;NO TIME-SHARING DISK 
 = 0000                      C  	TSDISK=0		;NO TIME-SHARING DISK FOR US 
 = 0000                      C  	SPCDSK=0		;MAY HAVE MM'S DISK CODE 
 = 0000                      C  	SPCNDS=0 
 = 0001                      C  	FAST=1			;CONSTANT COMPRESSION, RENUM & FRIEND
				S 
 = 0000                      C  	KEYSTA=0 
 = 0000                      C  	ISIS=0			;FOR VERSION TO RUN UNDER INTEL'S ISI
				S II DOS 
 = 0000                      C  	MDSISS=0		;FOR MDS VERSION THAT RUNS UNDER ISI
				S-II 
 = 0001                      C  	CPM=1			;FOR CPM compatible operating systems 
 = 0001                      C  	CPM2=1			;VERSION 2. CPM 
 = 0000                      C  	CPM86=0			;FOR CP/M-86 operating system 
 = 0001                      C  	SCP=1			;MS-DOS operating system 
 = 0000                      C  	CPMCON=0 
 = 0000                      C  	CPMSER=0		;CHECK CPM SERIAL #'S 
 = 0000                      C  	CPMADD=0		;FOR VERSION TO RUN ON ADDS CPM 
 = 0000                      C  	CPMA75=0		;FOR VERSION TO RUN ON ADDS SYSTEM 7
				5 
                             C  				;CP/M 
 = 0000                      C  	CPMRSH=0		;FOR RADIO SHACK CPM/M 
 = 0000                      C  	CPM110=0		;FOR CP/M @1100 HEX (INTERALIA) 
 = 0000                      C  	CPMSBC=0		;FOR VERSION TO RUN ON SBC CP/M AT 4
				100H 
 = 0000                      C  	CPMPER=0		;FOR PERTEC VERSION OF CPM 
 = 0000                      C  	CPMLIF=0		;LIFEBOAT CP/M AT 4200H 
 = 0000                      C  	CPMMDS=0		;MOHAWK DATA SYSTEMS CP/M 
 = 0000                      C  	CPMCON=0 
 = 0000                      C  	Z80=0 
 = 0001                      C  	DISK=1 
 = 0001                      C  	NCRLPT=1 
 = 0001                      C  	RSTLES=1 
 = 0000                      C  	DRVPOS=CPMADD 
 = 0000                      C  	TRNCHR=CPMADD 
 = 0000                      C  	INLADD=CPMADD 
 = 0001                      C  	LISTEN=1		;ON MEANS LISTEN FOR ^C 
 = 0001                      C  	LISTEN=1 
 = 0000                      C  	LEN2=0 
 = 0001                      C  	LEN2=1 
 = 0001                      C  	HEXOCT=1 
 = 0002                      C  	LENGTH=2 
 = 0001                      C  	RSTLES=1 
 = 0001                      C  	FIVLPT=1 
 = 0000                      C  	I8251=0			;THIS SWITCH IS USED FOR ROSEMOUNT V
				ERSION 
 = 0001                      C  	CONTRO=1		;ALLOW ^O 
 = 0001                      C  	LEN3=LEN2 OR CASSW 
                             C   
                             C   
                             C   
Microsoft (R) Macro Assembler  Version 4.00                 7/13/20 11:38:31

GWRAM - GW BASIC OEM Independent RAM Declarations           Page     1-5
Common file to produce 2-segment 8086 GW-CPM BASIC          

 = 0001                      C  	STRING=1 
 = 0001                      C  	NCRLPT=1 
                             C   
                             C  ; *** OEM Switches which need to be defaulted t
				o 0 
                             C  ; 
 = 0000                      C  	CMPUTN=0 
 = 0000                      C  	DUPONT=0 
 = 0000                      C  	EXIDY=0 
 = 0000                      C  	GESBC=0 
 = 0000                      C  	HEATH=0 
 = 0000                      C  	LOKHED=0 
 = 0000                      C  	MOSTEK=0 
 = 0000                      C  	TEK=0 
 = 0000                      C  	TRSER2=0 
 = 0000                      C  	NASCOM=0 
 = 0000                      C  	NATROM=0 
 = 0000                      C  	NCRBAS=0 
 = 0000                      C  	NCRDEB=0 
 = 0000                      C  	NCRDEB=0 
 = 0000                      C  	NCRELS=0 
 = 0000                      C  	ONTEL=0 
 = 0000                      C  	PCS=0 
 = 0000                      C  	SGSATS=0 
 = 0000                      C  	ALTAIR=0 
 = 0000                      C  	DMC=0 
 = 0000                      C  	PANBAS=0 
 = 0000                      C  	XTNSYS=0 
 = 0000                      C  	NECBAS=0 
                             C  ;**********************************************
				********************* 
                             C  ; Z80 related macros 
                             C  ;**********************************************
				********************* 
 = 0001                      C  	Z80=1			;FOR VERSION THAT RUNS ON BOTH 
                             C  				;8080'S AND ZILOG Z-80'S 
 = 0001                      C  	Z80MAC=1		;USE 8080 MACROS INSTEAD OF Z80 INST
				RUCTIONS 
 = 0000                      C  	Z80=0 
 = 0001                      C  	Z80=1 
                             C  LDIR	MACRO 
                             C  	MOV	WORD PTR A,WORD PTR M 
                             C  	STAX	D 
                             C  	INXF	H 
                             C  	INXF	D 
                             C  	DCXF	B 
                             C  	MOV	WORD PTR A,WORD PTR B 
                             C  	ORA	C 
                             C  	JNZ	_-8D 
                             C  ENDM 
                             C  LDDR	MACRO 
                             C  	MOV	WORD PTR A,WORD PTR M 
                             C  	STAX	D 
                             C  	DCXF	H 
Microsoft (R) Macro Assembler  Version 4.00                 7/13/20 11:38:31

GWRAM - GW BASIC OEM Independent RAM Declarations           Page     1-6
Common file to produce 2-segment 8086 GW-CPM BASIC          

                             C  	DCXF	D 
                             C  	DCXF	B 
                             C  	MOV	WORD PTR A,WORD PTR B 
                             C  	ORA	C 
                             C  	JNZ	_-8D 
                             C  ENDM 
                             C  DJNZ	MACRO	    DEST 
                             C  	DCR	B 
                             C  	JNZ	DEST 
                             C  ENDM 
                             C  ;**********************************************
				********************* 
                             C  ; Define reset routines. 
                             C  ;**********************************************
				********************* 
                             C  FSIGN	MACRO 
                             C  	CALL	SIGN 
                             C  ENDM 
                             C  PUSHM	MACRO 
                             C  	MOV	WORD PTR C,WORD PTR M 
                             C  	INX	H 
                             C  	MOV	WORD PTR B,WORD PTR M 
                             C  	INX	H 
                             C  	PUSH	WORD PTR B 
                             C  ENDM 
                             C  SYNCHK	MACRO	X 
                             C  	CALL	SYNCHR 
                             C  	DB	OFFSET X 
                             C  ENDM 
                             C  OUTCHR	MACRO 
                             C  	CALL	OUTDO 
                             C  ENDM 
                             C  CHRGET	MACRO 
                             C  	CALL	CHRGTR 
                             C  ENDM 
                             C  COMPAR	MACRO 
                             C  	CALL	DCOMPR 
                             C  ENDM 
                             C  GETYPE	MACRO 
                             C  	CALL	GETYPR 
                             C  ENDM 
                             C  COMPAR	MACRO 
                             C  	DB	73O 
                             C  	DB	332O 
                             C   ENDM 
                             C  ACRLF	MACRO 
                             C  	DB	13D 
                             C  	DB	10D 
                             C  ENDM 
                             C  PUSHR	MACRO 
                             C  	PUSH	WORD PTR D 
                             C  	PUSH	WORD PTR B 
                             C  ENDM 
                             C  POPR	MACRO 
Microsoft (R) Macro Assembler  Version 4.00                 7/13/20 11:38:31

GWRAM - GW BASIC OEM Independent RAM Declarations           Page     1-7
Common file to produce 2-segment 8086 GW-CPM BASIC          

                             C  	POP	WORD PTR B 
                             C  	POP	WORD PTR D 
                             C  ENDM 
                             C  MOVRI	MACRO	B,C,D,E 
                             C  	DB	1O		; "LXI  B" 
                             C  	DB	OFFSET C 
                             C  	DB	OFFSET B 
                             C  	DB	21O		; "LXI  D" 
                             C  	DB	OFFSET E 
                             C  	DB	OFFSET D 
                             C  ENDM 
                             C  INST	MACRO	X 
                             C  	DB	OX 
                             C  ENDM 
                             C   
                             C   
 = 000F                      C  	CONTO=15		;CHARACTER TO SUPRESS OUTPUT (USUALL
				Y CONTROL-O) 
 = 0000                      C  	DBLTRN=0		;FOR DOUBLE PRECISION TRANSCENDENTAL
				S 
                             C   
 = 000E                      C  	CLMWID=14D		;MAKE COMMA COLUMNS FOURTEEN CHARA
				CTERS 
 = 0080                      C  	DATPSC=128D		;NUMBER OF DATA BYTES IN DISK SEC
				TOR 
 = 0050                      C  	LINLN=80D		;TERMINAL LINE LENGTH 
 = 0084                      C  	LPTLEN=132D 
 = 00FF                      C  	BUFLEN=255		;LONG LINES 
 = 0028                      C  	NAMLEN=40D		;MAXIMUM LENGTH NAME -- 3 TO 127 
                             C   
 = 006E                      C  	NUMLEV=110D		;NUMBER OF STACK LEVELS RESERVED 
                             C  				;BY AN EXPLICIT CALL TO GETSTK 
 = 0004                      C  	STRSIZ=4 
 = 0003                      C  	STRSIZ=3 
 = 0003                      C  	NUMTMP=3		;NUMBER OF STRING TEMPORARIES 
 = 000A                      C  	NUMTMP=10 
                             C   
 0008                        C  	.RADIX	8 
                             C  ; 
                             C  ; Useful macros 
                             C  ; 
                             C   
                             C  ACRLF   MACRO 
                             C          DB      13D 
                             C          DB      10D 
                             C  ENDM 
                             C   
                             C  INS86   MACRO   A,B,C,D 
                             C          DB      A&O 
                             C  IFNB    <B> 
                             C          DB      B&O 
                             C  ENDIF 
                             C  IFNB    <D> 
                             C          DB      C&O 
Microsoft (R) Macro Assembler  Version 4.00                 7/13/20 11:38:31

GWRAM - GW BASIC OEM Independent RAM Declarations           Page     1-8
Common file to produce 2-segment 8086 GW-CPM BASIC          

                             C          DB      D&O 
                             C  ENDIF 
                             C  IFB     <D> 
                             C   IFNB   <C> 
                             C          DW      C 
                             C    ENDIF 
                             C   ENDIF 
                             C  ENDM 
                             C   
                             C  CALLOS  MACRO 
                             C          CALL    CPMENT 
                             C  ENDM 
                             C   
                             C  POPR    MACRO 
                             C          POP     CX 
                             C          POP     DX 
                             C  ENDM 
                             C   
                             C  ADR     MACRO   X 
                             C          DW      X 
                             C  ENDM 
                             C   
                             C  DC      MACRO   ARG 
                             C          IRPC    ZZ,<ARG> 
                             C              IFDIF       <ZZ>,<">
                             C                  DB      "&ZZ&" 
                             C                  _A="&ZZ&" 
                             C              ENDIF 
                             C          ENDM 
                             C  ENDM 
                             C  ; 
Microsoft (R) Macro Assembler  Version 4.00                 7/13/20 11:38:31

GWRAM - GW BASIC OEM Independent RAM Declarations           Page     1-9
Common file to produce 2-segment 8086 GW-CPM BASIC          

                             C          PAGE 
                             C   
                                 
                                 
                                	TITLE   GWRAM - GW BASIC OEM Independent RAM D
				eclarations 
                                 
                                COMMENT	* 
                                        --------- --- ---- -- --------- 
                                        COPYRIGHT (C) 1981 BY MICROSOFT 
                                        --------- --- ---- -- --------- 
                                        * 
                                 
                             C  	INCLUDE	GIO86U.INC 
                             C  ; [ This translation created 12-Jan-83 by Versi
				on 4.3 ] 
                             C   
                             C  	SUBTTL GIO86U - Device Independent I/O Constan
				ts and Macros 
                             C   
                             C  COMMENT	* 
                             C   
                             C  --------- --- ---- -- --------- 
                             C  COPYRIGHT (C) 1982 BY MICROSOFT 
                             C  --------- --- ---- -- --------- 
                             C   
                             C          Programmer: Tom Corbett,  Microsoft Inc
				. 
                             C   
                             C          * 
                             C   
                             C  ROFFST	MACRO	NAME,SIZE	;define record macro 
                             C  	NAME=_OFFST 
                             C  	_OFFST=_OFFST+SIZE 
                             C  ENDM  
                             C   
                             C   
                             C  ;ASCII character definitions 
                             C  ; 
 = 0003                      C  	ASCCTC=3D		;CTL-C 
 = 0008                      C  	ASCBS=8D		;backspace 
 = 0009                      C  	ASCTAB=9D		;Tab 
 = 000A                      C  	ASCLF=10D		;Line Feed 
 = 000D                      C  	ASCCR=13D		;Carriage Return 
 = 0013                      C  	ASCCTS=19D		;CTL-S 
 = 001A                      C  	ASCCTZ=26D		;Control Z (End-of-file for some d
				evices) 
 = 001B                      C  	ASCESC=27D		;Escape 
 = 0020                      C  	ASCSPC=32D		;Space 
                             C   
                             C  ;Special File ID's (identified by 1st byte of f
				ile) 
                             C  ; 
 = 00FF                      C  	BINFID=255D		;files created by SAVE "fn" 
Microsoft (R) Macro Assembler  Version 4.00                 7/13/20 11:38:31

GWRAM - GW BASIC OEM Independent RAM Declarations           Page     1-10
GIO86U - Device Independent I/O Constants and Macros        

 = 00FE                      C  	PROFID=254D		;files created by SAVE "fn",P 
 = 00FD                      C  	BSVFID=253D		;files created by BSAVE "fn" 
                             C   
                             C  ;Generalized I/O Function Codes: 
                             C  ; 
 = 0000                      C  	_OFFST=0		;initialize count 
                             C  	ROFFST	G_EOF,2		;test EOF for file opened to t
				his device 
                             C  	ROFFST	G_LOC,2		;LOC 
                             C  	ROFFST	G_LOF,2		;LOF 
                             C  	ROFFST	G_CLS,2		;perform special CLOSE functio
				ns for this device 
                             C  	ROFFST	G_SWD,2		;set device width 
                             C  	ROFFST	G_RND,2		;GET/PUT random record from/to
				 this device 
                             C  	ROFFST	G_OPN,2		;perform special OPEN function
				s for this device 
                             C  	ROFFST	G_SIN,2		;input 1 byte from file opened
				 on this device 
                             C  	ROFFST	G_SOT,2		;output 1 byte to file opened 
				on this device 
                             C  	ROFFST	G_GPS,2		;POS 
                             C  	ROFFST	G_GWD,2		;get device width 
                             C  	ROFFST	G_SCW,2		;set device column width 
                             C  	ROFFST	G_GCW,2		;get device column width 
                             C  	ROFFST	G_BIN,2		;block input from file opened 
				on this device 
                             C  	ROFFST	G_BOT,2		;block output to file opened o
				n this device 
                             C   
                             C   
Microsoft (R) Macro Assembler  Version 4.00                 7/13/20 11:38:31

GWRAM - GW BASIC OEM Independent RAM Declarations           Page     1-11
GIO86U - Device Independent I/O Constants and Macros        

                             C          PAGE 
                                 
                                	.SALL 
                                 
 000A                           	.RADIX	10 
                                 
 = 0001                         MUSIC=PLAYSW OR BEEPSW 
 = 0001                         GRPMCL=1 
 = 0001                         NMPAGE=1 
                                 
                                	PUBLIC	HEDING,$DATE,CERMSG 
                                 
 = 0022                         	QUOTE=42O 
 = 000D                         	CR=15O 
                                ; 
                                 
Microsoft (R) Macro Assembler  Version 4.00                 7/13/20 11:38:31

GWRAM - GW BASIC OEM Independent RAM Declarations           Page     1-12
GIO86U - Device Independent I/O Constants and Macros        

                                	PAGE 
                                	SUBTTL Sign on message and other data to be di
				scarded after INIT 
                                 
 0000                           HEDING:	ACRLF 
 0002  28 43 29 20 43 6F 70     	DB	"(C) Copyright Microsoft 1982" 
       79 72 69 67 68 74 20     
       4D 69 63 72 6F 73 6F     
       66 74 20 31 39 38 32     
                                
 001E  20 20 20 20 20 20 20     $DATE:	DB	"         "	;$DATE 
       20 20                    
                                	ACRLF 
 0029  00                       	DB	00O		;Terminate previous string. 
                                 
 002A                           CERMSG:	ACRLF			;Command line error message 
 002C  45 72 72 6F 72 20 64     	DB	"Error detected in command line" 
       65 74 65 63 74 65 64     
       20 69 6E 20 63 6F 6D     
       6D 61 6E 64 20 6C 69     
       6E 65                    
                                	ACRLF 
 004C  00                       	DB	00O 
                                 
 004D                           CSEG	ENDS			; End of code segment constants 
Microsoft (R) Macro Assembler  Version 4.00                 7/13/20 11:38:31

GWRAM - GW BASIC OEM Independent RAM Declarations           Page     1-13
Sign on message and other data to be discarded after INIT   

                                	PAGE 
 0000                           DSEG	SEGMENT PUBLIC 'DATASG'		; Start of data s
				egment GW variables 
                                	ASSUME DS:DSEG 
                                 
                                ; 
                                ; ASM86 version don't need to fool around with 
				offsets into OEMBAS, 
                                ; as the linker can preload segments with data.
				  Thus, the R macros 
                                ; need only define the label and a size if the 
				variable is not intitalized. 
                                ; 
                                R1	MACRO	NAME,SIZE 
                                	Q=Q+SIZE 
                                	QDS=QDS+SIZE 
                                	PUBLIC	NAME 
                                	ORG	$-1 
                                NAME	LABEL WORD 
                                	ORG	$+1 
                                IF	SIZE 
                                	DB	SIZE DUP(?) 
                                ENDIF 
                                ENDM 
                                 
                                R	MACRO	NAME,SIZE 
                                	Q=Q+SIZE 
                                	QDS=QDS+SIZE 
                                	PUBLIC	NAME 
                                NAME	LABEL WORD 
                                IF	SIZE 
                                	DB	SIZE DUP(?) 
                                ENDIF 
                                ENDM 
                                 
                                RINIT	MACRO	NAME,SIZE 
                                	PUBLIC	NAME 
                                NAME	LABEL WORD 
                                	QQ=NAME-MOVDAT-Q 
                                IF	QQ 
                                	%OUT  *FATAL RINIT ERROR* 
                                ENDIF 
                                	Q=Q+SIZE 
                                	QDS=QDS+SIZE 
                                ENDM 
                                 
                                ACRLF	MACRO 
                                	DB	13D 
                                	DB	10D 
                                ENDM 
                                 
                                 
 = 0000                         	Q=0 
 = 0000                         	QDS=0 
Microsoft (R) Macro Assembler  Version 4.00                 7/13/20 11:38:31

GWRAM - GW BASIC OEM Independent RAM Declarations           Page     1-14
Sign on message and other data to be discarded after INIT   

                                	RINIT	MOVDAT,0 
                                	RINIT	FREFLG,1	;Flag to print BYTES FREE messa
				ge 
 0000  00                       	DB	0D 
                                	RINIT	INITFG,1	;Initialization complete flag 
 0001  00                       	DB	0D		;INITFG 
                                	RINIT	ESCFLG,1	;Escape seq. in progress flag 
 0002  00                       	DB	0D 
                                	RINIT	TWOBYT,1	;Save location for collecting t
				wo byte chars 
 0003  00                       	DB	0D 
                                 
                                ; 
                                ; Keyboard Support Variables 
                                ; 
                                	RINIT	STRTAB,16D*NMKEYF	;SOFTKEY table 
                                ; 
                                ;** The following line is used by a source main
				t. tool - do not remove 
                                ;** (OEM FUNCTION KEY DEFINITIONS) ************
				** 
                                ; 
 0004  4C 49 53 54              	DB	"LIST"		;FUNCTION 1 
 0008  00                       	DB	0D 
 0009  000B[                    	DB	11D DUP(?) 
            ??                  
                         ]      
                                
 0014  52 55 4E                 	DB	"RUN"		;FUNCTION 2 
 0017  0D 00                    	DB	OFFSET CR,0 
 0019  000B[                    	DB	11D DUP(?) 
            ??                  
                         ]      
                                
 0024  4C 4F 41 44              	DB	"LOAD"		;FUNCTION 3 
 0028  22 00                    	DB	OFFSET QUOTE,0 
 002A  000A[                    	DB	10D DUP(?) 
            ??                  
                         ]      
                                
 0034  53 41 56 45              	DB	"SAVE"		;FUNCTION 4 
 0038  22 00                    	DB	OFFSET QUOTE,0 
 003A  000A[                    	DB	10D DUP(?) 
            ??                  
                         ]      
                                
 0044  43 4F 4E 54              	DB	"CONT"		;FUNCTION 5 
 0048  0D 00                    	DB	OFFSET CR,0 
 004A  000A[                    	DB	10D DUP(?) 
            ??                  
                         ]      
                                
 0054  2C                       	DB	","		;FUNCTION 6 
 0055  22                       	DB	OFFSET QUOTE 
Microsoft (R) Macro Assembler  Version 4.00                 7/13/20 11:38:31

GWRAM - GW BASIC OEM Independent RAM Declarations           Page     1-15
Sign on message and other data to be discarded after INIT   

 0056  4C 50 54 31 3A           	DB	"LPT1:" 
 005B  22 00                    	DB	OFFSET QUOTE,0 
 005D  0007[                    	DB	7D DUP(?) 
            ??                  
                         ]      
                                
 0064  54 52 4F 4E              	DB	"TRON"		;FUNCTION 7 
 0068  0D 00                    	DB	OFFSET CR,0 
 006A  000A[                    	DB	10D DUP(?) 
            ??                  
                         ]      
                                
 0074  54 52 4F 46 46           	DB	"TROFF"		;FUNCTION 8 
 0079  0D 00                    	DB	OFFSET CR,0 
 007B  0009[                    	DB	9D DUP(?) 
            ??                  
                         ]      
                                
 0084  4B 45 59                 	DB	"KEY"		;FUNCTION 9 
 0087  00                       	DB	0D 
 0088  000C[                    	DB	12D DUP(?) 
            ??                  
                         ]      
                                
 0094  53 43 52 45 45 4E 20     	DB	"SCREEN 0,0,0"	;FUNCTION : 
       30 2C 30 2C 30           
 00A0  0D 00                    	DB	OFFSET CR,0 
 00A2  0002[                    	DB	2D DUP(?) 
            ??                  
                         ]      
                                
                                ;**(END OF DEFINITIONS) ***********************
				** 
                                ;The preceding line is used by a source maint. 
				tool - do not remove. 
                                ; 
                                	RINIT	ENDTAB,0 
 = 0000                         	DIST=ENDTAB-STRTAB-(16D*NMKEYF) 
                                ENDIF 
                                 
                                 
                                	RINIT	CMDOFF,2	;Index into ESCBUFF or STRTAB 
 00A4  0000                     	DW	0D 
                                	RINIT	FKCNUM,1	;Number of chars. per fun. key 
				to display 
 00A6  06                       	DB	6D		; on the last line 
                                	RINIT	ACTPAG,1	;Active page 
 00A7  0001[                    	DB	1 DUP(?) 
            ??                  
                         ]      
                                
                                	RINIT	F_EDPG,1	; Flag - =^O377 indicates progr
				am statement edit 
 00A8  00                       	DB	0 
Microsoft (R) Macro Assembler  Version 4.00                 7/13/20 11:38:31

GWRAM - GW BASIC OEM Independent RAM Declarations           Page     1-16
Sign on message and other data to be discarded after INIT   

                                	RINIT	SEMFLG,1	; Flag - non-zero indicates INP
				UT; statement(no 
 00A9  00                       	DB	0		;        CRLF at end of input) 
                                	RINIT	F_CRET,1	;Zero indicates last character 
				output was CR 
 00AA  FF                       	DB	377O 
                                	RINIT	F_INST,1	; Flag - =^O377 indicates inser
				t mode 
 00AB  00                       	DB	0 
                                	RINIT	F_EDIT,1	; Flag - non-zero indicates INL
				IN active 
 00AC  00                       	DB	0 
                                ; 
                                ;MACLNG variables for DRAW 
                                ; 
                                	RINIT	DRWSCL,1	;DRAW: SCALE 
 00AD  00                       	DB	00O		;DRAW POS,2 ling factor 
                                	RINIT	DRWFLG,1	;OPTION FLAGS 
 00AE  00                       	DB	00O		;DRAW flag 
                                	RINIT	DRWANG,1	;DRAW "ANGLE" (0..3) 
 00AF  00                       	DB	00O		;DRAW translation angle 
                                	RINIT	MCLPTR,2	;MAC LANG PTR 
 00B0  0002[                    	DB	2 DUP(?)	;Other DRAW vars. not initialized 
            ??                  
                         ]      
                                
                                	RINIT	MCLLEN,1	;STRING LENGTH 
 00B2  0001[                    	DB	1 DUP(?) 
            ??                  
                         ]      
                                
                                	RINIT	MCLTAB,2	;PTR TO COMMAND TABLE 
 00B3  0002[                    	DB	2 DUP(?) 
            ??                  
                         ]      
                                
                                ;OEM Independent Music Locations 
                                	RINIT	OCTAVE,1	;PLAY: OCTAVE 
 00B5  04                       	DB	4D		;OCTAVE 
                                	RINIT	BEATS,1		;BEATS 
 00B6  78                       	DB	120D		;BEATS (default = 120 L4 notes per mi
				nute) 
                                	RINIT	NOTELN,1	;NOTE LENGTH 
 00B7  04                       	DB	4D		;NOTELN 
                                	RINIT	NOTE1L,1	;One (current) Note Length 
 00B8  04                       	DB	4D		;NOTE1L 
                                	RINIT	MSCALE,1	;Note Length Scale Factor (ML,M
				N,MS) 
 00B9  03                       	DB	3D		;MSCALE (default = 7/8 time) 
                                	RINIT	MMODE,1		;Music Mode (Foreground/Backgro
				und) 
 00BA  00                       	DB	0D		;MMODE (default = forground) 
                                	RINIT	SNDTIC,1	;Sound/Clock tick modulo counte
				r 
Microsoft (R) Macro Assembler  Version 4.00                 7/13/20 11:38:31

GWRAM - GW BASIC OEM Independent RAM Declarations           Page     1-17
Sign on message and other data to be discarded after INIT   

 00BB  0001[                    	DB	1 DUP(?) 
            ??                  
                         ]      
                                
                                	RINIT	SNDBAS,2	;Base addr of Sound Queue Cells
				 
 00BC  0002[                    	DB	2 DUP(?) 
            ??                  
                         ]      
                                
                                	RINIT	SNDOUT,2	;Base addr of Sound Queue Buffe
				r 
 00BE  0002[                    	DB	2 DUP(?) 
            ??                  
                         ]      
                                
Microsoft (R) Macro Assembler  Version 4.00                 7/13/20 11:38:31

GWRAM - GW BASIC OEM Independent RAM Declarations           Page     1-18
Sign on message and other data to be discarded after INIT   

                                	PAGE 
                                	SUBTTL  Page Dependent OEM Independent Variabl
				es 
                                 
                                ; Page Dependent variables arranged as follows:
				 
                                ; Variables which are initialized by block move
				 are declared using the RINIT 
                                ; macro.  These declarations are made within th
				e definition of macro PDIRAM 
                                ; (page dependent initialized RAM). 
                                ; Variables which are not initialized by block 
				move are declared using the R 
                                ; macro.  These declarations are made within th
				e definition of macro PDURAM 
                                ; (page dependent uninitialized RAM). 
                                ; The memory map for multi page page dependent 
				variables is as follows: 
                                ;----------------------------------------------
				---------------------------- 
                                ; 
                                ; CS: resident initialization values are copied
				 to DS: by the same copy 
                                ;     as usual. 
                                ; 
                                ;----------------------------------------------
				---------------------------- 
                                ; 
                                ; DS:PDIDS1:              ;Beginning of ini val
				ue block copied from CS: 
                                ;                         ; This block is used 
				to initialize pages at 
                                ;                         ; various times durin
				g execution. 
                                ; 
                                ;           (initialization values set by CS: t
				o DS: block move) 
                                ; 
                                ; DS:FPDVAR:              ;First page dependent
				 variable 
                                ; 
                                ;           (first come vars initializable by b
				lock move from PDIDS1. 
                                ;            Then come all other vars. which ar
				e page dependent.) 
                                ; 
                                ; DS:LPDVAR:              ;Address of end of va
				riables for active page 
                                ;                         ; The variables betwe
				en FPDVAR and LPDVAL are the 
                                ;                         ; ones that are label
				ed as per RINIT and R macros. 
                                ; 
                                ; (Lastly comes (LPDVAR-FPDVAR)*NMPAGE RAM loca
Microsoft (R) Macro Assembler  Version 4.00                 7/13/20 11:38:31

GWRAM - GW BASIC OEM Independent RAM Declarations           Page     1-19
Page Dependent OEM Independent Variables                    

				tions used to store the state 
                                ;   of each page while it is not active.) 
                                ; 
                                ;In systems where only one page is available la
				bel FPDVAL is made to 
                                ; coincide with label PDIDS1 and there are no l
				ocations reserved to store 
                                ; the state of the page while it is not active.
				 
                                ; 
                                 
                                	PUBLIC	PDIDS1		;Start of DS: init block. 
                                	PUBLIC	FPDVAR,LPDVAR	;Addresses of first and l
				ast active page vars in DS: 
                                 
                                PDIRAM	MACRO 
                                ;;;;;;;;;;;;;;;;;;;;;;;;;;;;;;;;;;;;;;;;;;;;;;;
				;;;;;;;;;;;;;;;;;;; 
                                ;       Start of declaration of page dependent 
				variables 
                                ;       which are initialized by block move eit
				her by 
                                ;       GWINIT (for one page systems) or 
                                ;       PDVINI (Page Dependent Var INI for mult
				i-page systems 
                                ; 
                                ;CAUTION!!! 
                                ; 
                                ; The PDIRAM module is invoked several times.  
				CS: space should be 
                                ; reserved only once.  To solve this problem ps
				eudos which declare 
                                ; CS: values must be accessed through a macro w
				hich can either be 
                                ; defined as calls to the appropriate pseudo or
				 as NOPs. 
                                ; Currently, DB, DW, and DT are the only macros
				 supported in this manner. 
                                ;;;;;;;;;;;;;;;;;;;;;;;;;;;;;;;;;;;;;;;;;;;;;;;
				;;;;;;;;;;;;;;;;;;; 
                                 
                                ; 
                                ;Screen Editor Support Variables 
                                ; 
                                 
                                	RINIT	KEYSW,1		;Flag for softkey display 
                                	DB	0		;Flag: 0=do not display softkeys. 
                                ENDM 
                                 
                                PDURAM	MACRO 
                                ;;;;;;;;;;;;;;;;;;;;;;;;;;;;;;;;;;;;;;;;;;;;;;;
				;;;;;;;;;;;;;;;;;;; 
                                ;       Start of declaration of page dependent 
				variables 
Microsoft (R) Macro Assembler  Version 4.00                 7/13/20 11:38:31

GWRAM - GW BASIC OEM Independent RAM Declarations           Page     1-20
Page Dependent OEM Independent Variables                    

                                ; 
                                ; The PDRAM module is invoked several times.  C
				S: space should 
                                ; not be reserved.  DS: lables must be declared
				 only once. 
                                ;;;;;;;;;;;;;;;;;;;;;;;;;;;;;;;;;;;;;;;;;;;;;;;
				;;;;;;;;;;;;;;;;;;; 
                                 
                                ;The following is page dependent data unique to
				 the SCNDRV module 
                                ; 
                                	R	LINLEN,1	; Number of characters in a line 
                                	R	LINCNT,1	; Number of lines 
                                	R	CRTWID,1	; Characters per line 
                                	R	WDOTOP,1	; Top line in window(1-[LINCNT]) 
                                	R	WDOBOT,1	; Bottom line in window([WDOTOP]-[L
				INCNT]) 
                                	R	WDOLFT,1	; Leftmost column in window(1-[CRTW
				ID]) 
                                	R	WDORGT,1	; Rightmost column plus one([WDOLFT
				]-[LINCNT]) 
                                	R	WDTFLG,1	; Default width of SCRN: 
                                	R	LINTTB,2*(NMLINE+1)	; Line Terminator table 
                                	R	TRMCUR,2	; Address of current terminator ent
				ry (2 bytes) 
                                	R	FSTLIN,1	; Line number saved by SCNSTM call 
                                	R	FSTCOL,1	; Column saved as above and decreas
				es to WDOLFT 
                                	R	LSTLIN,1	; Line number saved by SCNSTM and g
				rows as the 
                                	R	LSTCOL,1	; Column saved as above which grows
				 as the 
                                				;   col on LSTLIN). 
                                 
                                ;NOTE: Some Routines expect CSRX to immediately
				 follow CSRY 
                                	R	CSRY,1		; Current line(1-[LINCNT]) 
                                	R	CSRX,1		; Current column(1-[CRTWID]) 
                                ENDM 
                                 
                                 
                                RINIT	MACRO	NAME,SIZE 
                                	QDS=QDS+SIZE 
                                ENDM 
                                 
 = 00C0                         	QDS=Q 
                                 
                                	R	PDIDS1,0	;Page Dependent DS: init. value blo
				ck start 
                                	PDIRAM			;Insert Ini values 
 = 00C0                         	FPDVAR=PDIDS1		;INI area and First Page Depend
				ent VARiable 
                                				; are overlaid in this case 
                                RINIT	MACRO	NAME,SIZE 
Microsoft (R) Macro Assembler  Version 4.00                 7/13/20 11:38:31

GWRAM - GW BASIC OEM Independent RAM Declarations           Page     1-21
Page Dependent OEM Independent Variables                    

                                	PUBLIC	NAME 
                                NAME	LABEL WORD 
                                	QQ=NAME-MOVDAT-QDS 
                                IF	QQ 
                                	%OUT  *FATAL RINIT ERROR* 
                                ENDIF 
                                	Q=Q+SIZE 
                                	QDS=QDS+SIZE 
                                ENDM 
                                 
                                ;Although RINIT is used subsequently there are 
				no more CS: RAM locations 
                                ; to declare.   The RINIT will be used for DS: 
				declaration only 
                                ; 
                                ; 
                                ; Now declare the labeled DS: for 1 page system
				s.  This area is the 
                                ;       labeled active page for multi-page syst
				mes 
                                ; 
                                	PDIRAM			;Declare Active Page Inited RAM 
                                ; 
                                	PDURAM			;Declare Active Page Uninit RAM 
                                	R	LPDVAR,0	;End of active page vars in DS: 
                                 
                                RINIT	MACRO	NAME,SIZE 
                                IF	SIZE 
                                	DB	SIZE DUP(?) 
                                	QDS=QDS+SIZE 
                                ENDIF 
                                ENDM 
                                R	MACRO	NAME,SIZE 
                                IF	SIZE 
                                	DB	SIZE DUP(?) 
                                	QDS=QDS+SIZE 
                                ENDIF 
                                ENDM 
                                ; 
                                ;Now put back the R macro for use by Page Indep
				endent Uninitialized RAM 
                                ; declarations. 
                                ; 
                                ;P.I.U. RAM MUST be declared after all P.D.U. R
				AM, P.D.I. RAM, 
                                ; and P.I.I. RAM. 
                                ; 
                                 
                                R	MACRO	NAME,SIZE 
                                	PUBLIC	NAME 
                                NAME	LABEL WORD 
                                IF	SIZE 
                                	DB	SIZE DUP(?) 
                                ENDIF 
Microsoft (R) Macro Assembler  Version 4.00                 7/13/20 11:38:31

GWRAM - GW BASIC OEM Independent RAM Declarations           Page     1-22
Page Dependent OEM Independent Variables                    

                                	QQ=NAME-MOVDAT-QDS 
                                IF	QQ 
                                	%OUT  *FATAL RINIT ERROR* 
                                ENDIF 
                                	Q=Q+SIZE 
                                	QDS=QDS+SIZE 
                                ENDM 
Microsoft (R) Macro Assembler  Version 4.00                 7/13/20 11:38:31

GWRAM - GW BASIC OEM Independent RAM Declarations           Page     1-23
Page Dependent OEM Independent Variables                    

                                	PAGE 
                                	SUBTTL  Page Independent Uninitialized RAM Loc
				ation Definitions 
                                 
                                ;OEM Independent Graphics Locations 
                                ; 
                                	R	GRPACX,2	; Previous X Coordinate 
                                	R	GRPACY,2	; Previous Y Coordinate 
                                	R	ATRBYT,1	;Attribute Byte to Store 
                                	R	GXPOS,2		;X Position of Second Coordinate 
                                	R	GYPOS,2		;Y Position of Second Coordinate 
                                	R1	MAXUPD,2	;Address of Major Axis Move Update
				 
                                	R1	MINUPD,2	;Address of Minor Axis Move Update
				 
                                	R	MAXDEL,2	;Largest Delta for Line 
                                	R	MINDEL,2	;Smaller of 2 Deltas for Line 
                                	R	ASPECT,2	;ASPECT RATIO 
                                	R	CENCNT,2	;END CIRCLE POINT COUNT 
                                	R	CLINEF,1	;LINE-TO-CENTER FLAG 
                                	R	CNPNTS,2	;1/8 NO. OF PTS IN CIRCLE 
                                	R	CPLOTF,1	;PLOT FLAG 
                                	R	CPCNT,2		;1/8 NO. OF PTS IN CIRCLE 
                                	R	CPCNT8,2	;NO. OF PTS IN CIRCLE 
                                	R	CRCSUM,2	;CIRCLE SUM 
                                	R	CSTCNT,2	;START COUNT 
                                	R	CSCLXY,1	;FLAG WHETHER ASPECT WAS .GT. 1 
                                	R	CSAVEA,2	;ADVGRP C save area 
                                	R	CSAVEM,1	;ADVGRP C save area 
                                	R	CXOFF,2		;X OFFSET FROM CENTER SAVE LOC 
                                	R	CYOFF,2		;Y OFFSET SAVE LOCATION 
                                	R	LOHMSK,1	;RAM SAVE AREA FOR LEFT OVERHANG 
                                	R	LOHDIR,1	;*** LOHMSK & LOHDIR MUST BE CONTIG
				 ! 
                                	R	LOHADR,2 
                                	R	LOHCNT,2 
                                	R	LFPROG,1	;PAINT: SCAN LINE ALREADY PAINTED F
				LAGS 
                                	R	RTPROG,1 
                                	R	SKPCNT,2	;SKIP COUNT 
                                	R	MOVCNT,2	;MOVE COUNT 
                                	R	PDIREC,1	;PAINT DIRECTION 
                                	R	PUTFLG,1	;WHETHER DOING PUT() OR GET() 
                                	R	QUEINP,2 
                                	R	QUEOUT,2 
                                	R	PSNLEN,2	;Queue present length 
                                	R	QUELEN,2	;Maximum queue length 
                                 
                                	R	SAVLEN,2	;used by BLOAD, BSAVE 
                                 
                                ; 
                                ;Device Variables 
                                ; 
                                 
Microsoft (R) Macro Assembler  Version 4.00                 7/13/20 11:38:31

GWRAM - GW BASIC OEM Independent RAM Declarations           Page     1-24
Page Independent Uninitialized RAM Location Definitions     

                                	PUBLIC	FOPTSZ 
 = 0040                         	FOPTSZ=64D		;size of file open options buffer 
                                 
                                	R	FILOPT,FOPTSZ	;buffer for Special-Device Ope
				n Options 
                                 
                                ; 
                                ;Line Printer variables 
                                ; 
                                ;       note: If size of LPT Device Control Blo
				ck changes, 
                                ;             routine GLPDCB in GIOLPT must be 
				changed. 
                                ; 
                                	R	LP1DCB,4*NMLPT	;LPT1 device control block 
                                				;2 bytes (width, position) 
                                ; 
                                ;Keyboard variables 
                                ; 
                                	PUBLIC	KYBQSZ 
 = 0020                         	KYBQSZ=32D 
                                	R	KYBQDS,8	;queue descriptor (for format see G
				IO86) 
                                	R	KYBQUE,KYBQSZ	;buffer circular key queue 
                                 
                                ; 
                                ;RS232C variables 
                                ; 
                                	R	MSWSIZ,2D	;/M: value 
                                	R	MSWFLG,1D	;/M: exists flag 
                                	R	CSWSIZ,2D	;/C: value 
                                	R	CSWFLG,1D	;/C: exists flag 
                                	R	NEWDS,2D	;New DS: 
                                	R	COMDSC,18D	;buffer used to communicate RS232
				 requests to OS 
                                	R	CM1DCB,24D*NMCOMT	;COM1 device control block
				 (24 bytes per device) 
                                	R	LSTIOB,1	;Contains Last RS232 unit accessed 
				(0..15) 
                                				;2 bytes (width, position) 
                                				;2 bytes (width, position) 
                                ; 
                                ; RAM USED FOR EVENT TRAPPING 
                                ; 
                                	R	TRPTBL,3*NUMTRP	;trap table - see GWSTS 
                                	R	ONGSBF,1	;see NEWSTT 
                                	R	SOFTKY,1	;used by key trapping in GWSTS 
                                	R	F_SUPR,1	; Flag - non-zero =  super shift ex
				pansion 
                                 
 0248                           DSEG	ENDS 
                                	END 

Microsoft (R) Macro Assembler  Version 4.00                 7/13/20 11:38:31

GWRAM - GW BASIC OEM Independent RAM Declarations           Symbols-1
                                                             

Macros:

		N a m e			Lines

ACRLF  . . . . . . . . . . . . .  	   2
ADR  . . . . . . . . . . . . . .  	   1
CALLOS . . . . . . . . . . . . .  	   1
CHRGET . . . . . . . . . . . . .  	   1
COMPAR . . . . . . . . . . . . .  	   2
DC . . . . . . . . . . . . . . .  	   6
DJNZ . . . . . . . . . . . . . .  	   2
FSIGN  . . . . . . . . . . . . .  	   1
GETYPE . . . . . . . . . . . . .  	   1
INS86  . . . . . . . . . . . . .  	  13
INST . . . . . . . . . . . . . .  	   1
LDDR . . . . . . . . . . . . . .  	   8
LDIR . . . . . . . . . . . . . .  	   8
MOVRI  . . . . . . . . . . . . .  	   6
OUTCHR . . . . . . . . . . . . .  	   1
PDIRAM . . . . . . . . . . . . .  	  17
PDURAM . . . . . . . . . . . . .  	  24
POPR . . . . . . . . . . . . . .  	   2
PUSHM  . . . . . . . . . . . . .  	   5
PUSHR  . . . . . . . . . . . . .  	   2
R  . . . . . . . . . . . . . . .  	  11
R1 . . . . . . . . . . . . . . .  	   9
RINIT  . . . . . . . . . . . . .  	   4
ROFFST . . . . . . . . . . . . .  	   2
SYNCHK . . . . . . . . . . . . .  	   2

Segments and Groups:

                N a m e         	Size	Align	Combine Class

CSEG . . . . . . . . . . . . . .  	004D	PARA	PUBLIC	'CODESG'
DSEG . . . . . . . . . . . . . .  	0248	PARA	PUBLIC	'DATASG'

Symbols:            

                N a m e         	Type	Value	Attr         

ACTPAG . . . . . . . . . . . . .  	L WORD 	00A7	DSEG	Global
ALTAIR . . . . . . . . . . . . .  	Number	0000	
ANSI . . . . . . . . . . . . . .  	Number	0001	
ASCBS  . . . . . . . . . . . . .  	Number	0008	
ASCCR  . . . . . . . . . . . . .  	Number	000D	
ASCCTC . . . . . . . . . . . . .  	Number	0003	
ASCCTS . . . . . . . . . . . . .  	Number	0013	
ASCCTZ . . . . . . . . . . . . .  	Number	001A	
ASCESC . . . . . . . . . . . . .  	Number	001B	
ASCLF  . . . . . . . . . . . . .  	Number	000A	
ASCSPC . . . . . . . . . . . . .  	Number	0020	
ASCTAB . . . . . . . . . . . . .  	Number	0009	
ASPECT . . . . . . . . . . . . .  	L WORD 	0117	DSEG	Global
Microsoft (R) Macro Assembler  Version 4.00                 7/13/20 11:38:31

GWRAM - GW BASIC OEM Independent RAM Declarations           Symbols-2
                                                             

ATRBYT . . . . . . . . . . . . .  	L WORD 	010A	DSEG	Global

BASDEB . . . . . . . . . . . . .  	Number	0000	
BEATS  . . . . . . . . . . . . .  	L WORD 	00B6	DSEG	Global
BEEPSW . . . . . . . . . . . . .  	Number	0001	
BINCSW . . . . . . . . . . . . .  	Number	0000	
BINFID . . . . . . . . . . . . .  	Number	00FF	
BLODSW . . . . . . . . . . . . .  	Number	0001	
BSVFID . . . . . . . . . . . . .  	Number	00FD	
BUFLEN . . . . . . . . . . . . .  	Number	00FF	

CASSW  . . . . . . . . . . . . .  	Number	0000	
CENCNT . . . . . . . . . . . . .  	L WORD 	0119	DSEG	Global
CERMSG . . . . . . . . . . . . .  	L NEAR	002A	CSEG	Global
CHSEAT . . . . . . . . . . . . .  	Number	0001	
CLINEF . . . . . . . . . . . . .  	L WORD 	011B	DSEG	Global
CLMWID . . . . . . . . . . . . .  	Number	000E	
CM1DCB . . . . . . . . . . . . .  	L WORD 	01D5	DSEG	Global
CMDOFF . . . . . . . . . . . . .  	L WORD 	00A4	DSEG	Global
CMPUTN . . . . . . . . . . . . .  	Number	0000	
CNPNTS . . . . . . . . . . . . .  	L WORD 	011C	DSEG	Global
COMDSC . . . . . . . . . . . . .  	L WORD 	01C3	DSEG	Global
COMMNT . . . . . . . . . . . . .  	Number	0000	
CONSSW . . . . . . . . . . . . .  	Number	0001	
CONTO  . . . . . . . . . . . . .  	Number	000F	
CONTRO . . . . . . . . . . . . .  	Number	0001	
CPCNT  . . . . . . . . . . . . .  	L WORD 	011F	DSEG	Global
CPCNT8 . . . . . . . . . . . . .  	L WORD 	0121	DSEG	Global
CPLOTF . . . . . . . . . . . . .  	L WORD 	011E	DSEG	Global
CPM  . . . . . . . . . . . . . .  	Number	0001	
CPM110 . . . . . . . . . . . . .  	Number	0000	
CPM2 . . . . . . . . . . . . . .  	Number	0001	
CPM86  . . . . . . . . . . . . .  	Number	0000	
CPMA75 . . . . . . . . . . . . .  	Number	0000	
CPMADD . . . . . . . . . . . . .  	Number	0000	
CPMCON . . . . . . . . . . . . .  	Number	0000	
CPMLIF . . . . . . . . . . . . .  	Number	0000	
CPMMDS . . . . . . . . . . . . .  	Number	0000	
CPMPER . . . . . . . . . . . . .  	Number	0000	
CPMRSH . . . . . . . . . . . . .  	Number	0000	
CPMSBC . . . . . . . . . . . . .  	Number	0000	
CPMSER . . . . . . . . . . . . .  	Number	0000	
CR . . . . . . . . . . . . . . .  	Number	000D	
CRCSUM . . . . . . . . . . . . .  	L WORD 	0123	DSEG	Global
CRONLY . . . . . . . . . . . . .  	Number	0000	
CRTWID . . . . . . . . . . . . .  	L WORD 	00C4	DSEG	Global
CSAVEA . . . . . . . . . . . . .  	L WORD 	0128	DSEG	Global
CSAVEM . . . . . . . . . . . . .  	L WORD 	012A	DSEG	Global
CSCLXY . . . . . . . . . . . . .  	L WORD 	0127	DSEG	Global
CSRX . . . . . . . . . . . . . .  	L WORD 	0105	DSEG	Global
CSRY . . . . . . . . . . . . . .  	L WORD 	0104	DSEG	Global
CSTCNT . . . . . . . . . . . . .  	L WORD 	0125	DSEG	Global
CSWFLG . . . . . . . . . . . . .  	L WORD 	01C0	DSEG	Global
CSWSIZ . . . . . . . . . . . . .  	L WORD 	01BE	DSEG	Global
Microsoft (R) Macro Assembler  Version 4.00                 7/13/20 11:38:31

GWRAM - GW BASIC OEM Independent RAM Declarations           Symbols-3
                                                             

CXOFF  . . . . . . . . . . . . .  	L WORD 	012B	DSEG	Global
CYOFF  . . . . . . . . . . . . .  	L WORD 	012D	DSEG	Global

DATPSC . . . . . . . . . . . . .  	Number	0080	
DBLCHR . . . . . . . . . . . . .  	Number	0000	
DBLTRN . . . . . . . . . . . . .  	Number	0000	
DEBUG  . . . . . . . . . . . . .  	Text  		
DISK . . . . . . . . . . . . . .  	Number	0001	
DIST . . . . . . . . . . . . . .  	Number	0000	
DMC  . . . . . . . . . . . . . .  	Number	0000	
DOS  . . . . . . . . . . . . . .  	Number	0000	
DRVPOS . . . . . . . . . . . . .  	Number	0000	
DRWANG . . . . . . . . . . . . .  	L WORD 	00AF	DSEG	Global
DRWFLG . . . . . . . . . . . . .  	L WORD 	00AE	DSEG	Global
DRWSCL . . . . . . . . . . . . .  	L WORD 	00AD	DSEG	Global
DUPONT . . . . . . . . . . . . .  	Number	0000	
DYNCOM . . . . . . . . . . . . .  	Number	0001	

EDIT80 . . . . . . . . . . . . .  	Number	0000	
ENDTAB . . . . . . . . . . . . .  	L WORD 	00A4	DSEG	Global
ESCCTL . . . . . . . . . . . . .  	Number	0000	
ESCFLG . . . . . . . . . . . . .  	L WORD 	0002	DSEG	Global
EXIDY  . . . . . . . . . . . . .  	Number	0000	

FAST . . . . . . . . . . . . . .  	Number	0001	
FILOPT . . . . . . . . . . . . .  	L WORD 	0147	DSEG	Global
FIVDSK . . . . . . . . . . . . .  	Number	0001	
FIVEO  . . . . . . . . . . . . .  	Number	0001	
FIVLPT . . . . . . . . . . . . .  	Number	0001	
FIVMEM . . . . . . . . . . . . .  	Number	0001	
FKCNUM . . . . . . . . . . . . .  	L WORD 	00A6	DSEG	Global
FKEYON . . . . . . . . . . . . .  	Number	0001	
FOPTSZ . . . . . . . . . . . . .  	Number	0040		Global
FPDVAR . . . . . . . . . . . . .  	WORD 	00C0	DSEG	Global
FREFLG . . . . . . . . . . . . .  	L WORD 	0000	DSEG	Global
FSTCOL . . . . . . . . . . . . .  	L WORD 	0101	DSEG	Global
FSTLIN . . . . . . . . . . . . .  	L WORD 	0100	DSEG	Global
F_CRET . . . . . . . . . . . . .  	L WORD 	00AA	DSEG	Global
F_EDIT . . . . . . . . . . . . .  	L WORD 	00AC	DSEG	Global
F_EDPG . . . . . . . . . . . . .  	L WORD 	00A8	DSEG	Global
F_INST . . . . . . . . . . . . .  	L WORD 	00AB	DSEG	Global
F_SUPR . . . . . . . . . . . . .  	L WORD 	0247	DSEG	Global

GENBIN . . . . . . . . . . . . .  	Number	0001	
GENDSK . . . . . . . . . . . . .  	Number	0000	
GENIO  . . . . . . . . . . . . .  	Number	0001	
GESBC  . . . . . . . . . . . . .  	Number	0000	
GIO86  . . . . . . . . . . . . .  	Number	0001	
GRPACX . . . . . . . . . . . . .  	L WORD 	0106	DSEG	Global
GRPACY . . . . . . . . . . . . .  	L WORD 	0108	DSEG	Global
GRPMCL . . . . . . . . . . . . .  	Number	0001	
GW . . . . . . . . . . . . . . .  	Number	0001	
GWCASS . . . . . . . . . . . . .  	Number	0000	
GWDBUG . . . . . . . . . . . . .  	Number	0000	
Microsoft (R) Macro Assembler  Version 4.00                 7/13/20 11:38:31

GWRAM - GW BASIC OEM Independent RAM Declarations           Symbols-4
                                                             

GXPOS  . . . . . . . . . . . . .  	L WORD 	010B	DSEG	Global
GYPOS  . . . . . . . . . . . . .  	L WORD 	010D	DSEG	Global
G_BIN  . . . . . . . . . . . . .  	Number	001A	
G_BOT  . . . . . . . . . . . . .  	Number	001C	
G_CLS  . . . . . . . . . . . . .  	Number	0006	
G_EOF  . . . . . . . . . . . . .  	Number	0000	
G_GCW  . . . . . . . . . . . . .  	Number	0018	
G_GPS  . . . . . . . . . . . . .  	Number	0012	
G_GWD  . . . . . . . . . . . . .  	Number	0014	
G_LOC  . . . . . . . . . . . . .  	Number	0002	
G_LOF  . . . . . . . . . . . . .  	Number	0004	
G_OPN  . . . . . . . . . . . . .  	Number	000C	
G_RND  . . . . . . . . . . . . .  	Number	000A	
G_SCW  . . . . . . . . . . . . .  	Number	0016	
G_SIN  . . . . . . . . . . . . .  	Number	000E	
G_SOT  . . . . . . . . . . . . .  	Number	0010	
G_SWD  . . . . . . . . . . . . .  	Number	0008	

HEATH  . . . . . . . . . . . . .  	Number	0000	
HEDING . . . . . . . . . . . . .  	L NEAR	0000	CSEG	Global
HEXOCT . . . . . . . . . . . . .  	Number	0001	
HGHBIT . . . . . . . . . . . . .  	Number	0001	

I8086  . . . . . . . . . . . . .  	Number	0001	
I8251  . . . . . . . . . . . . .  	Number	0000	
IBMLIK . . . . . . . . . . . . .  	Number	0001	
IBMTOK . . . . . . . . . . . . .  	Number	0001	
INITFG . . . . . . . . . . . . .  	L WORD 	0001	DSEG	Global
INKEYF . . . . . . . . . . . . .  	Number	0001	
INLADD . . . . . . . . . . . . .  	Number	0000	
INSTSW . . . . . . . . . . . . .  	Number	0000	
INTEL  . . . . . . . . . . . . .  	Number	0000	
INTFHW . . . . . . . . . . . . .  	Number	0000	
INTFSW . . . . . . . . . . . . .  	Number	0000	
INTLEC . . . . . . . . . . . . .  	Number	0000	
INTROM . . . . . . . . . . . . .  	Number	0000	
ISC  . . . . . . . . . . . . . .  	Number	0000	
ISIS . . . . . . . . . . . . . .  	Number	0000	

JISKTN . . . . . . . . . . . . .  	Number	0000	

KANABS . . . . . . . . . . . . .  	Number	0000	
KANJFN . . . . . . . . . . . . .  	Number	0000	
KEYSTA . . . . . . . . . . . . .  	Number	0000	
KEYSW  . . . . . . . . . . . . .  	L WORD 	00C1	DSEG	Global
KILLER . . . . . . . . . . . . .  	Number	0000	
KYBQDS . . . . . . . . . . . . .  	L WORD 	0193	DSEG	Global
KYBQSZ . . . . . . . . . . . . .  	Number	0020		Global
KYBQUE . . . . . . . . . . . . .  	L WORD 	019B	DSEG	Global

LABKEY . . . . . . . . . . . . .  	Number	0001	
LEN2 . . . . . . . . . . . . . .  	Number	0001	
LEN3 . . . . . . . . . . . . . .  	Number	0001	
LENGTH . . . . . . . . . . . . .  	Number	0002	
Microsoft (R) Macro Assembler  Version 4.00                 7/13/20 11:38:31

GWRAM - GW BASIC OEM Independent RAM Declarations           Symbols-5
                                                             

LFPROG . . . . . . . . . . . . .  	L WORD 	0135	DSEG	Global
LINCNT . . . . . . . . . . . . .  	L WORD 	00C3	DSEG	Global
LINLEN . . . . . . . . . . . . .  	L WORD 	00C2	DSEG	Global
LINLN  . . . . . . . . . . . . .  	Number	0050	
LINTTB . . . . . . . . . . . . .  	L WORD 	00CA	DSEG	Global
LISTEN . . . . . . . . . . . . .  	Number	0001	
LNGVAR . . . . . . . . . . . . .  	Number	0001	
LOHADR . . . . . . . . . . . . .  	L WORD 	0131	DSEG	Global
LOHCNT . . . . . . . . . . . . .  	L WORD 	0133	DSEG	Global
LOHDIR . . . . . . . . . . . . .  	L WORD 	0130	DSEG	Global
LOHMSK . . . . . . . . . . . . .  	L WORD 	012F	DSEG	Global
LOKHED . . . . . . . . . . . . .  	Number	0000	
LONGI  . . . . . . . . . . . . .  	Number	0000	
LP1DCB . . . . . . . . . . . . .  	L WORD 	0187	DSEG	Global
LPDVAR . . . . . . . . . . . . .  	L WORD 	0106	DSEG	Global
LPT3 . . . . . . . . . . . . . .  	Number	0000	
LPTLEN . . . . . . . . . . . . .  	Number	0084	
LPTSW  . . . . . . . . . . . . .  	Number	0001	
LSTCOL . . . . . . . . . . . . .  	L WORD 	0103	DSEG	Global
LSTIOB . . . . . . . . . . . . .  	L WORD 	0205	DSEG	Global
LSTLIN . . . . . . . . . . . . .  	L WORD 	0102	DSEG	Global

MAXDEL . . . . . . . . . . . . .  	L WORD 	0113	DSEG	Global
MAXUPD . . . . . . . . . . . . .  	L WORD 	010E	DSEG	Global
MCLLEN . . . . . . . . . . . . .  	L WORD 	00B2	DSEG	Global
MCLPTR . . . . . . . . . . . . .  	L WORD 	00B0	DSEG	Global
MCLTAB . . . . . . . . . . . . .  	L WORD 	00B3	DSEG	Global
MDS  . . . . . . . . . . . . . .  	Number	0000	
MDSISS . . . . . . . . . . . . .  	Number	0000	
MEMIMG . . . . . . . . . . . . .  	Number	0001	
MINDEL . . . . . . . . . . . . .  	L WORD 	0115	DSEG	Global
MINUPD . . . . . . . . . . . . .  	L WORD 	0110	DSEG	Global
MMODE  . . . . . . . . . . . . .  	L WORD 	00BA	DSEG	Global
MOSTEK . . . . . . . . . . . . .  	Number	0000	
MOVCNT . . . . . . . . . . . . .  	L WORD 	0139	DSEG	Global
MOVDAT . . . . . . . . . . . . .  	L WORD 	0000	DSEG	Global
MSCALE . . . . . . . . . . . . .  	L WORD 	00B9	DSEG	Global
MSWFLG . . . . . . . . . . . . .  	L WORD 	01BD	DSEG	Global
MSWSIZ . . . . . . . . . . . . .  	L WORD 	01BB	DSEG	Global
MULSEG . . . . . . . . . . . . .  	Number	0001	
MUSIC  . . . . . . . . . . . . .  	Number	0001	

NAMLEN . . . . . . . . . . . . .  	Number	0028	
NASCOM . . . . . . . . . . . . .  	Number	0000	
NATROM . . . . . . . . . . . . .  	Number	0000	
NBANKS . . . . . . . . . . . . .  	Number	0001	
NCRBAS . . . . . . . . . . . . .  	Number	0000	
NCRCAS . . . . . . . . . . . . .  	Number	0000	
NCRDEB . . . . . . . . . . . . .  	Number	0000	
NCRELS . . . . . . . . . . . . .  	Number	0000	
NCRLPT . . . . . . . . . . . . .  	Number	0001	
NECBAS . . . . . . . . . . . . .  	Number	0000	
NEWDS  . . . . . . . . . . . . .  	L WORD 	01C1	DSEG	Global
NMCOMT . . . . . . . . . . . . .  	Number	0002	
Microsoft (R) Macro Assembler  Version 4.00                 7/13/20 11:38:31

GWRAM - GW BASIC OEM Independent RAM Declarations           Symbols-6
                                                             

NMKEYF . . . . . . . . . . . . .  	Number	000A	
NMKEYT . . . . . . . . . . . . .  	Number	000E	
NMLINE . . . . . . . . . . . . .  	Number	0019	
NMLPT  . . . . . . . . . . . . .  	Number	0003	
NMPAGE . . . . . . . . . . . . .  	Number	0001	
NMPENT . . . . . . . . . . . . .  	Number	0001	
NMSTRT . . . . . . . . . . . . .  	Number	0004	
NOATDL . . . . . . . . . . . . .  	Number	0000	
NOCTLA . . . . . . . . . . . . .  	Number	0000	
NODOT  . . . . . . . . . . . . .  	Number	0000	
NOEDIT . . . . . . . . . . . . .  	Number	0000	
NOIOS  . . . . . . . . . . . . .  	Number	0000	
NONULL . . . . . . . . . . . . .  	Number	0000	
NOPEKS . . . . . . . . . . . . .  	Number	0000	
NOROMP . . . . . . . . . . . . .  	Number	0000	
NORUBT . . . . . . . . . . . . .  	Number	0000	
NOTE1L . . . . . . . . . . . . .  	L WORD 	00B8	DSEG	Global
NOTELN . . . . . . . . . . . . .  	L WORD 	00B7	DSEG	Global
NOUSR  . . . . . . . . . . . . .  	Number	0000	
NOVARP . . . . . . . . . . . . .  	Number	0000	
NUMLEV . . . . . . . . . . . . .  	Number	006E	
NUMTMP . . . . . . . . . . . . .  	Number	000A	
NUMTRP . . . . . . . . . . . . .  	Number	0015	

OCTAVE . . . . . . . . . . . . .  	L WORD 	00B5	DSEG	Global
OEMRAM . . . . . . . . . . . . .  	Number	0000	
ONGSBF . . . . . . . . . . . . .  	L WORD 	0245	DSEG	Global
ONTEL  . . . . . . . . . . . . .  	Number	0000	

PALSIZ . . . . . . . . . . . . .  	Number	0000	
PANBAS . . . . . . . . . . . . .  	Number	0000	
PCS  . . . . . . . . . . . . . .  	Number	0000	
PDIDS1 . . . . . . . . . . . . .  	L WORD 	00C0	DSEG	Global
PDIREC . . . . . . . . . . . . .  	L WORD 	013B	DSEG	Global
PLAYSW . . . . . . . . . . . . .  	Number	0001	
PROFID . . . . . . . . . . . . .  	Number	00FE	
PSNLEN . . . . . . . . . . . . .  	L WORD 	0141	DSEG	Global
PURE . . . . . . . . . . . . . .  	Number	0001	
PUTFLG . . . . . . . . . . . . .  	L WORD 	013C	DSEG	Global

Q  . . . . . . . . . . . . . . .  	Number	0247	
QDS  . . . . . . . . . . . . . .  	Number	0248	
QQ . . . . . . . . . . . . . . .  	Number	0000	
QUEINP . . . . . . . . . . . . .  	L WORD 	013D	DSEG	Global
QUELEN . . . . . . . . . . . . .  	L WORD 	0143	DSEG	Global
QUEOUT . . . . . . . . . . . . .  	L WORD 	013F	DSEG	Global
QUEUE  . . . . . . . . . . . . .  	Number	0001	
QUOTE  . . . . . . . . . . . . .  	Number	0022	

REALIO . . . . . . . . . . . . .  	Number	0001	
RMX  . . . . . . . . . . . . . .  	Number	0000	
RSHACK . . . . . . . . . . . . .  	Number	0000	
RSTLES . . . . . . . . . . . . .  	Number	0001	
RTPROG . . . . . . . . . . . . .  	L WORD 	0136	DSEG	Global
Microsoft (R) Macro Assembler  Version 4.00                 7/13/20 11:38:31

GWRAM - GW BASIC OEM Independent RAM Declarations           Symbols-7
                                                             


SAVLEN . . . . . . . . . . . . .  	L WORD 	0145	DSEG	Global
SBC  . . . . . . . . . . . . . .  	Number	0000	
SBC86  . . . . . . . . . . . . .  	Number	0000	
SCP  . . . . . . . . . . . . . .  	Number	0001	
SCRN86 . . . . . . . . . . . . .  	Number	0001	
SCRNIO . . . . . . . . . . . . .  	Number	0001	
SCROLT . . . . . . . . . . . . .  	Number	0001	
SEMFLG . . . . . . . . . . . . .  	L WORD 	00A9	DSEG	Global
SGSATS . . . . . . . . . . . . .  	Number	0000	
SHORTJ . . . . . . . . . . . . .  	Number	0001	
SHTCHN . . . . . . . . . . . . .  	Number	0000	
SHTERR . . . . . . . . . . . . .  	Number	0000	
SHTINS . . . . . . . . . . . . .  	Number	0000	
SHTLHM . . . . . . . . . . . . .  	Number	0000	
SHTLIN . . . . . . . . . . . . .  	Number	0000	
SHTPRO . . . . . . . . . . . . .  	Number	0000	
SHTREN . . . . . . . . . . . . .  	Number	0000	
SIXDIG . . . . . . . . . . . . .  	Number	0000	
SKPCNT . . . . . . . . . . . . .  	L WORD 	0137	DSEG	Global
SMALL  . . . . . . . . . . . . .  	Number	0000	
SNDBAS . . . . . . . . . . . . .  	L WORD 	00BC	DSEG	Global
SNDOUT . . . . . . . . . . . . .  	L WORD 	00BE	DSEG	Global
SNDTIC . . . . . . . . . . . . .  	L WORD 	00BB	DSEG	Global
SOFTKY . . . . . . . . . . . . .  	L WORD 	0246	DSEG	Global
SPCDSK . . . . . . . . . . . . .  	Number	0000	
SPCNDS . . . . . . . . . . . . .  	Number	0000	
STRING . . . . . . . . . . . . .  	Number	0001	
STRSIZ . . . . . . . . . . . . .  	Number	0003	
STRTAB . . . . . . . . . . . . .  	L WORD 	0004	DSEG	Global
SUPRSH . . . . . . . . . . . . .  	Number	0001	
SWAPSW . . . . . . . . . . . . .  	Number	0001	

TEK  . . . . . . . . . . . . . .  	Number	0000	
TIMSHR . . . . . . . . . . . . .  	Number	0000	
TRMCUR . . . . . . . . . . . . .  	L WORD 	00FE	DSEG	Global
TRNCHR . . . . . . . . . . . . .  	Number	0000	
TRPTBL . . . . . . . . . . . . .  	L WORD 	0206	DSEG	Global
TRSER2 . . . . . . . . . . . . .  	Number	0000	
TRUANS . . . . . . . . . . . . .  	Number	0000	
TRUROM . . . . . . . . . . . . .  	Number	0001	
TSDISK . . . . . . . . . . . . .  	Number	0000	
TSLPT  . . . . . . . . . . . . .  	Number	0000	
TWOBYT . . . . . . . . . . . . .  	L WORD 	0003	DSEG	Global

WDOBOT . . . . . . . . . . . . .  	L WORD 	00C6	DSEG	Global
WDOLFT . . . . . . . . . . . . .  	L WORD 	00C7	DSEG	Global
WDORGT . . . . . . . . . . . . .  	L WORD 	00C8	DSEG	Global
WDOTOP . . . . . . . . . . . . .  	L WORD 	00C5	DSEG	Global
WDTFLG . . . . . . . . . . . . .  	L WORD 	00C9	DSEG	Global

XTNSYS . . . . . . . . . . . . .  	Number	0000	

Z80  . . . . . . . . . . . . . .  	Number	0001	
Microsoft (R) Macro Assembler  Version 4.00                 7/13/20 11:38:31

GWRAM - GW BASIC OEM Independent RAM Declarations           Symbols-8
                                                             

Z80MAC . . . . . . . . . . . . .  	Number	0001	

$DATE  . . . . . . . . . . . . .  	L NEAR	001E	CSEG	Global
_OFFST . . . . . . . . . . . . .  	Number	001E	


    883 Source  Lines
   1946 Total   Lines
    368 Symbols

  32576 Bytes symbol space free

      0 Warning Errors
      0 Severe  Errors
